<!DOCTYPE html>
<html>
  <head>
    <meta charset="utf-8"/>
    <title id="head-title">test-report.html</title>
      <style type="text/css">body {
  font-family: Helvetica, Arial, sans-serif;
  font-size: 12px;
  /* do not increase min-width as some may use split screens */
  min-width: 800px;
  color: #999;
}

h1 {
  font-size: 24px;
  color: black;
}

h2 {
  font-size: 16px;
  color: black;
}

p {
  color: black;
}

a {
  color: #999;
}

table {
  border-collapse: collapse;
}

/******************************
 * SUMMARY INFORMATION
 ******************************/
#environment td {
  padding: 5px;
  border: 1px solid #e6e6e6;
  vertical-align: top;
}
#environment tr:nth-child(odd) {
  background-color: #f6f6f6;
}
#environment ul {
  margin: 0;
  padding: 0 20px;
}

/******************************
 * TEST RESULT COLORS
 ******************************/
span.passed,
.passed .col-result {
  color: green;
}

span.skipped,
span.xfailed,
span.rerun,
.skipped .col-result,
.xfailed .col-result,
.rerun .col-result {
  color: orange;
}

span.error,
span.failed,
span.xpassed,
.error .col-result,
.failed .col-result,
.xpassed .col-result {
  color: red;
}

.col-links__extra {
  margin-right: 3px;
}

/******************************
 * RESULTS TABLE
 *
 * 1. Table Layout
 * 2. Extra
 * 3. Sorting items
 *
 ******************************/
/*------------------
 * 1. Table Layout
 *------------------*/
#results-table {
  border: 1px solid #e6e6e6;
  color: #999;
  font-size: 12px;
  width: 100%;
}
#results-table th,
#results-table td {
  padding: 5px;
  border: 1px solid #e6e6e6;
  text-align: left;
}
#results-table th {
  font-weight: bold;
}

/*------------------
 * 2. Extra
 *------------------*/
.logwrapper {
  max-height: 230px;
  overflow-y: scroll;
  background-color: #e6e6e6;
}
.logwrapper.expanded {
  max-height: none;
}
.logwrapper.expanded .logexpander:after {
  content: "collapse [-]";
}
.logwrapper .logexpander {
  z-index: 1;
  position: sticky;
  top: 10px;
  width: max-content;
  border: 1px solid;
  border-radius: 3px;
  padding: 5px 7px;
  margin: 10px 0 10px calc(100% - 80px);
  cursor: pointer;
  background-color: #e6e6e6;
}
.logwrapper .logexpander:after {
  content: "expand [+]";
}
.logwrapper .logexpander:hover {
  color: #000;
  border-color: #000;
}
.logwrapper .log {
  min-height: 40px;
  position: relative;
  top: -50px;
  height: calc(100% + 50px);
  border: 1px solid #e6e6e6;
  color: black;
  display: block;
  font-family: "Courier New", Courier, monospace;
  padding: 5px;
  padding-right: 80px;
  white-space: pre-wrap;
}

div.media {
  border: 1px solid #e6e6e6;
  float: right;
  height: 240px;
  margin: 0 5px;
  overflow: hidden;
  width: 320px;
}

.media-container {
  display: grid;
  grid-template-columns: 25px auto 25px;
  align-items: center;
  flex: 1 1;
  overflow: hidden;
  height: 200px;
}

.media-container--fullscreen {
  grid-template-columns: 0px auto 0px;
}

.media-container__nav--right,
.media-container__nav--left {
  text-align: center;
  cursor: pointer;
}

.media-container__viewport {
  cursor: pointer;
  text-align: center;
  height: inherit;
}
.media-container__viewport img,
.media-container__viewport video {
  object-fit: cover;
  width: 100%;
  max-height: 100%;
}

.media__name,
.media__counter {
  display: flex;
  flex-direction: row;
  justify-content: space-around;
  flex: 0 0 25px;
  align-items: center;
}

.collapsible td:not(.col-links) {
  cursor: pointer;
}
.collapsible td:not(.col-links):hover::after {
  color: #bbb;
  font-style: italic;
  cursor: pointer;
}

.col-result {
  width: 130px;
}
.col-result:hover::after {
  content: " (hide details)";
}

.col-result.collapsed:hover::after {
  content: " (show details)";
}

#environment-header h2:hover::after {
  content: " (hide details)";
  color: #bbb;
  font-style: italic;
  cursor: pointer;
  font-size: 12px;
}

#environment-header.collapsed h2:hover::after {
  content: " (show details)";
  color: #bbb;
  font-style: italic;
  cursor: pointer;
  font-size: 12px;
}

/*------------------
 * 3. Sorting items
 *------------------*/
.sortable {
  cursor: pointer;
}
.sortable.desc:after {
  content: " ";
  position: relative;
  left: 5px;
  bottom: -12.5px;
  border: 10px solid #4caf50;
  border-bottom: 0;
  border-left-color: transparent;
  border-right-color: transparent;
}
.sortable.asc:after {
  content: " ";
  position: relative;
  left: 5px;
  bottom: 12.5px;
  border: 10px solid #4caf50;
  border-top: 0;
  border-left-color: transparent;
  border-right-color: transparent;
}

.hidden, .summary__reload__button.hidden {
  display: none;
}

.summary__data {
  flex: 0 0 550px;
}
.summary__reload {
  flex: 1 1;
  display: flex;
  justify-content: center;
}
.summary__reload__button {
  flex: 0 0 300px;
  display: flex;
  color: white;
  font-weight: bold;
  background-color: #4caf50;
  text-align: center;
  justify-content: center;
  align-items: center;
  border-radius: 3px;
  cursor: pointer;
}
.summary__reload__button:hover {
  background-color: #46a049;
}
.summary__spacer {
  flex: 0 0 550px;
}

.controls {
  display: flex;
  justify-content: space-between;
}

.filters,
.collapse {
  display: flex;
  align-items: center;
}
.filters button,
.collapse button {
  color: #999;
  border: none;
  background: none;
  cursor: pointer;
  text-decoration: underline;
}
.filters button:hover,
.collapse button:hover {
  color: #ccc;
}

.filter__label {
  margin-right: 10px;
}

      </style>
    
  </head>
  <body>
    <h1 id="title">test-report.html</h1>
    <p>Report generated on 20-Oct-2025 at 14:36:33 by <a href="https://pypi.python.org/pypi/pytest-html">pytest-html</a>
        v4.1.1</p>
    <div id="environment-header">
      <h2>Environment</h2>
    </div>
    <table id="environment"></table>
    <!-- TEMPLATES -->
      <template id="template_environment_row">
      <tr>
        <td></td>
        <td></td>
      </tr>
    </template>
    <template id="template_results-table__body--empty">
      <tbody class="results-table-row">
        <tr id="not-found-message">
          <td colspan="4">No results found. Check the filters.</th>
        </tr>
    </template>
    <template id="template_results-table__tbody">
      <tbody class="results-table-row">
        <tr class="collapsible">
        </tr>
        <tr class="extras-row">
          <td class="extra" colspan="4">
            <div class="extraHTML"></div>
            <div class="media">
              <div class="media-container">
                  <div class="media-container__nav--left"><</div>
                  <div class="media-container__viewport">
                    <img src="" />
                    <video controls>
                      <source src="" type="video/mp4">
                    </video>
                  </div>
                  <div class="media-container__nav--right">></div>
                </div>
                <div class="media__name"></div>
                <div class="media__counter"></div>
            </div>
            <div class="logwrapper">
              <div class="logexpander"></div>
              <div class="log"></div>
            </div>
          </td>
        </tr>
      </tbody>
    </template>
    <!-- END TEMPLATES -->
    <div class="summary">
      <div class="summary__data">
        <h2>Summary</h2>
        <div class="additional-summary prefix">
        </div>
        <p class="run-count">47 tests took 00:08:05.</p>
        <p class="filter">(Un)check the boxes to filter the results.</p>
        <div class="summary__reload">
          <div class="summary__reload__button hidden" onclick="location.reload()">
            <div>There are still tests running. <br />Reload this page to get the latest results!</div>
          </div>
        </div>
        <div class="summary__spacer"></div>
        <div class="controls">
          <div class="filters">
            <input checked="true" class="filter" name="filter_checkbox" type="checkbox" data-test-result="failed" />
            <span class="failed">6 Failed,</span>
            <input checked="true" class="filter" name="filter_checkbox" type="checkbox" data-test-result="passed" />
            <span class="passed">41 Passed,</span>
            <input checked="true" class="filter" name="filter_checkbox" type="checkbox" data-test-result="skipped" disabled/>
            <span class="skipped">0 Skipped,</span>
            <input checked="true" class="filter" name="filter_checkbox" type="checkbox" data-test-result="xfailed" disabled/>
            <span class="xfailed">0 Expected failures,</span>
            <input checked="true" class="filter" name="filter_checkbox" type="checkbox" data-test-result="xpassed" disabled/>
            <span class="xpassed">0 Unexpected passes,</span>
            <input checked="true" class="filter" name="filter_checkbox" type="checkbox" data-test-result="error" disabled/>
            <span class="error">0 Errors,</span>
            <input checked="true" class="filter" name="filter_checkbox" type="checkbox" data-test-result="rerun" disabled/>
            <span class="rerun">0 Reruns</span>
          </div>
          <div class="collapse">
            <button id="show_all_details">Show all details</button>&nbsp;/&nbsp;<button id="hide_all_details">Hide all details</button>
          </div>
        </div>
      </div>
      <div class="additional-summary summary">
      </div>
      <div class="additional-summary postfix">
      </div>
    </div>
    <table id="results-table">
      <thead id="results-table-head">
        <tr>
          <th class="sortable" data-column-type="result">Result</th>
          <th class="sortable" data-column-type="testId">Test</th>
          <th class="sortable" data-column-type="duration">Duration</th>
          <th>Links</th>
        </tr>
      </thead>
    </table>
  </body>
  <footer>
    <div id="data-container" data-jsonblob="{&#34;environment&#34;: {&#34;Python&#34;: &#34;3.9.24&#34;, &#34;Platform&#34;: &#34;Linux-6.14.0-1012-azure-x86_64-with-glibc2.39&#34;, &#34;Packages&#34;: {&#34;pytest&#34;: &#34;7.4.3&#34;, &#34;pluggy&#34;: &#34;1.6.0&#34;}, &#34;Plugins&#34;: {&#34;metadata&#34;: &#34;3.1.1&#34;, &#34;xdist&#34;: &#34;3.3.1&#34;, &#34;rerunfailures&#34;: &#34;12.0&#34;, &#34;allure-pytest&#34;: &#34;2.13.2&#34;, &#34;Faker&#34;: &#34;19.12.0&#34;, &#34;html&#34;: &#34;4.1.1&#34;}, &#34;CI&#34;: &#34;true&#34;, &#34;JAVA_HOME&#34;: &#34;/usr/lib/jvm/temurin-17-jdk-amd64&#34;}, &#34;tests&#34;: {&#34;selenium_demoblaze_framework/tests/test_demoblaze_e2e.py::TestDemoBlazeE2E::test_01_browser_windows_and_tabs&#34;: [{&#34;extras&#34;: [], &#34;result&#34;: &#34;Passed&#34;, &#34;testId&#34;: &#34;selenium_demoblaze_framework/tests/test_demoblaze_e2e.py::TestDemoBlazeE2E::test_01_browser_windows_and_tabs&#34;, &#34;duration&#34;: &#34;00:00:09&#34;, &#34;resultsTableRow&#34;: [&#34;&lt;td class=\&#34;col-result\&#34;&gt;Passed&lt;/td&gt;&#34;, &#34;&lt;td class=\&#34;col-testId\&#34;&gt;selenium_demoblaze_framework/tests/test_demoblaze_e2e.py::TestDemoBlazeE2E::test_01_browser_windows_and_tabs&lt;/td&gt;&#34;, &#34;&lt;td class=\&#34;col-duration\&#34;&gt;00:00:09&lt;/td&gt;&#34;, &#34;&lt;td class=\&#34;col-links\&#34;&gt;&lt;/td&gt;&#34;], &#34;log&#34;: &#34;---------------------------- Captured stderr setup -----------------------------\n2025-10-20 14:28:27 - TestDemoBlazeE2E - INFO - setup_and_teardown - ==================================================\n2025-10-20 14:28:27 - TestDemoBlazeE2E - INFO - setup_and_teardown - Starting new test\n2025-10-20 14:28:34 - TestDemoBlazeE2E - INFO - setup_and_teardown - Navigated to DemoBlaze website\n\n------------------------------ Captured log setup ------------------------------\nINFO     TestDemoBlazeE2E:test_demoblaze_e2e.py:40 ==================================================\nINFO     TestDemoBlazeE2E:test_demoblaze_e2e.py:41 Starting new test\nINFO     TestDemoBlazeE2E:test_demoblaze_e2e.py:61 Navigated to DemoBlaze website\n\n----------------------------- Captured stderr call -----------------------------\n2025-10-20 14:28:34 - TestDemoBlazeE2E - INFO - test_01_browser_windows_and_tabs - Testing browser windows and tabs\n2025-10-20 14:28:34 - TestDemoBlazeE2E - INFO - test_01_browser_windows_and_tabs - Main window handle: CA7E958324BAFB7CD5603FCD97D93A61\n2025-10-20 14:28:36 - TestDemoBlazeE2E - INFO - test_01_browser_windows_and_tabs - Total windows: 2\n2025-10-20 14:28:36 - TestDemoBlazeE2E - INFO - switch_to_window - Switched to window: 51BFE7BF0B3534596A9C0C7FEF65E992\n2025-10-20 14:28:36 - TestDemoBlazeE2E - INFO - test_01_browser_windows_and_tabs - Switched to window: 51BFE7BF0B3534596A9C0C7FEF65E992\n2025-10-20 14:28:36 - TestDemoBlazeE2E - INFO - switch_to_window - Switched to window: CA7E958324BAFB7CD5603FCD97D93A61\n\n------------------------------ Captured log call -------------------------------\nINFO     TestDemoBlazeE2E:test_demoblaze_e2e.py:76 Testing browser windows and tabs\nINFO     TestDemoBlazeE2E:test_demoblaze_e2e.py:80 Main window handle: CA7E958324BAFB7CD5603FCD97D93A61\nINFO     TestDemoBlazeE2E:test_demoblaze_e2e.py:88 Total windows: 2\nINFO     TestDemoBlazeE2E:base_page.py:243 Switched to window: 51BFE7BF0B3534596A9C0C7FEF65E992\nINFO     TestDemoBlazeE2E:test_demoblaze_e2e.py:94 Switched to window: 51BFE7BF0B3534596A9C0C7FEF65E992\nINFO     TestDemoBlazeE2E:base_page.py:243 Switched to window: CA7E958324BAFB7CD5603FCD97D93A61\n\n--------------------------- Captured stderr teardown ---------------------------\n2025-10-20 14:28:36 - TestDemoBlazeE2E - INFO - setup_and_teardown - Test completed\n2025-10-20 14:28:36 - TestDemoBlazeE2E - INFO - setup_and_teardown - ==================================================\n\n---------------------------- Captured log teardown -----------------------------\nINFO     TestDemoBlazeE2E:test_demoblaze_e2e.py:66 Test completed\nINFO     TestDemoBlazeE2E:test_demoblaze_e2e.py:67 ==================================================&#34;}], &#34;selenium_demoblaze_framework/tests/test_demoblaze_e2e.py::TestDemoBlazeE2E::test_02_mouse_operations&#34;: [{&#34;extras&#34;: [], &#34;result&#34;: &#34;Passed&#34;, &#34;testId&#34;: &#34;selenium_demoblaze_framework/tests/test_demoblaze_e2e.py::TestDemoBlazeE2E::test_02_mouse_operations&#34;, &#34;duration&#34;: &#34;00:00:14&#34;, &#34;resultsTableRow&#34;: [&#34;&lt;td class=\&#34;col-result\&#34;&gt;Passed&lt;/td&gt;&#34;, &#34;&lt;td class=\&#34;col-testId\&#34;&gt;selenium_demoblaze_framework/tests/test_demoblaze_e2e.py::TestDemoBlazeE2E::test_02_mouse_operations&lt;/td&gt;&#34;, &#34;&lt;td class=\&#34;col-duration\&#34;&gt;00:00:14&lt;/td&gt;&#34;, &#34;&lt;td class=\&#34;col-links\&#34;&gt;&lt;/td&gt;&#34;], &#34;log&#34;: &#34;---------------------------- Captured stderr setup -----------------------------\n2025-10-20 14:28:36 - TestDemoBlazeE2E - INFO - setup_and_teardown - ==================================================\n2025-10-20 14:28:36 - TestDemoBlazeE2E - INFO - setup_and_teardown - Starting new test\n2025-10-20 14:28:37 - TestDemoBlazeE2E - INFO - setup_and_teardown - Navigated to DemoBlaze website\n\n------------------------------ Captured log setup ------------------------------\nINFO     TestDemoBlazeE2E:test_demoblaze_e2e.py:40 ==================================================\nINFO     TestDemoBlazeE2E:test_demoblaze_e2e.py:41 Starting new test\nINFO     TestDemoBlazeE2E:test_demoblaze_e2e.py:61 Navigated to DemoBlaze website\n\n----------------------------- Captured stderr call -----------------------------\n2025-10-20 14:28:37 - TestDemoBlazeE2E - INFO - test_02_mouse_operations - Testing mouse operations on DemoBlaze\n2025-10-20 14:28:37 - TestDemoBlazeE2E - INFO - test_02_mouse_operations - Hovering over: Home\n2025-10-20 14:28:39 - TestDemoBlazeE2E - INFO - test_02_mouse_operations - Hovered over &amp;#x27;Home&amp;#x27; \u2014 color should be blue now\n2025-10-20 14:28:39 - TestDemoBlazeE2E - INFO - test_02_mouse_operations - Hovering over: Contact\n2025-10-20 14:28:40 - TestDemoBlazeE2E - INFO - test_02_mouse_operations - Hovered over &amp;#x27;Contact&amp;#x27; \u2014 color should be blue now\n2025-10-20 14:28:40 - TestDemoBlazeE2E - INFO - test_02_mouse_operations - Hovering over: About us\n2025-10-20 14:28:41 - TestDemoBlazeE2E - INFO - test_02_mouse_operations - Hovered over &amp;#x27;About us&amp;#x27; \u2014 color should be blue now\n2025-10-20 14:28:41 - TestDemoBlazeE2E - INFO - test_02_mouse_operations - Hovering over: Cart\n2025-10-20 14:28:43 - TestDemoBlazeE2E - INFO - test_02_mouse_operations - Hovered over &amp;#x27;Cart&amp;#x27; \u2014 color should be blue now\n2025-10-20 14:28:43 - TestDemoBlazeE2E - INFO - test_02_mouse_operations - Hovering over: Log in\n2025-10-20 14:28:44 - TestDemoBlazeE2E - INFO - test_02_mouse_operations - Hovered over &amp;#x27;Log in&amp;#x27; \u2014 color should be blue now\n2025-10-20 14:28:44 - TestDemoBlazeE2E - INFO - test_02_mouse_operations - Hovering over: Sign up\n2025-10-20 14:28:46 - TestDemoBlazeE2E - INFO - test_02_mouse_operations - Hovered over &amp;#x27;Sign up&amp;#x27; \u2014 color should be blue now\n2025-10-20 14:28:46 - TestDemoBlazeE2E - INFO - test_02_mouse_operations - Performing right-click on logo\n2025-10-20 14:28:47 - TestDemoBlazeE2E - INFO - test_02_mouse_operations - Right-click performed and canceled\n2025-10-20 14:28:47 - TestDemoBlazeE2E - INFO - test_02_mouse_operations - Double-clicking first product title\n2025-10-20 14:28:50 - TestDemoBlazeE2E - INFO - test_02_mouse_operations - Double-clicked first product title \u2014 page should have changed\n2025-10-20 14:28:50 - TestDemoBlazeE2E - INFO - test_02_mouse_operations - All mouse operations completed successfully\n\n------------------------------ Captured log call -------------------------------\nINFO     TestDemoBlazeE2E:test_demoblaze_e2e.py:107 Testing mouse operations on DemoBlaze\nINFO     TestDemoBlazeE2E:test_demoblaze_e2e.py:129 Hovering over: Home\nINFO     TestDemoBlazeE2E:test_demoblaze_e2e.py:134 Hovered over &amp;#x27;Home&amp;#x27; \u2014 color should be blue now\nINFO     TestDemoBlazeE2E:test_demoblaze_e2e.py:129 Hovering over: Contact\nINFO     TestDemoBlazeE2E:test_demoblaze_e2e.py:134 Hovered over &amp;#x27;Contact&amp;#x27; \u2014 color should be blue now\nINFO     TestDemoBlazeE2E:test_demoblaze_e2e.py:129 Hovering over: About us\nINFO     TestDemoBlazeE2E:test_demoblaze_e2e.py:134 Hovered over &amp;#x27;About us&amp;#x27; \u2014 color should be blue now\nINFO     TestDemoBlazeE2E:test_demoblaze_e2e.py:129 Hovering over: Cart\nINFO     TestDemoBlazeE2E:test_demoblaze_e2e.py:134 Hovered over &amp;#x27;Cart&amp;#x27; \u2014 color should be blue now\nINFO     TestDemoBlazeE2E:test_demoblaze_e2e.py:129 Hovering over: Log in\nINFO     TestDemoBlazeE2E:test_demoblaze_e2e.py:134 Hovered over &amp;#x27;Log in&amp;#x27; \u2014 color should be blue now\nINFO     TestDemoBlazeE2E:test_demoblaze_e2e.py:129 Hovering over: Sign up\nINFO     TestDemoBlazeE2E:test_demoblaze_e2e.py:134 Hovered over &amp;#x27;Sign up&amp;#x27; \u2014 color should be blue now\nINFO     TestDemoBlazeE2E:test_demoblaze_e2e.py:139 Performing right-click on logo\nINFO     TestDemoBlazeE2E:test_demoblaze_e2e.py:145 Right-click performed and canceled\nINFO     TestDemoBlazeE2E:test_demoblaze_e2e.py:150 Double-clicking first product title\nINFO     TestDemoBlazeE2E:test_demoblaze_e2e.py:165 Double-clicked first product title \u2014 page should have changed\nINFO     TestDemoBlazeE2E:test_demoblaze_e2e.py:169 All mouse operations completed successfully\n\n--------------------------- Captured stderr teardown ---------------------------\n2025-10-20 14:28:50 - TestDemoBlazeE2E - INFO - setup_and_teardown - Test completed\n2025-10-20 14:28:50 - TestDemoBlazeE2E - INFO - setup_and_teardown - ==================================================\n\n---------------------------- Captured log teardown -----------------------------\nINFO     TestDemoBlazeE2E:test_demoblaze_e2e.py:66 Test completed\nINFO     TestDemoBlazeE2E:test_demoblaze_e2e.py:67 ==================================================&#34;}], &#34;selenium_demoblaze_framework/tests/test_demoblaze_e2e.py::TestDemoBlazeE2E::test_03_keyboard_operations&#34;: [{&#34;extras&#34;: [], &#34;result&#34;: &#34;Passed&#34;, &#34;testId&#34;: &#34;selenium_demoblaze_framework/tests/test_demoblaze_e2e.py::TestDemoBlazeE2E::test_03_keyboard_operations&#34;, &#34;duration&#34;: &#34;00:00:07&#34;, &#34;resultsTableRow&#34;: [&#34;&lt;td class=\&#34;col-result\&#34;&gt;Passed&lt;/td&gt;&#34;, &#34;&lt;td class=\&#34;col-testId\&#34;&gt;selenium_demoblaze_framework/tests/test_demoblaze_e2e.py::TestDemoBlazeE2E::test_03_keyboard_operations&lt;/td&gt;&#34;, &#34;&lt;td class=\&#34;col-duration\&#34;&gt;00:00:07&lt;/td&gt;&#34;, &#34;&lt;td class=\&#34;col-links\&#34;&gt;&lt;/td&gt;&#34;], &#34;log&#34;: &#34;---------------------------- Captured stderr setup -----------------------------\n2025-10-20 14:28:50 - TestDemoBlazeE2E - INFO - setup_and_teardown - ==================================================\n2025-10-20 14:28:50 - TestDemoBlazeE2E - INFO - setup_and_teardown - Starting new test\n2025-10-20 14:28:51 - TestDemoBlazeE2E - INFO - setup_and_teardown - Navigated to DemoBlaze website\n\n------------------------------ Captured log setup ------------------------------\nINFO     TestDemoBlazeE2E:test_demoblaze_e2e.py:40 ==================================================\nINFO     TestDemoBlazeE2E:test_demoblaze_e2e.py:41 Starting new test\nINFO     TestDemoBlazeE2E:test_demoblaze_e2e.py:61 Navigated to DemoBlaze website\n\n----------------------------- Captured stderr call -----------------------------\n2025-10-20 14:28:51 - TestDemoBlazeE2E - INFO - test_03_keyboard_operations - Testing keyboard operations\n2025-10-20 14:28:51 - TestDemoBlazeE2E - INFO - click - Clicked element: (&amp;#x27;id&amp;#x27;, &amp;#x27;login2&amp;#x27;)\n2025-10-20 14:28:52 - TestDemoBlazeE2E - INFO - open_login_modal - Opened login modal\n2025-10-20 14:28:53 - TestDemoBlazeE2E - INFO - find_element - Found element: (&amp;#x27;id&amp;#x27;, &amp;#x27;loginusername&amp;#x27;)\n2025-10-20 14:28:54 - TestDemoBlazeE2E - INFO - send_keys_slowly - Sent keys slowly to element (&amp;#x27;id&amp;#x27;, &amp;#x27;loginusername&amp;#x27;): test\n2025-10-20 14:28:54 - TestDemoBlazeE2E - INFO - find_element - Found element: (&amp;#x27;id&amp;#x27;, &amp;#x27;loginusername&amp;#x27;)\n2025-10-20 14:28:55 - TestDemoBlazeE2E - INFO - key_combination - Pressed key combination on element (&amp;#x27;id&amp;#x27;, &amp;#x27;loginusername&amp;#x27;): (&amp;#x27;\\ue009&amp;#x27;, &amp;#x27;a&amp;#x27;)\n2025-10-20 14:28:55 - TestDemoBlazeE2E - INFO - find_element - Found element: (&amp;#x27;id&amp;#x27;, &amp;#x27;loginusername&amp;#x27;)\n2025-10-20 14:28:55 - TestDemoBlazeE2E - INFO - key_combination - Pressed key combination on element (&amp;#x27;id&amp;#x27;, &amp;#x27;loginusername&amp;#x27;): (&amp;#x27;\\ue009&amp;#x27;, &amp;#x27;c&amp;#x27;)\n2025-10-20 14:28:55 - TestDemoBlazeE2E - INFO - find_element - Found element: (&amp;#x27;id&amp;#x27;, &amp;#x27;loginusername&amp;#x27;)\n2025-10-20 14:28:55 - TestDemoBlazeE2E - INFO - press_key - Pressed key \ue004 on element: (&amp;#x27;id&amp;#x27;, &amp;#x27;loginusername&amp;#x27;)\n2025-10-20 14:28:58 - TestDemoBlazeE2E - INFO - test_03_keyboard_operations - Keyboard operations completed\n\n------------------------------ Captured log call -------------------------------\nINFO     TestDemoBlazeE2E:test_demoblaze_e2e.py:175 Testing keyboard operations\nINFO     TestDemoBlazeE2E:base_page.py:61 Clicked element: (&amp;#x27;id&amp;#x27;, &amp;#x27;login2&amp;#x27;)\nINFO     TestDemoBlazeE2E:home_page.py:175 Opened login modal\nINFO     TestDemoBlazeE2E:base_page.py:36 Found element: (&amp;#x27;id&amp;#x27;, &amp;#x27;loginusername&amp;#x27;)\nINFO     TestDemoBlazeE2E:base_page.py:120 Sent keys slowly to element (&amp;#x27;id&amp;#x27;, &amp;#x27;loginusername&amp;#x27;): test\nINFO     TestDemoBlazeE2E:base_page.py:36 Found element: (&amp;#x27;id&amp;#x27;, &amp;#x27;loginusername&amp;#x27;)\nINFO     TestDemoBlazeE2E:base_page.py:139 Pressed key combination on element (&amp;#x27;id&amp;#x27;, &amp;#x27;loginusername&amp;#x27;): (&amp;#x27;\\ue009&amp;#x27;, &amp;#x27;a&amp;#x27;)\nINFO     TestDemoBlazeE2E:base_page.py:36 Found element: (&amp;#x27;id&amp;#x27;, &amp;#x27;loginusername&amp;#x27;)\nINFO     TestDemoBlazeE2E:base_page.py:139 Pressed key combination on element (&amp;#x27;id&amp;#x27;, &amp;#x27;loginusername&amp;#x27;): (&amp;#x27;\\ue009&amp;#x27;, &amp;#x27;c&amp;#x27;)\nINFO     TestDemoBlazeE2E:base_page.py:36 Found element: (&amp;#x27;id&amp;#x27;, &amp;#x27;loginusername&amp;#x27;)\nINFO     TestDemoBlazeE2E:base_page.py:126 Pressed key \ue004 on element: (&amp;#x27;id&amp;#x27;, &amp;#x27;loginusername&amp;#x27;)\nINFO     TestDemoBlazeE2E:test_demoblaze_e2e.py:208 Keyboard operations completed\n\n--------------------------- Captured stderr teardown ---------------------------\n2025-10-20 14:28:58 - TestDemoBlazeE2E - INFO - setup_and_teardown - Test completed\n2025-10-20 14:28:58 - TestDemoBlazeE2E - INFO - setup_and_teardown - ==================================================\n\n---------------------------- Captured log teardown -----------------------------\nINFO     TestDemoBlazeE2E:test_demoblaze_e2e.py:66 Test completed\nINFO     TestDemoBlazeE2E:test_demoblaze_e2e.py:67 ==================================================&#34;}], &#34;selenium_demoblaze_framework/tests/test_demoblaze_e2e.py::TestDemoBlazeE2E::test_04_javascript_execution&#34;: [{&#34;extras&#34;: [], &#34;result&#34;: &#34;Passed&#34;, &#34;testId&#34;: &#34;selenium_demoblaze_framework/tests/test_demoblaze_e2e.py::TestDemoBlazeE2E::test_04_javascript_execution&#34;, &#34;duration&#34;: &#34;00:00:04&#34;, &#34;resultsTableRow&#34;: [&#34;&lt;td class=\&#34;col-result\&#34;&gt;Passed&lt;/td&gt;&#34;, &#34;&lt;td class=\&#34;col-testId\&#34;&gt;selenium_demoblaze_framework/tests/test_demoblaze_e2e.py::TestDemoBlazeE2E::test_04_javascript_execution&lt;/td&gt;&#34;, &#34;&lt;td class=\&#34;col-duration\&#34;&gt;00:00:04&lt;/td&gt;&#34;, &#34;&lt;td class=\&#34;col-links\&#34;&gt;&lt;/td&gt;&#34;], &#34;log&#34;: &#34;---------------------------- Captured stderr setup -----------------------------\n2025-10-20 14:28:58 - TestDemoBlazeE2E - INFO - setup_and_teardown - ==================================================\n2025-10-20 14:28:58 - TestDemoBlazeE2E - INFO - setup_and_teardown - Starting new test\n2025-10-20 14:28:59 - TestDemoBlazeE2E - INFO - setup_and_teardown - Navigated to DemoBlaze website\n\n------------------------------ Captured log setup ------------------------------\nINFO     TestDemoBlazeE2E:test_demoblaze_e2e.py:40 ==================================================\nINFO     TestDemoBlazeE2E:test_demoblaze_e2e.py:41 Starting new test\nINFO     TestDemoBlazeE2E:test_demoblaze_e2e.py:61 Navigated to DemoBlaze website\n\n----------------------------- Captured stderr call -----------------------------\n2025-10-20 14:28:59 - TestDemoBlazeE2E - INFO - test_04_javascript_execution - Testing JavaScript execution\n2025-10-20 14:29:00 - TestDemoBlazeE2E - INFO - test_04_javascript_execution - Page height: 1872\n2025-10-20 14:29:00 - TestDemoBlazeE2E - INFO - find_element - Found element: (&amp;#x27;id&amp;#x27;, &amp;#x27;nava&amp;#x27;)\n2025-10-20 14:29:01 - TestDemoBlazeE2E - INFO - test_04_javascript_execution - Logo text:  PRODUCT STORE\n2025-10-20 14:29:02 - TestDemoBlazeE2E - INFO - test_04_javascript_execution - Async result: Async execution complete\n\n------------------------------ Captured log call -------------------------------\nINFO     TestDemoBlazeE2E:test_demoblaze_e2e.py:214 Testing JavaScript execution\nINFO     TestDemoBlazeE2E:test_demoblaze_e2e.py:220 Page height: 1872\nINFO     TestDemoBlazeE2E:base_page.py:36 Found element: (&amp;#x27;id&amp;#x27;, &amp;#x27;nava&amp;#x27;)\nINFO     TestDemoBlazeE2E:test_demoblaze_e2e.py:227 Logo text:  PRODUCT STORE\nINFO     TestDemoBlazeE2E:test_demoblaze_e2e.py:247 Async result: Async execution complete\n\n--------------------------- Captured stderr teardown ---------------------------\n2025-10-20 14:29:02 - TestDemoBlazeE2E - INFO - setup_and_teardown - Test completed\n2025-10-20 14:29:02 - TestDemoBlazeE2E - INFO - setup_and_teardown - ==================================================\n\n---------------------------- Captured log teardown -----------------------------\nINFO     TestDemoBlazeE2E:test_demoblaze_e2e.py:66 Test completed\nINFO     TestDemoBlazeE2E:test_demoblaze_e2e.py:67 ==================================================&#34;}], &#34;selenium_demoblaze_framework/tests/test_demoblaze_e2e.py::TestDemoBlazeE2E::test_05_alerts_handling&#34;: [{&#34;extras&#34;: [], &#34;result&#34;: &#34;Passed&#34;, &#34;testId&#34;: &#34;selenium_demoblaze_framework/tests/test_demoblaze_e2e.py::TestDemoBlazeE2E::test_05_alerts_handling&#34;, &#34;duration&#34;: &#34;00:00:07&#34;, &#34;resultsTableRow&#34;: [&#34;&lt;td class=\&#34;col-result\&#34;&gt;Passed&lt;/td&gt;&#34;, &#34;&lt;td class=\&#34;col-testId\&#34;&gt;selenium_demoblaze_framework/tests/test_demoblaze_e2e.py::TestDemoBlazeE2E::test_05_alerts_handling&lt;/td&gt;&#34;, &#34;&lt;td class=\&#34;col-duration\&#34;&gt;00:00:07&lt;/td&gt;&#34;, &#34;&lt;td class=\&#34;col-links\&#34;&gt;&lt;/td&gt;&#34;], &#34;log&#34;: &#34;---------------------------- Captured stderr setup -----------------------------\n2025-10-20 14:29:02 - TestDemoBlazeE2E - INFO - setup_and_teardown - ==================================================\n2025-10-20 14:29:02 - TestDemoBlazeE2E - INFO - setup_and_teardown - Starting new test\n2025-10-20 14:29:03 - TestDemoBlazeE2E - INFO - setup_and_teardown - Navigated to DemoBlaze website\n\n------------------------------ Captured log setup ------------------------------\nINFO     TestDemoBlazeE2E:test_demoblaze_e2e.py:40 ==================================================\nINFO     TestDemoBlazeE2E:test_demoblaze_e2e.py:41 Starting new test\nINFO     TestDemoBlazeE2E:test_demoblaze_e2e.py:61 Navigated to DemoBlaze website\n\n----------------------------- Captured stderr call -----------------------------\n2025-10-20 14:29:03 - TestDemoBlazeE2E - INFO - test_05_alerts_handling - Testing alert handling\n2025-10-20 14:29:03 - TestDemoBlazeE2E - INFO - click - Clicked element: (&amp;#x27;xpath&amp;#x27;, &amp;quot;//a[contains(text(),&amp;#x27;Contact&amp;#x27;)]&amp;quot;)\n2025-10-20 14:29:04 - TestDemoBlazeE2E - INFO - open_contact_modal - Opened contact modal\n2025-10-20 14:29:05 - TestDemoBlazeE2E - INFO - send_keys - Sent keys to element (&amp;#x27;id&amp;#x27;, &amp;#x27;recipient-email&amp;#x27;): test@example.com\n2025-10-20 14:29:05 - TestDemoBlazeE2E - INFO - send_keys - Sent keys to element (&amp;#x27;id&amp;#x27;, &amp;#x27;recipient-name&amp;#x27;): Test User\n2025-10-20 14:29:05 - TestDemoBlazeE2E - INFO - send_keys - Sent keys to element (&amp;#x27;id&amp;#x27;, &amp;#x27;message-text&amp;#x27;): Test message\n2025-10-20 14:29:05 - TestDemoBlazeE2E - INFO - fill_contact_form - Filled contact form with email: test@example.com, name: Test User\n2025-10-20 14:29:05 - TestDemoBlazeE2E - INFO - click - Clicked element: (&amp;#x27;xpath&amp;#x27;, &amp;quot;//button[contains(text(),&amp;#x27;Send message&amp;#x27;)]&amp;quot;)\n2025-10-20 14:29:05 - TestDemoBlazeE2E - INFO - send_contact_message - Sent contact message\n2025-10-20 14:29:05 - TestDemoBlazeE2E - INFO - accept_alert - Accepted alert with text: Thanks for the message!!\n2025-10-20 14:29:05 - TestDemoBlazeE2E - INFO - test_05_alerts_handling - Alert handled with text: Thanks for the message!!\n2025-10-20 14:29:06 - TestDemoBlazeE2E - INFO - click - Clicked element: (&amp;#x27;id&amp;#x27;, &amp;#x27;signin2&amp;#x27;)\n2025-10-20 14:29:07 - TestDemoBlazeE2E - INFO - open_signup_modal - Opened signup modal\n2025-10-20 14:29:08 - TestDemoBlazeE2E - INFO - send_keys - Sent keys to element (&amp;#x27;id&amp;#x27;, &amp;#x27;sign-username&amp;#x27;): ne03cpFJ15\n2025-10-20 14:29:08 - TestDemoBlazeE2E - INFO - send_keys - Sent keys to element (&amp;#x27;id&amp;#x27;, &amp;#x27;sign-password&amp;#x27;): Test@123\n2025-10-20 14:29:08 - TestDemoBlazeE2E - INFO - click - Clicked element: (&amp;#x27;xpath&amp;#x27;, &amp;quot;//button[contains(text(),&amp;#x27;Sign up&amp;#x27;)]&amp;quot;)\n2025-10-20 14:29:08 - TestDemoBlazeE2E - INFO - signup - Signed up with username: ne03cpFJ15\n2025-10-20 14:29:08 - TestDemoBlazeE2E - INFO - accept_alert - Accepted alert with text: Sign up successful.\n2025-10-20 14:29:08 - TestDemoBlazeE2E - INFO - test_05_alerts_handling - Signup alert: Sign up successful.\n\n------------------------------ Captured log call -------------------------------\nINFO     TestDemoBlazeE2E:test_demoblaze_e2e.py:253 Testing alert handling\nINFO     TestDemoBlazeE2E:base_page.py:61 Clicked element: (&amp;#x27;xpath&amp;#x27;, &amp;quot;//a[contains(text(),&amp;#x27;Contact&amp;#x27;)]&amp;quot;)\nINFO     TestDemoBlazeE2E:home_page.py:141 Opened contact modal\nINFO     TestDemoBlazeE2E:base_page.py:111 Sent keys to element (&amp;#x27;id&amp;#x27;, &amp;#x27;recipient-email&amp;#x27;): test@example.com\nINFO     TestDemoBlazeE2E:base_page.py:111 Sent keys to element (&amp;#x27;id&amp;#x27;, &amp;#x27;recipient-name&amp;#x27;): Test User\nINFO     TestDemoBlazeE2E:base_page.py:111 Sent keys to element (&amp;#x27;id&amp;#x27;, &amp;#x27;message-text&amp;#x27;): Test message\nINFO     TestDemoBlazeE2E:home_page.py:148 Filled contact form with email: test@example.com, name: Test User\nINFO     TestDemoBlazeE2E:base_page.py:61 Clicked element: (&amp;#x27;xpath&amp;#x27;, &amp;quot;//button[contains(text(),&amp;#x27;Send message&amp;#x27;)]&amp;quot;)\nINFO     TestDemoBlazeE2E:home_page.py:153 Sent contact message\nINFO     TestDemoBlazeE2E:base_page.py:260 Accepted alert with text: Thanks for the message!!\nINFO     TestDemoBlazeE2E:test_demoblaze_e2e.py:266 Alert handled with text: Thanks for the message!!\nINFO     TestDemoBlazeE2E:base_page.py:61 Clicked element: (&amp;#x27;id&amp;#x27;, &amp;#x27;signin2&amp;#x27;)\nINFO     TestDemoBlazeE2E:home_page.py:188 Opened signup modal\nINFO     TestDemoBlazeE2E:base_page.py:111 Sent keys to element (&amp;#x27;id&amp;#x27;, &amp;#x27;sign-username&amp;#x27;): ne03cpFJ15\nINFO     TestDemoBlazeE2E:base_page.py:111 Sent keys to element (&amp;#x27;id&amp;#x27;, &amp;#x27;sign-password&amp;#x27;): Test@123\nINFO     TestDemoBlazeE2E:base_page.py:61 Clicked element: (&amp;#x27;xpath&amp;#x27;, &amp;quot;//button[contains(text(),&amp;#x27;Sign up&amp;#x27;)]&amp;quot;)\nINFO     TestDemoBlazeE2E:home_page.py:195 Signed up with username: ne03cpFJ15\nINFO     TestDemoBlazeE2E:base_page.py:260 Accepted alert with text: Sign up successful.\nINFO     TestDemoBlazeE2E:test_demoblaze_e2e.py:273 Signup alert: Sign up successful.\n\n--------------------------- Captured stderr teardown ---------------------------\n2025-10-20 14:29:08 - TestDemoBlazeE2E - INFO - setup_and_teardown - Test completed\n2025-10-20 14:29:08 - TestDemoBlazeE2E - INFO - setup_and_teardown - ==================================================\n\n---------------------------- Captured log teardown -----------------------------\nINFO     TestDemoBlazeE2E:test_demoblaze_e2e.py:66 Test completed\nINFO     TestDemoBlazeE2E:test_demoblaze_e2e.py:67 ==================================================&#34;}], &#34;selenium_demoblaze_framework/tests/test_demoblaze_e2e.py::TestDemoBlazeE2E::test_06_cookie_operations&#34;: [{&#34;extras&#34;: [], &#34;result&#34;: &#34;Passed&#34;, &#34;testId&#34;: &#34;selenium_demoblaze_framework/tests/test_demoblaze_e2e.py::TestDemoBlazeE2E::test_06_cookie_operations&#34;, &#34;duration&#34;: &#34;00:00:01&#34;, &#34;resultsTableRow&#34;: [&#34;&lt;td class=\&#34;col-result\&#34;&gt;Passed&lt;/td&gt;&#34;, &#34;&lt;td class=\&#34;col-testId\&#34;&gt;selenium_demoblaze_framework/tests/test_demoblaze_e2e.py::TestDemoBlazeE2E::test_06_cookie_operations&lt;/td&gt;&#34;, &#34;&lt;td class=\&#34;col-duration\&#34;&gt;00:00:01&lt;/td&gt;&#34;, &#34;&lt;td class=\&#34;col-links\&#34;&gt;&lt;/td&gt;&#34;], &#34;log&#34;: &#34;---------------------------- Captured stderr setup -----------------------------\n2025-10-20 14:29:08 - TestDemoBlazeE2E - INFO - setup_and_teardown - ==================================================\n2025-10-20 14:29:08 - TestDemoBlazeE2E - INFO - setup_and_teardown - Starting new test\n2025-10-20 14:29:09 - TestDemoBlazeE2E - INFO - setup_and_teardown - Navigated to DemoBlaze website\n\n------------------------------ Captured log setup ------------------------------\nINFO     TestDemoBlazeE2E:test_demoblaze_e2e.py:40 ==================================================\nINFO     TestDemoBlazeE2E:test_demoblaze_e2e.py:41 Starting new test\nINFO     TestDemoBlazeE2E:test_demoblaze_e2e.py:61 Navigated to DemoBlaze website\n\n----------------------------- Captured stderr call -----------------------------\n2025-10-20 14:29:09 - TestDemoBlazeE2E - INFO - test_06_cookie_operations - Testing cookie operations\n2025-10-20 14:29:09 - TestDemoBlazeE2E - INFO - get_cookies - Got 0 cookies\n2025-10-20 14:29:09 - TestDemoBlazeE2E - INFO - test_06_cookie_operations - Found 0 cookies\n2025-10-20 14:29:09 - TestDemoBlazeE2E - INFO - add_cookie - Added cookie: {&amp;#x27;name&amp;#x27;: &amp;#x27;test_cookie&amp;#x27;, &amp;#x27;value&amp;#x27;: &amp;#x27;test_value_123&amp;#x27;, &amp;#x27;path&amp;#x27;: &amp;#x27;/&amp;#x27;, &amp;#x27;domain&amp;#x27;: &amp;#x27;.demoblaze.com&amp;#x27;}\n2025-10-20 14:29:09 - TestDemoBlazeE2E - INFO - test_06_cookie_operations - Added custom cookie\n2025-10-20 14:29:10 - TestDemoBlazeE2E - INFO - refresh_page - Page refreshed\n2025-10-20 14:29:10 - TestDemoBlazeE2E - INFO - get_cookies - Got 2 cookies\n2025-10-20 14:29:10 - TestDemoBlazeE2E - INFO - delete_cookie - Deleted cookie: test_cookie\n2025-10-20 14:29:10 - TestDemoBlazeE2E - INFO - delete_all_cookies - Deleted all cookies\n2025-10-20 14:29:10 - TestDemoBlazeE2E - INFO - get_cookies - Got 0 cookies\n2025-10-20 14:29:10 - TestDemoBlazeE2E - INFO - test_06_cookie_operations - Cookies after deletion: 0\n\n------------------------------ Captured log call -------------------------------\nINFO     TestDemoBlazeE2E:test_demoblaze_e2e.py:279 Testing cookie operations\nINFO     TestDemoBlazeE2E:base_page.py:293 Got 0 cookies\nINFO     TestDemoBlazeE2E:test_demoblaze_e2e.py:282 Found 0 cookies\nINFO     TestDemoBlazeE2E:base_page.py:299 Added cookie: {&amp;#x27;name&amp;#x27;: &amp;#x27;test_cookie&amp;#x27;, &amp;#x27;value&amp;#x27;: &amp;#x27;test_value_123&amp;#x27;, &amp;#x27;path&amp;#x27;: &amp;#x27;/&amp;#x27;, &amp;#x27;domain&amp;#x27;: &amp;#x27;.demoblaze.com&amp;#x27;}\nINFO     TestDemoBlazeE2E:test_demoblaze_e2e.py:291 Added custom cookie\nINFO     TestDemoBlazeE2E:base_page.py:314 Page refreshed\nINFO     TestDemoBlazeE2E:base_page.py:293 Got 2 cookies\nINFO     TestDemoBlazeE2E:base_page.py:304 Deleted cookie: test_cookie\nINFO     TestDemoBlazeE2E:base_page.py:309 Deleted all cookies\nINFO     TestDemoBlazeE2E:base_page.py:293 Got 0 cookies\nINFO     TestDemoBlazeE2E:test_demoblaze_e2e.py:301 Cookies after deletion: 0\n\n--------------------------- Captured stderr teardown ---------------------------\n2025-10-20 14:29:10 - TestDemoBlazeE2E - INFO - setup_and_teardown - Test completed\n2025-10-20 14:29:10 - TestDemoBlazeE2E - INFO - setup_and_teardown - ==================================================\n\n---------------------------- Captured log teardown -----------------------------\nINFO     TestDemoBlazeE2E:test_demoblaze_e2e.py:66 Test completed\nINFO     TestDemoBlazeE2E:test_demoblaze_e2e.py:67 ==================================================&#34;}], &#34;selenium_demoblaze_framework/tests/test_demoblaze_e2e.py::TestDemoBlazeE2E::test_07_scrolling_operations&#34;: [{&#34;extras&#34;: [], &#34;result&#34;: &#34;Passed&#34;, &#34;testId&#34;: &#34;selenium_demoblaze_framework/tests/test_demoblaze_e2e.py::TestDemoBlazeE2E::test_07_scrolling_operations&#34;, &#34;duration&#34;: &#34;00:00:06&#34;, &#34;resultsTableRow&#34;: [&#34;&lt;td class=\&#34;col-result\&#34;&gt;Passed&lt;/td&gt;&#34;, &#34;&lt;td class=\&#34;col-testId\&#34;&gt;selenium_demoblaze_framework/tests/test_demoblaze_e2e.py::TestDemoBlazeE2E::test_07_scrolling_operations&lt;/td&gt;&#34;, &#34;&lt;td class=\&#34;col-duration\&#34;&gt;00:00:06&lt;/td&gt;&#34;, &#34;&lt;td class=\&#34;col-links\&#34;&gt;&lt;/td&gt;&#34;], &#34;log&#34;: &#34;---------------------------- Captured stderr setup -----------------------------\n2025-10-20 14:29:10 - TestDemoBlazeE2E - INFO - setup_and_teardown - ==================================================\n2025-10-20 14:29:10 - TestDemoBlazeE2E - INFO - setup_and_teardown - Starting new test\n2025-10-20 14:29:11 - TestDemoBlazeE2E - INFO - setup_and_teardown - Navigated to DemoBlaze website\n\n------------------------------ Captured log setup ------------------------------\nINFO     TestDemoBlazeE2E:test_demoblaze_e2e.py:40 ==================================================\nINFO     TestDemoBlazeE2E:test_demoblaze_e2e.py:41 Starting new test\nINFO     TestDemoBlazeE2E:test_demoblaze_e2e.py:61 Navigated to DemoBlaze website\n\n----------------------------- Captured stderr call -----------------------------\n2025-10-20 14:29:11 - TestDemoBlazeE2E - INFO - test_07_scrolling_operations - Testing scrolling operations\n2025-10-20 14:29:14 - TestDemoBlazeE2E - INFO - find_element - Found element: (&amp;#x27;id&amp;#x27;, &amp;#x27;next2&amp;#x27;)\n2025-10-20 14:29:15 - TestDemoBlazeE2E - INFO - take_screenshot - Screenshot saved: /home/runner/work/selenium-demoblaze-automation/selenium-demoblaze-automation/screenshots/after_scroll.png\n2025-10-20 14:29:15 - TestDemoBlazeE2E - INFO - test_07_scrolling_operations - Scrolling operations completed\n\n------------------------------ Captured log call -------------------------------\nINFO     TestDemoBlazeE2E:test_demoblaze_e2e.py:307 Testing scrolling operations\nINFO     TestDemoBlazeE2E:base_page.py:36 Found element: (&amp;#x27;id&amp;#x27;, &amp;#x27;next2&amp;#x27;)\nINFO     TestDemoBlazeE2E:utility_methods.py:36 Screenshot saved: /home/runner/work/selenium-demoblaze-automation/selenium-demoblaze-automation/screenshots/after_scroll.png\nINFO     TestDemoBlazeE2E:test_demoblaze_e2e.py:321 Scrolling operations completed\n\n--------------------------- Captured stderr teardown ---------------------------\n2025-10-20 14:29:15 - TestDemoBlazeE2E - INFO - setup_and_teardown - Test completed\n2025-10-20 14:29:15 - TestDemoBlazeE2E - INFO - setup_and_teardown - ==================================================\n\n---------------------------- Captured log teardown -----------------------------\nINFO     TestDemoBlazeE2E:test_demoblaze_e2e.py:66 Test completed\nINFO     TestDemoBlazeE2E:test_demoblaze_e2e.py:67 ==================================================&#34;}], &#34;selenium_demoblaze_framework/tests/test_demoblaze_e2e.py::TestDemoBlazeE2E::test_08_screenshot_operations&#34;: [{&#34;extras&#34;: [], &#34;result&#34;: &#34;Passed&#34;, &#34;testId&#34;: &#34;selenium_demoblaze_framework/tests/test_demoblaze_e2e.py::TestDemoBlazeE2E::test_08_screenshot_operations&#34;, &#34;duration&#34;: &#34;00:00:03&#34;, &#34;resultsTableRow&#34;: [&#34;&lt;td class=\&#34;col-result\&#34;&gt;Passed&lt;/td&gt;&#34;, &#34;&lt;td class=\&#34;col-testId\&#34;&gt;selenium_demoblaze_framework/tests/test_demoblaze_e2e.py::TestDemoBlazeE2E::test_08_screenshot_operations&lt;/td&gt;&#34;, &#34;&lt;td class=\&#34;col-duration\&#34;&gt;00:00:03&lt;/td&gt;&#34;, &#34;&lt;td class=\&#34;col-links\&#34;&gt;&lt;/td&gt;&#34;], &#34;log&#34;: &#34;---------------------------- Captured stderr setup -----------------------------\n2025-10-20 14:29:16 - TestDemoBlazeE2E - INFO - setup_and_teardown - ==================================================\n2025-10-20 14:29:16 - TestDemoBlazeE2E - INFO - setup_and_teardown - Starting new test\n2025-10-20 14:29:17 - TestDemoBlazeE2E - INFO - setup_and_teardown - Navigated to DemoBlaze website\n\n------------------------------ Captured log setup ------------------------------\nINFO     TestDemoBlazeE2E:test_demoblaze_e2e.py:40 ==================================================\nINFO     TestDemoBlazeE2E:test_demoblaze_e2e.py:41 Starting new test\nINFO     TestDemoBlazeE2E:test_demoblaze_e2e.py:61 Navigated to DemoBlaze website\n\n----------------------------- Captured stderr call -----------------------------\n2025-10-20 14:29:17 - TestDemoBlazeE2E - INFO - test_08_screenshot_operations - Testing screenshot operations\n2025-10-20 14:29:17 - TestDemoBlazeE2E - INFO - take_screenshot - Screenshot saved: /home/runner/work/selenium-demoblaze-automation/selenium-demoblaze-automation/screenshots/full_page.png\n2025-10-20 14:29:17 - TestDemoBlazeE2E - INFO - find_element - Found element: (&amp;#x27;id&amp;#x27;, &amp;#x27;nava&amp;#x27;)\n2025-10-20 14:29:17 - TestDemoBlazeE2E - INFO - take_element_screenshot - Element screenshot saved: /home/runner/work/selenium-demoblaze-automation/selenium-demoblaze-automation/screenshots/logo_screenshot.png\n2025-10-20 14:29:17 - TestDemoBlazeE2E - INFO - find_elements - Found 9 elements: (&amp;#x27;class name&amp;#x27;, &amp;#x27;card&amp;#x27;)\n2025-10-20 14:29:18 - TestDemoBlazeE2E - INFO - take_screenshot - Screenshot saved: /home/runner/work/selenium-demoblaze-automation/selenium-demoblaze-automation/screenshots/highlighted_element.png\n2025-10-20 14:29:18 - TestDemoBlazeE2E - INFO - test_08_screenshot_operations - Screenshot operations completed\n\n------------------------------ Captured log call -------------------------------\nINFO     TestDemoBlazeE2E:test_demoblaze_e2e.py:327 Testing screenshot operations\nINFO     TestDemoBlazeE2E:utility_methods.py:36 Screenshot saved: /home/runner/work/selenium-demoblaze-automation/selenium-demoblaze-automation/screenshots/full_page.png\nINFO     TestDemoBlazeE2E:base_page.py:36 Found element: (&amp;#x27;id&amp;#x27;, &amp;#x27;nava&amp;#x27;)\nINFO     TestDemoBlazeE2E:utility_methods.py:49 Element screenshot saved: /home/runner/work/selenium-demoblaze-automation/selenium-demoblaze-automation/screenshots/logo_screenshot.png\nINFO     TestDemoBlazeE2E:base_page.py:48 Found 9 elements: (&amp;#x27;class name&amp;#x27;, &amp;#x27;card&amp;#x27;)\nINFO     TestDemoBlazeE2E:utility_methods.py:36 Screenshot saved: /home/runner/work/selenium-demoblaze-automation/selenium-demoblaze-automation/screenshots/highlighted_element.png\nINFO     TestDemoBlazeE2E:test_demoblaze_e2e.py:338 Screenshot operations completed\n\n--------------------------- Captured stderr teardown ---------------------------\n2025-10-20 14:29:18 - TestDemoBlazeE2E - INFO - setup_and_teardown - Test completed\n2025-10-20 14:29:18 - TestDemoBlazeE2E - INFO - setup_and_teardown - ==================================================\n\n---------------------------- Captured log teardown -----------------------------\nINFO     TestDemoBlazeE2E:test_demoblaze_e2e.py:66 Test completed\nINFO     TestDemoBlazeE2E:test_demoblaze_e2e.py:67 ==================================================&#34;}], &#34;selenium_demoblaze_framework/tests/test_demoblaze_e2e.py::TestDemoBlazeE2E::test_09_wait_strategies&#34;: [{&#34;extras&#34;: [], &#34;result&#34;: &#34;Passed&#34;, &#34;testId&#34;: &#34;selenium_demoblaze_framework/tests/test_demoblaze_e2e.py::TestDemoBlazeE2E::test_09_wait_strategies&#34;, &#34;duration&#34;: &#34;00:00:03&#34;, &#34;resultsTableRow&#34;: [&#34;&lt;td class=\&#34;col-result\&#34;&gt;Passed&lt;/td&gt;&#34;, &#34;&lt;td class=\&#34;col-testId\&#34;&gt;selenium_demoblaze_framework/tests/test_demoblaze_e2e.py::TestDemoBlazeE2E::test_09_wait_strategies&lt;/td&gt;&#34;, &#34;&lt;td class=\&#34;col-duration\&#34;&gt;00:00:03&lt;/td&gt;&#34;, &#34;&lt;td class=\&#34;col-links\&#34;&gt;&lt;/td&gt;&#34;], &#34;log&#34;: &#34;---------------------------- Captured stderr setup -----------------------------\n2025-10-20 14:29:18 - TestDemoBlazeE2E - INFO - setup_and_teardown - ==================================================\n2025-10-20 14:29:18 - TestDemoBlazeE2E - INFO - setup_and_teardown - Starting new test\n2025-10-20 14:29:19 - TestDemoBlazeE2E - INFO - setup_and_teardown - Navigated to DemoBlaze website\n\n------------------------------ Captured log setup ------------------------------\nINFO     TestDemoBlazeE2E:test_demoblaze_e2e.py:40 ==================================================\nINFO     TestDemoBlazeE2E:test_demoblaze_e2e.py:41 Starting new test\nINFO     TestDemoBlazeE2E:test_demoblaze_e2e.py:61 Navigated to DemoBlaze website\n\n----------------------------- Captured stderr call -----------------------------\n2025-10-20 14:29:19 - TestDemoBlazeE2E - INFO - test_09_wait_strategies - Testing wait strategies\n2025-10-20 14:29:19 - TestDemoBlazeE2E - INFO - wait_for_element_visible - Element is visible: (&amp;#x27;id&amp;#x27;, &amp;#x27;nava&amp;#x27;)\n2025-10-20 14:29:19 - TestDemoBlazeE2E - INFO - click - Clicked element: (&amp;#x27;xpath&amp;#x27;, &amp;quot;//a[contains(text(),&amp;#x27;Phones&amp;#x27;)]&amp;quot;)\n2025-10-20 14:29:21 - TestDemoBlazeE2E - INFO - select_category - Selected category: phones\n2025-10-20 14:29:21 - TestDemoBlazeE2E - INFO - wait_for_element_visible - Element is visible: (&amp;#x27;xpath&amp;#x27;, &amp;quot;//a[contains(text(),&amp;#x27;Samsung galaxy s6&amp;#x27;)]&amp;quot;)\n2025-10-20 14:29:21 - TestDemoBlazeE2E - INFO - test_09_wait_strategies - Wait strategies tested successfully\n\n------------------------------ Captured log call -------------------------------\nINFO     TestDemoBlazeE2E:test_demoblaze_e2e.py:349 Testing wait strategies\nINFO     TestDemoBlazeE2E:base_page.py:185 Element is visible: (&amp;#x27;id&amp;#x27;, &amp;#x27;nava&amp;#x27;)\nINFO     TestDemoBlazeE2E:base_page.py:61 Clicked element: (&amp;#x27;xpath&amp;#x27;, &amp;quot;//a[contains(text(),&amp;#x27;Phones&amp;#x27;)]&amp;quot;)\nINFO     TestDemoBlazeE2E:home_page.py:86 Selected category: phones\nINFO     TestDemoBlazeE2E:base_page.py:185 Element is visible: (&amp;#x27;xpath&amp;#x27;, &amp;quot;//a[contains(text(),&amp;#x27;Samsung galaxy s6&amp;#x27;)]&amp;quot;)\nINFO     TestDemoBlazeE2E:test_demoblaze_e2e.py:371 Wait strategies tested successfully\n\n--------------------------- Captured stderr teardown ---------------------------\n2025-10-20 14:29:21 - TestDemoBlazeE2E - INFO - setup_and_teardown - Test completed\n2025-10-20 14:29:21 - TestDemoBlazeE2E - INFO - setup_and_teardown - ==================================================\n\n---------------------------- Captured log teardown -----------------------------\nINFO     TestDemoBlazeE2E:test_demoblaze_e2e.py:66 Test completed\nINFO     TestDemoBlazeE2E:test_demoblaze_e2e.py:67 ==================================================&#34;}], &#34;selenium_demoblaze_framework/tests/test_demoblaze_e2e.py::TestDemoBlazeE2E::test_10_data_driven_excel[test_data0]&#34;: [{&#34;extras&#34;: [], &#34;result&#34;: &#34;Passed&#34;, &#34;testId&#34;: &#34;selenium_demoblaze_framework/tests/test_demoblaze_e2e.py::TestDemoBlazeE2E::test_10_data_driven_excel[test_data0]&#34;, &#34;duration&#34;: &#34;00:00:08&#34;, &#34;resultsTableRow&#34;: [&#34;&lt;td class=\&#34;col-result\&#34;&gt;Passed&lt;/td&gt;&#34;, &#34;&lt;td class=\&#34;col-testId\&#34;&gt;selenium_demoblaze_framework/tests/test_demoblaze_e2e.py::TestDemoBlazeE2E::test_10_data_driven_excel[test_data0]&lt;/td&gt;&#34;, &#34;&lt;td class=\&#34;col-duration\&#34;&gt;00:00:08&lt;/td&gt;&#34;, &#34;&lt;td class=\&#34;col-links\&#34;&gt;&lt;/td&gt;&#34;], &#34;log&#34;: &#34;---------------------------- Captured stderr setup -----------------------------\n2025-10-20 14:29:21 - TestDemoBlazeE2E - INFO - setup_and_teardown - ==================================================\n2025-10-20 14:29:21 - TestDemoBlazeE2E - INFO - setup_and_teardown - Starting new test\n2025-10-20 14:29:23 - TestDemoBlazeE2E - INFO - setup_and_teardown - Navigated to DemoBlaze website\n\n------------------------------ Captured log setup ------------------------------\nINFO     TestDemoBlazeE2E:test_demoblaze_e2e.py:40 ==================================================\nINFO     TestDemoBlazeE2E:test_demoblaze_e2e.py:41 Starting new test\nINFO     TestDemoBlazeE2E:test_demoblaze_e2e.py:61 Navigated to DemoBlaze website\n\n----------------------------- Captured stderr call -----------------------------\n2025-10-20 14:29:23 - TestDemoBlazeE2E - INFO - test_10_data_driven_excel - Testing with data: {&amp;#x27;username&amp;#x27;: &amp;#x27;user1&amp;#x27;, &amp;#x27;password&amp;#x27;: &amp;#x27;pass1&amp;#x27;, &amp;#x27;product&amp;#x27;: &amp;#x27;Samsung galaxy s6&amp;#x27;}\n2025-10-20 14:29:23 - TestDemoBlazeE2E - INFO - click - Clicked element: (&amp;#x27;xpath&amp;#x27;, &amp;quot;//a[contains(text(),&amp;#x27;Phones&amp;#x27;)]&amp;quot;)\n2025-10-20 14:29:25 - TestDemoBlazeE2E - INFO - select_category - Selected category: phones\n2025-10-20 14:29:25 - TestDemoBlazeE2E - INFO - click - Clicked element: (&amp;#x27;xpath&amp;#x27;, &amp;quot;//a[contains(text(), &amp;#x27;Samsung galaxy s6&amp;#x27;)]&amp;quot;)\n2025-10-20 14:29:27 - TestDemoBlazeE2E - INFO - click_product - Clicked on product: Samsung galaxy s6\n2025-10-20 14:29:29 - TestDemoBlazeE2E - INFO - find_element - Found element: (&amp;#x27;xpath&amp;#x27;, &amp;quot;//h2[@class=&amp;#x27;name&amp;#x27;]&amp;quot;)\n2025-10-20 14:29:29 - TestDemoBlazeE2E - INFO - get_text - Got text from element (&amp;#x27;xpath&amp;#x27;, &amp;quot;//h2[@class=&amp;#x27;name&amp;#x27;]&amp;quot;): Samsung galaxy s6\n2025-10-20 14:29:29 - TestDemoBlazeE2E - INFO - get_product_name - Retrieved product name: Samsung galaxy s6\n2025-10-20 14:29:29 - TestDemoBlazeE2E - INFO - test_10_data_driven_excel - Data driven test completed for: Samsung galaxy s6\n\n------------------------------ Captured log call -------------------------------\nINFO     TestDemoBlazeE2E:test_demoblaze_e2e.py:381 Testing with data: {&amp;#x27;username&amp;#x27;: &amp;#x27;user1&amp;#x27;, &amp;#x27;password&amp;#x27;: &amp;#x27;pass1&amp;#x27;, &amp;#x27;product&amp;#x27;: &amp;#x27;Samsung galaxy s6&amp;#x27;}\nINFO     TestDemoBlazeE2E:base_page.py:61 Clicked element: (&amp;#x27;xpath&amp;#x27;, &amp;quot;//a[contains(text(),&amp;#x27;Phones&amp;#x27;)]&amp;quot;)\nINFO     TestDemoBlazeE2E:home_page.py:86 Selected category: phones\nINFO     TestDemoBlazeE2E:base_page.py:61 Clicked element: (&amp;#x27;xpath&amp;#x27;, &amp;quot;//a[contains(text(), &amp;#x27;Samsung galaxy s6&amp;#x27;)]&amp;quot;)\nINFO     TestDemoBlazeE2E:home_page.py:113 Clicked on product: Samsung galaxy s6\nINFO     TestDemoBlazeE2E:base_page.py:36 Found element: (&amp;#x27;xpath&amp;#x27;, &amp;quot;//h2[@class=&amp;#x27;name&amp;#x27;]&amp;quot;)\nINFO     TestDemoBlazeE2E:base_page.py:145 Got text from element (&amp;#x27;xpath&amp;#x27;, &amp;quot;//h2[@class=&amp;#x27;name&amp;#x27;]&amp;quot;): Samsung galaxy s6\nINFO     TestDemoBlazeE2E:product_page.py:22 Retrieved product name: Samsung galaxy s6\nINFO     TestDemoBlazeE2E:test_demoblaze_e2e.py:392 Data driven test completed for: Samsung galaxy s6\n\n--------------------------- Captured stderr teardown ---------------------------\n2025-10-20 14:29:29 - TestDemoBlazeE2E - INFO - setup_and_teardown - Test completed\n2025-10-20 14:29:29 - TestDemoBlazeE2E - INFO - setup_and_teardown - ==================================================\n\n---------------------------- Captured log teardown -----------------------------\nINFO     TestDemoBlazeE2E:test_demoblaze_e2e.py:66 Test completed\nINFO     TestDemoBlazeE2E:test_demoblaze_e2e.py:67 ==================================================&#34;}], &#34;selenium_demoblaze_framework/tests/test_demoblaze_e2e.py::TestDemoBlazeE2E::test_10_data_driven_excel[test_data1]&#34;: [{&#34;extras&#34;: [], &#34;result&#34;: &#34;Passed&#34;, &#34;testId&#34;: &#34;selenium_demoblaze_framework/tests/test_demoblaze_e2e.py::TestDemoBlazeE2E::test_10_data_driven_excel[test_data1]&#34;, &#34;duration&#34;: &#34;00:00:08&#34;, &#34;resultsTableRow&#34;: [&#34;&lt;td class=\&#34;col-result\&#34;&gt;Passed&lt;/td&gt;&#34;, &#34;&lt;td class=\&#34;col-testId\&#34;&gt;selenium_demoblaze_framework/tests/test_demoblaze_e2e.py::TestDemoBlazeE2E::test_10_data_driven_excel[test_data1]&lt;/td&gt;&#34;, &#34;&lt;td class=\&#34;col-duration\&#34;&gt;00:00:08&lt;/td&gt;&#34;, &#34;&lt;td class=\&#34;col-links\&#34;&gt;&lt;/td&gt;&#34;], &#34;log&#34;: &#34;---------------------------- Captured stderr setup -----------------------------\n2025-10-20 14:29:29 - TestDemoBlazeE2E - INFO - setup_and_teardown - ==================================================\n2025-10-20 14:29:29 - TestDemoBlazeE2E - INFO - setup_and_teardown - Starting new test\n2025-10-20 14:29:30 - TestDemoBlazeE2E - INFO - setup_and_teardown - Navigated to DemoBlaze website\n\n------------------------------ Captured log setup ------------------------------\nINFO     TestDemoBlazeE2E:test_demoblaze_e2e.py:40 ==================================================\nINFO     TestDemoBlazeE2E:test_demoblaze_e2e.py:41 Starting new test\nINFO     TestDemoBlazeE2E:test_demoblaze_e2e.py:61 Navigated to DemoBlaze website\n\n----------------------------- Captured stderr call -----------------------------\n2025-10-20 14:29:30 - TestDemoBlazeE2E - INFO - test_10_data_driven_excel - Testing with data: {&amp;#x27;username&amp;#x27;: &amp;#x27;user2&amp;#x27;, &amp;#x27;password&amp;#x27;: &amp;#x27;pass2&amp;#x27;, &amp;#x27;product&amp;#x27;: &amp;#x27;Nokia lumia 1520&amp;#x27;}\n2025-10-20 14:29:30 - TestDemoBlazeE2E - INFO - click - Clicked element: (&amp;#x27;xpath&amp;#x27;, &amp;quot;//a[contains(text(),&amp;#x27;Phones&amp;#x27;)]&amp;quot;)\n2025-10-20 14:29:32 - TestDemoBlazeE2E - INFO - select_category - Selected category: phones\n2025-10-20 14:29:32 - TestDemoBlazeE2E - INFO - click - Clicked element: (&amp;#x27;xpath&amp;#x27;, &amp;quot;//a[contains(text(), &amp;#x27;Nokia lumia 1520&amp;#x27;)]&amp;quot;)\n2025-10-20 14:29:34 - TestDemoBlazeE2E - INFO - click_product - Clicked on product: Nokia lumia 1520\n2025-10-20 14:29:37 - TestDemoBlazeE2E - INFO - find_element - Found element: (&amp;#x27;xpath&amp;#x27;, &amp;quot;//h2[@class=&amp;#x27;name&amp;#x27;]&amp;quot;)\n2025-10-20 14:29:37 - TestDemoBlazeE2E - INFO - get_text - Got text from element (&amp;#x27;xpath&amp;#x27;, &amp;quot;//h2[@class=&amp;#x27;name&amp;#x27;]&amp;quot;): Nokia lumia 1520\n2025-10-20 14:29:37 - TestDemoBlazeE2E - INFO - get_product_name - Retrieved product name: Nokia lumia 1520\n2025-10-20 14:29:37 - TestDemoBlazeE2E - INFO - test_10_data_driven_excel - Data driven test completed for: Nokia lumia 1520\n\n------------------------------ Captured log call -------------------------------\nINFO     TestDemoBlazeE2E:test_demoblaze_e2e.py:381 Testing with data: {&amp;#x27;username&amp;#x27;: &amp;#x27;user2&amp;#x27;, &amp;#x27;password&amp;#x27;: &amp;#x27;pass2&amp;#x27;, &amp;#x27;product&amp;#x27;: &amp;#x27;Nokia lumia 1520&amp;#x27;}\nINFO     TestDemoBlazeE2E:base_page.py:61 Clicked element: (&amp;#x27;xpath&amp;#x27;, &amp;quot;//a[contains(text(),&amp;#x27;Phones&amp;#x27;)]&amp;quot;)\nINFO     TestDemoBlazeE2E:home_page.py:86 Selected category: phones\nINFO     TestDemoBlazeE2E:base_page.py:61 Clicked element: (&amp;#x27;xpath&amp;#x27;, &amp;quot;//a[contains(text(), &amp;#x27;Nokia lumia 1520&amp;#x27;)]&amp;quot;)\nINFO     TestDemoBlazeE2E:home_page.py:113 Clicked on product: Nokia lumia 1520\nINFO     TestDemoBlazeE2E:base_page.py:36 Found element: (&amp;#x27;xpath&amp;#x27;, &amp;quot;//h2[@class=&amp;#x27;name&amp;#x27;]&amp;quot;)\nINFO     TestDemoBlazeE2E:base_page.py:145 Got text from element (&amp;#x27;xpath&amp;#x27;, &amp;quot;//h2[@class=&amp;#x27;name&amp;#x27;]&amp;quot;): Nokia lumia 1520\nINFO     TestDemoBlazeE2E:product_page.py:22 Retrieved product name: Nokia lumia 1520\nINFO     TestDemoBlazeE2E:test_demoblaze_e2e.py:392 Data driven test completed for: Nokia lumia 1520\n\n--------------------------- Captured stderr teardown ---------------------------\n2025-10-20 14:29:37 - TestDemoBlazeE2E - INFO - setup_and_teardown - Test completed\n2025-10-20 14:29:37 - TestDemoBlazeE2E - INFO - setup_and_teardown - ==================================================\n\n---------------------------- Captured log teardown -----------------------------\nINFO     TestDemoBlazeE2E:test_demoblaze_e2e.py:66 Test completed\nINFO     TestDemoBlazeE2E:test_demoblaze_e2e.py:67 ==================================================&#34;}], &#34;selenium_demoblaze_framework/tests/test_demoblaze_e2e.py::TestDemoBlazeE2E::test_11_data_driven_xml&#34;: [{&#34;extras&#34;: [], &#34;result&#34;: &#34;Passed&#34;, &#34;testId&#34;: &#34;selenium_demoblaze_framework/tests/test_demoblaze_e2e.py::TestDemoBlazeE2E::test_11_data_driven_xml&#34;, &#34;duration&#34;: &#34;00:00:01&#34;, &#34;resultsTableRow&#34;: [&#34;&lt;td class=\&#34;col-result\&#34;&gt;Passed&lt;/td&gt;&#34;, &#34;&lt;td class=\&#34;col-testId\&#34;&gt;selenium_demoblaze_framework/tests/test_demoblaze_e2e.py::TestDemoBlazeE2E::test_11_data_driven_xml&lt;/td&gt;&#34;, &#34;&lt;td class=\&#34;col-duration\&#34;&gt;00:00:01&lt;/td&gt;&#34;, &#34;&lt;td class=\&#34;col-links\&#34;&gt;&lt;/td&gt;&#34;], &#34;log&#34;: &#34;---------------------------- Captured stderr setup -----------------------------\n2025-10-20 14:29:37 - TestDemoBlazeE2E - INFO - setup_and_teardown - ==================================================\n2025-10-20 14:29:37 - TestDemoBlazeE2E - INFO - setup_and_teardown - Starting new test\n2025-10-20 14:29:38 - TestDemoBlazeE2E - INFO - setup_and_teardown - Navigated to DemoBlaze website\n\n------------------------------ Captured log setup ------------------------------\nINFO     TestDemoBlazeE2E:test_demoblaze_e2e.py:40 ==================================================\nINFO     TestDemoBlazeE2E:test_demoblaze_e2e.py:41 Starting new test\nINFO     TestDemoBlazeE2E:test_demoblaze_e2e.py:61 Navigated to DemoBlaze website\n\n----------------------------- Captured stderr call -----------------------------\n2025-10-20 14:29:38 - TestDemoBlazeE2E - INFO - test_11_data_driven_xml - Testing with XML data\n2025-10-20 14:29:38 - TestDemoBlazeE2E - INFO - test_11_data_driven_xml - Processing XML data: {&amp;#x27;username&amp;#x27;: &amp;#x27;xmluser1&amp;#x27;, &amp;#x27;password&amp;#x27;: &amp;#x27;xmlpass1&amp;#x27;, &amp;#x27;product&amp;#x27;: &amp;#x27;Sony vaio i5&amp;#x27;}\n2025-10-20 14:29:38 - TestDemoBlazeE2E - INFO - test_11_data_driven_xml - Processing XML data: {&amp;#x27;username&amp;#x27;: &amp;#x27;xmluser2&amp;#x27;, &amp;#x27;password&amp;#x27;: &amp;#x27;xmlpass2&amp;#x27;, &amp;#x27;product&amp;#x27;: &amp;#x27;MacBook air&amp;#x27;}\n2025-10-20 14:29:38 - TestDemoBlazeE2E - INFO - test_11_data_driven_xml - XML data testing completed\n\n------------------------------ Captured log call -------------------------------\nINFO     TestDemoBlazeE2E:test_demoblaze_e2e.py:398 Testing with XML data\nINFO     TestDemoBlazeE2E:test_demoblaze_e2e.py:409 Processing XML data: {&amp;#x27;username&amp;#x27;: &amp;#x27;xmluser1&amp;#x27;, &amp;#x27;password&amp;#x27;: &amp;#x27;xmlpass1&amp;#x27;, &amp;#x27;product&amp;#x27;: &amp;#x27;Sony vaio i5&amp;#x27;}\nINFO     TestDemoBlazeE2E:test_demoblaze_e2e.py:409 Processing XML data: {&amp;#x27;username&amp;#x27;: &amp;#x27;xmluser2&amp;#x27;, &amp;#x27;password&amp;#x27;: &amp;#x27;xmlpass2&amp;#x27;, &amp;#x27;product&amp;#x27;: &amp;#x27;MacBook air&amp;#x27;}\nINFO     TestDemoBlazeE2E:test_demoblaze_e2e.py:411 XML data testing completed\n\n--------------------------- Captured stderr teardown ---------------------------\n2025-10-20 14:29:38 - TestDemoBlazeE2E - INFO - setup_and_teardown - Test completed\n2025-10-20 14:29:38 - TestDemoBlazeE2E - INFO - setup_and_teardown - ==================================================\n\n---------------------------- Captured log teardown -----------------------------\nINFO     TestDemoBlazeE2E:test_demoblaze_e2e.py:66 Test completed\nINFO     TestDemoBlazeE2E:test_demoblaze_e2e.py:67 ==================================================&#34;}], &#34;selenium_demoblaze_framework/tests/test_demoblaze_e2e.py::TestDemoBlazeE2E::test_12_data_driven_json&#34;: [{&#34;extras&#34;: [], &#34;result&#34;: &#34;Passed&#34;, &#34;testId&#34;: &#34;selenium_demoblaze_framework/tests/test_demoblaze_e2e.py::TestDemoBlazeE2E::test_12_data_driven_json&#34;, &#34;duration&#34;: &#34;00:00:01&#34;, &#34;resultsTableRow&#34;: [&#34;&lt;td class=\&#34;col-result\&#34;&gt;Passed&lt;/td&gt;&#34;, &#34;&lt;td class=\&#34;col-testId\&#34;&gt;selenium_demoblaze_framework/tests/test_demoblaze_e2e.py::TestDemoBlazeE2E::test_12_data_driven_json&lt;/td&gt;&#34;, &#34;&lt;td class=\&#34;col-duration\&#34;&gt;00:00:01&lt;/td&gt;&#34;, &#34;&lt;td class=\&#34;col-links\&#34;&gt;&lt;/td&gt;&#34;], &#34;log&#34;: &#34;---------------------------- Captured stderr setup -----------------------------\n2025-10-20 14:29:38 - TestDemoBlazeE2E - INFO - setup_and_teardown - ==================================================\n2025-10-20 14:29:38 - TestDemoBlazeE2E - INFO - setup_and_teardown - Starting new test\n2025-10-20 14:29:39 - TestDemoBlazeE2E - INFO - setup_and_teardown - Navigated to DemoBlaze website\n\n------------------------------ Captured log setup ------------------------------\nINFO     TestDemoBlazeE2E:test_demoblaze_e2e.py:40 ==================================================\nINFO     TestDemoBlazeE2E:test_demoblaze_e2e.py:41 Starting new test\nINFO     TestDemoBlazeE2E:test_demoblaze_e2e.py:61 Navigated to DemoBlaze website\n\n----------------------------- Captured stderr call -----------------------------\n2025-10-20 14:29:39 - TestDemoBlazeE2E - INFO - test_12_data_driven_json - Testing with JSON data\n2025-10-20 14:29:39 - TestDemoBlazeE2E - INFO - test_12_data_driven_json - Processing JSON user: jsonuser1\n2025-10-20 14:29:39 - TestDemoBlazeE2E - INFO - test_12_data_driven_json - Processing JSON user: jsonuser2\n2025-10-20 14:29:39 - TestDemoBlazeE2E - INFO - test_12_data_driven_json - JSON data testing completed\n\n------------------------------ Captured log call -------------------------------\nINFO     TestDemoBlazeE2E:test_demoblaze_e2e.py:417 Testing with JSON data\nINFO     TestDemoBlazeE2E:test_demoblaze_e2e.py:431 Processing JSON user: jsonuser1\nINFO     TestDemoBlazeE2E:test_demoblaze_e2e.py:431 Processing JSON user: jsonuser2\nINFO     TestDemoBlazeE2E:test_demoblaze_e2e.py:433 JSON data testing completed\n\n--------------------------- Captured stderr teardown ---------------------------\n2025-10-20 14:29:39 - TestDemoBlazeE2E - INFO - setup_and_teardown - Test completed\n2025-10-20 14:29:39 - TestDemoBlazeE2E - INFO - setup_and_teardown - ==================================================\n\n---------------------------- Captured log teardown -----------------------------\nINFO     TestDemoBlazeE2E:test_demoblaze_e2e.py:66 Test completed\nINFO     TestDemoBlazeE2E:test_demoblaze_e2e.py:67 ==================================================&#34;}], &#34;selenium_demoblaze_framework/tests/test_demoblaze_e2e.py::TestDemoBlazeE2E::test_13_data_driven_csv&#34;: [{&#34;extras&#34;: [], &#34;result&#34;: &#34;Passed&#34;, &#34;testId&#34;: &#34;selenium_demoblaze_framework/tests/test_demoblaze_e2e.py::TestDemoBlazeE2E::test_13_data_driven_csv&#34;, &#34;duration&#34;: &#34;00:00:01&#34;, &#34;resultsTableRow&#34;: [&#34;&lt;td class=\&#34;col-result\&#34;&gt;Passed&lt;/td&gt;&#34;, &#34;&lt;td class=\&#34;col-testId\&#34;&gt;selenium_demoblaze_framework/tests/test_demoblaze_e2e.py::TestDemoBlazeE2E::test_13_data_driven_csv&lt;/td&gt;&#34;, &#34;&lt;td class=\&#34;col-duration\&#34;&gt;00:00:01&lt;/td&gt;&#34;, &#34;&lt;td class=\&#34;col-links\&#34;&gt;&lt;/td&gt;&#34;], &#34;log&#34;: &#34;---------------------------- Captured stderr setup -----------------------------\n2025-10-20 14:29:39 - TestDemoBlazeE2E - INFO - setup_and_teardown - ==================================================\n2025-10-20 14:29:39 - TestDemoBlazeE2E - INFO - setup_and_teardown - Starting new test\n2025-10-20 14:29:40 - TestDemoBlazeE2E - INFO - setup_and_teardown - Navigated to DemoBlaze website\n\n------------------------------ Captured log setup ------------------------------\nINFO     TestDemoBlazeE2E:test_demoblaze_e2e.py:40 ==================================================\nINFO     TestDemoBlazeE2E:test_demoblaze_e2e.py:41 Starting new test\nINFO     TestDemoBlazeE2E:test_demoblaze_e2e.py:61 Navigated to DemoBlaze website\n\n----------------------------- Captured stderr call -----------------------------\n2025-10-20 14:29:40 - TestDemoBlazeE2E - INFO - test_13_data_driven_csv - Testing with CSV data\n2025-10-20 14:29:40 - TestDemoBlazeE2E - INFO - test_13_data_driven_csv - Processing CSV data: {&amp;#x27;username&amp;#x27;: &amp;#x27;csvuser1&amp;#x27;, &amp;#x27;password&amp;#x27;: &amp;#x27;csvpass1&amp;#x27;, &amp;#x27;product&amp;#x27;: &amp;#x27;iPhone 6 32gb&amp;#x27;}\n2025-10-20 14:29:40 - TestDemoBlazeE2E - INFO - test_13_data_driven_csv - Processing CSV data: {&amp;#x27;username&amp;#x27;: &amp;#x27;csvuser2&amp;#x27;, &amp;#x27;password&amp;#x27;: &amp;#x27;csvpass2&amp;#x27;, &amp;#x27;product&amp;#x27;: &amp;#x27;Sony xperia z5&amp;#x27;}\n2025-10-20 14:29:40 - TestDemoBlazeE2E - INFO - test_13_data_driven_csv - CSV data testing completed\n\n------------------------------ Captured log call -------------------------------\nINFO     TestDemoBlazeE2E:test_demoblaze_e2e.py:439 Testing with CSV data\nINFO     TestDemoBlazeE2E:test_demoblaze_e2e.py:450 Processing CSV data: {&amp;#x27;username&amp;#x27;: &amp;#x27;csvuser1&amp;#x27;, &amp;#x27;password&amp;#x27;: &amp;#x27;csvpass1&amp;#x27;, &amp;#x27;product&amp;#x27;: &amp;#x27;iPhone 6 32gb&amp;#x27;}\nINFO     TestDemoBlazeE2E:test_demoblaze_e2e.py:450 Processing CSV data: {&amp;#x27;username&amp;#x27;: &amp;#x27;csvuser2&amp;#x27;, &amp;#x27;password&amp;#x27;: &amp;#x27;csvpass2&amp;#x27;, &amp;#x27;product&amp;#x27;: &amp;#x27;Sony xperia z5&amp;#x27;}\nINFO     TestDemoBlazeE2E:test_demoblaze_e2e.py:452 CSV data testing completed\n\n--------------------------- Captured stderr teardown ---------------------------\n2025-10-20 14:29:40 - TestDemoBlazeE2E - INFO - setup_and_teardown - Test completed\n2025-10-20 14:29:40 - TestDemoBlazeE2E - INFO - setup_and_teardown - ==================================================\n\n---------------------------- Captured log teardown -----------------------------\nINFO     TestDemoBlazeE2E:test_demoblaze_e2e.py:66 Test completed\nINFO     TestDemoBlazeE2E:test_demoblaze_e2e.py:67 ==================================================&#34;}], &#34;selenium_demoblaze_framework/tests/test_demoblaze_e2e.py::TestDemoBlazeE2E::test_14_storage_operations&#34;: [{&#34;extras&#34;: [], &#34;result&#34;: &#34;Passed&#34;, &#34;testId&#34;: &#34;selenium_demoblaze_framework/tests/test_demoblaze_e2e.py::TestDemoBlazeE2E::test_14_storage_operations&#34;, &#34;duration&#34;: &#34;00:00:01&#34;, &#34;resultsTableRow&#34;: [&#34;&lt;td class=\&#34;col-result\&#34;&gt;Passed&lt;/td&gt;&#34;, &#34;&lt;td class=\&#34;col-testId\&#34;&gt;selenium_demoblaze_framework/tests/test_demoblaze_e2e.py::TestDemoBlazeE2E::test_14_storage_operations&lt;/td&gt;&#34;, &#34;&lt;td class=\&#34;col-duration\&#34;&gt;00:00:01&lt;/td&gt;&#34;, &#34;&lt;td class=\&#34;col-links\&#34;&gt;&lt;/td&gt;&#34;], &#34;log&#34;: &#34;---------------------------- Captured stderr setup -----------------------------\n2025-10-20 14:29:40 - TestDemoBlazeE2E - INFO - setup_and_teardown - ==================================================\n2025-10-20 14:29:40 - TestDemoBlazeE2E - INFO - setup_and_teardown - Starting new test\n2025-10-20 14:29:41 - TestDemoBlazeE2E - INFO - setup_and_teardown - Navigated to DemoBlaze website\n\n------------------------------ Captured log setup ------------------------------\nINFO     TestDemoBlazeE2E:test_demoblaze_e2e.py:40 ==================================================\nINFO     TestDemoBlazeE2E:test_demoblaze_e2e.py:41 Starting new test\nINFO     TestDemoBlazeE2E:test_demoblaze_e2e.py:61 Navigated to DemoBlaze website\n\n----------------------------- Captured stderr call -----------------------------\n2025-10-20 14:29:41 - TestDemoBlazeE2E - INFO - test_14_storage_operations - Testing storage operations\n2025-10-20 14:29:41 - TestDemoBlazeE2E - INFO - test_14_storage_operations - Local storage: [[&amp;#x27;user_preference&amp;#x27;, &amp;#x27;dark_mode&amp;#x27;], [&amp;#x27;test_key&amp;#x27;, &amp;#x27;test_value&amp;#x27;]]\n2025-10-20 14:29:41 - TestDemoBlazeE2E - INFO - test_14_storage_operations - Session storage: [[&amp;#x27;session_key&amp;#x27;, &amp;#x27;session_value&amp;#x27;]]\n2025-10-20 14:29:41 - TestDemoBlazeE2E - INFO - test_14_storage_operations - Storage operations completed\n\n------------------------------ Captured log call -------------------------------\nINFO     TestDemoBlazeE2E:test_demoblaze_e2e.py:458 Testing storage operations\nINFO     TestDemoBlazeE2E:test_demoblaze_e2e.py:464 Local storage: [[&amp;#x27;user_preference&amp;#x27;, &amp;#x27;dark_mode&amp;#x27;], [&amp;#x27;test_key&amp;#x27;, &amp;#x27;test_value&amp;#x27;]]\nINFO     TestDemoBlazeE2E:test_demoblaze_e2e.py:468 Session storage: [[&amp;#x27;session_key&amp;#x27;, &amp;#x27;session_value&amp;#x27;]]\nINFO     TestDemoBlazeE2E:test_demoblaze_e2e.py:473 Storage operations completed\n\n--------------------------- Captured stderr teardown ---------------------------\n2025-10-20 14:29:41 - TestDemoBlazeE2E - INFO - setup_and_teardown - Test completed\n2025-10-20 14:29:41 - TestDemoBlazeE2E - INFO - setup_and_teardown - ==================================================\n\n---------------------------- Captured log teardown -----------------------------\nINFO     TestDemoBlazeE2E:test_demoblaze_e2e.py:66 Test completed\nINFO     TestDemoBlazeE2E:test_demoblaze_e2e.py:67 ==================================================&#34;}], &#34;selenium_demoblaze_framework/tests/test_demoblaze_e2e.py::TestDemoBlazeE2E::test_15_performance_metrics&#34;: [{&#34;extras&#34;: [], &#34;result&#34;: &#34;Passed&#34;, &#34;testId&#34;: &#34;selenium_demoblaze_framework/tests/test_demoblaze_e2e.py::TestDemoBlazeE2E::test_15_performance_metrics&#34;, &#34;duration&#34;: &#34;00:00:04&#34;, &#34;resultsTableRow&#34;: [&#34;&lt;td class=\&#34;col-result\&#34;&gt;Passed&lt;/td&gt;&#34;, &#34;&lt;td class=\&#34;col-testId\&#34;&gt;selenium_demoblaze_framework/tests/test_demoblaze_e2e.py::TestDemoBlazeE2E::test_15_performance_metrics&lt;/td&gt;&#34;, &#34;&lt;td class=\&#34;col-duration\&#34;&gt;00:00:04&lt;/td&gt;&#34;, &#34;&lt;td class=\&#34;col-links\&#34;&gt;&lt;/td&gt;&#34;], &#34;log&#34;: &#34;---------------------------- Captured stderr setup -----------------------------\n2025-10-20 14:29:41 - TestDemoBlazeE2E - INFO - setup_and_teardown - ==================================================\n2025-10-20 14:29:41 - TestDemoBlazeE2E - INFO - setup_and_teardown - Starting new test\n2025-10-20 14:29:42 - TestDemoBlazeE2E - INFO - setup_and_teardown - Navigated to DemoBlaze website\n\n------------------------------ Captured log setup ------------------------------\nINFO     TestDemoBlazeE2E:test_demoblaze_e2e.py:40 ==================================================\nINFO     TestDemoBlazeE2E:test_demoblaze_e2e.py:41 Starting new test\nINFO     TestDemoBlazeE2E:test_demoblaze_e2e.py:61 Navigated to DemoBlaze website\n\n----------------------------- Captured stderr call -----------------------------\n2025-10-20 14:29:42 - TestDemoBlazeE2E - INFO - test_15_performance_metrics - Testing performance metrics\n2025-10-20 14:29:45 - TestDemoBlazeE2E - INFO - test_15_performance_metrics - Page load time: 50.19999999998254 ms\n2025-10-20 14:29:45 - TestDemoBlazeE2E - INFO - test_15_performance_metrics - Browser logs count: 2\n2025-10-20 14:29:45 - TestDemoBlazeE2E - INFO - test_15_performance_metrics - Performance metrics collected\n\n------------------------------ Captured log call -------------------------------\nINFO     TestDemoBlazeE2E:test_demoblaze_e2e.py:479 Testing performance metrics\nINFO     TestDemoBlazeE2E:test_demoblaze_e2e.py:487 Page load time: 50.19999999998254 ms\nINFO     TestDemoBlazeE2E:test_demoblaze_e2e.py:490 Browser logs count: 2\nINFO     TestDemoBlazeE2E:test_demoblaze_e2e.py:492 Performance metrics collected\n\n--------------------------- Captured stderr teardown ---------------------------\n2025-10-20 14:29:45 - TestDemoBlazeE2E - INFO - setup_and_teardown - Test completed\n2025-10-20 14:29:45 - TestDemoBlazeE2E - INFO - setup_and_teardown - ==================================================\n\n---------------------------- Captured log teardown -----------------------------\nINFO     TestDemoBlazeE2E:test_demoblaze_e2e.py:66 Test completed\nINFO     TestDemoBlazeE2E:test_demoblaze_e2e.py:67 ==================================================&#34;}], &#34;selenium_demoblaze_framework/tests/test_demoblaze_e2e.py::TestDemoBlazeE2E::test_16_element_states&#34;: [{&#34;extras&#34;: [], &#34;result&#34;: &#34;Passed&#34;, &#34;testId&#34;: &#34;selenium_demoblaze_framework/tests/test_demoblaze_e2e.py::TestDemoBlazeE2E::test_16_element_states&#34;, &#34;duration&#34;: &#34;00:00:03&#34;, &#34;resultsTableRow&#34;: [&#34;&lt;td class=\&#34;col-result\&#34;&gt;Passed&lt;/td&gt;&#34;, &#34;&lt;td class=\&#34;col-testId\&#34;&gt;selenium_demoblaze_framework/tests/test_demoblaze_e2e.py::TestDemoBlazeE2E::test_16_element_states&lt;/td&gt;&#34;, &#34;&lt;td class=\&#34;col-duration\&#34;&gt;00:00:03&lt;/td&gt;&#34;, &#34;&lt;td class=\&#34;col-links\&#34;&gt;&lt;/td&gt;&#34;], &#34;log&#34;: &#34;---------------------------- Captured stderr setup -----------------------------\n2025-10-20 14:29:45 - TestDemoBlazeE2E - INFO - setup_and_teardown - ==================================================\n2025-10-20 14:29:45 - TestDemoBlazeE2E - INFO - setup_and_teardown - Starting new test\n2025-10-20 14:29:46 - TestDemoBlazeE2E - INFO - setup_and_teardown - Navigated to DemoBlaze website\n\n------------------------------ Captured log setup ------------------------------\nINFO     TestDemoBlazeE2E:test_demoblaze_e2e.py:40 ==================================================\nINFO     TestDemoBlazeE2E:test_demoblaze_e2e.py:41 Starting new test\nINFO     TestDemoBlazeE2E:test_demoblaze_e2e.py:61 Navigated to DemoBlaze website\n\n----------------------------- Captured stderr call -----------------------------\n2025-10-20 14:29:46 - TestDemoBlazeE2E - INFO - test_16_element_states - Testing element states\n2025-10-20 14:29:46 - TestDemoBlazeE2E - INFO - find_element - Found element: (&amp;#x27;id&amp;#x27;, &amp;#x27;nava&amp;#x27;)\n2025-10-20 14:29:46 - TestDemoBlazeE2E - INFO - find_element - Found element: (&amp;#x27;id&amp;#x27;, &amp;#x27;cartur&amp;#x27;)\n2025-10-20 14:29:46 - TestDemoBlazeE2E - INFO - click - Clicked element: (&amp;#x27;id&amp;#x27;, &amp;#x27;login2&amp;#x27;)\n2025-10-20 14:29:47 - TestDemoBlazeE2E - INFO - open_login_modal - Opened login modal\n2025-10-20 14:29:48 - TestDemoBlazeE2E - INFO - find_element - Found element: (&amp;#x27;id&amp;#x27;, &amp;#x27;loginusername&amp;#x27;)\n2025-10-20 14:29:48 - TestDemoBlazeE2E - INFO - click - Clicked element: (&amp;#x27;xpath&amp;#x27;, &amp;quot;//div[@id=&amp;#x27;logInModal&amp;#x27;]//button[contains(text(),&amp;#x27;Close&amp;#x27;)]&amp;quot;)\n2025-10-20 14:29:48 - TestDemoBlazeE2E - INFO - test_16_element_states - Element state validations completed\n\n------------------------------ Captured log call -------------------------------\nINFO     TestDemoBlazeE2E:test_demoblaze_e2e.py:498 Testing element states\nINFO     TestDemoBlazeE2E:base_page.py:36 Found element: (&amp;#x27;id&amp;#x27;, &amp;#x27;nava&amp;#x27;)\nINFO     TestDemoBlazeE2E:base_page.py:36 Found element: (&amp;#x27;id&amp;#x27;, &amp;#x27;cartur&amp;#x27;)\nINFO     TestDemoBlazeE2E:base_page.py:61 Clicked element: (&amp;#x27;id&amp;#x27;, &amp;#x27;login2&amp;#x27;)\nINFO     TestDemoBlazeE2E:home_page.py:175 Opened login modal\nINFO     TestDemoBlazeE2E:base_page.py:36 Found element: (&amp;#x27;id&amp;#x27;, &amp;#x27;loginusername&amp;#x27;)\nINFO     TestDemoBlazeE2E:base_page.py:61 Clicked element: (&amp;#x27;xpath&amp;#x27;, &amp;quot;//div[@id=&amp;#x27;logInModal&amp;#x27;]//button[contains(text(),&amp;#x27;Close&amp;#x27;)]&amp;quot;)\nINFO     TestDemoBlazeE2E:test_demoblaze_e2e.py:508 Element state validations completed\n\n--------------------------- Captured stderr teardown ---------------------------\n2025-10-20 14:29:48 - TestDemoBlazeE2E - INFO - setup_and_teardown - Test completed\n2025-10-20 14:29:48 - TestDemoBlazeE2E - INFO - setup_and_teardown - ==================================================\n\n---------------------------- Captured log teardown -----------------------------\nINFO     TestDemoBlazeE2E:test_demoblaze_e2e.py:66 Test completed\nINFO     TestDemoBlazeE2E:test_demoblaze_e2e.py:67 ==================================================&#34;}], &#34;selenium_demoblaze_framework/tests/test_demoblaze_e2e.py::TestDemoBlazeE2E::test_17_css_properties&#34;: [{&#34;extras&#34;: [], &#34;result&#34;: &#34;Passed&#34;, &#34;testId&#34;: &#34;selenium_demoblaze_framework/tests/test_demoblaze_e2e.py::TestDemoBlazeE2E::test_17_css_properties&#34;, &#34;duration&#34;: &#34;00:00:01&#34;, &#34;resultsTableRow&#34;: [&#34;&lt;td class=\&#34;col-result\&#34;&gt;Passed&lt;/td&gt;&#34;, &#34;&lt;td class=\&#34;col-testId\&#34;&gt;selenium_demoblaze_framework/tests/test_demoblaze_e2e.py::TestDemoBlazeE2E::test_17_css_properties&lt;/td&gt;&#34;, &#34;&lt;td class=\&#34;col-duration\&#34;&gt;00:00:01&lt;/td&gt;&#34;, &#34;&lt;td class=\&#34;col-links\&#34;&gt;&lt;/td&gt;&#34;], &#34;log&#34;: &#34;---------------------------- Captured stderr setup -----------------------------\n2025-10-20 14:29:48 - TestDemoBlazeE2E - INFO - setup_and_teardown - ==================================================\n2025-10-20 14:29:48 - TestDemoBlazeE2E - INFO - setup_and_teardown - Starting new test\n2025-10-20 14:29:50 - TestDemoBlazeE2E - INFO - setup_and_teardown - Navigated to DemoBlaze website\n\n------------------------------ Captured log setup ------------------------------\nINFO     TestDemoBlazeE2E:test_demoblaze_e2e.py:40 ==================================================\nINFO     TestDemoBlazeE2E:test_demoblaze_e2e.py:41 Starting new test\nINFO     TestDemoBlazeE2E:test_demoblaze_e2e.py:61 Navigated to DemoBlaze website\n\n----------------------------- Captured stderr call -----------------------------\n2025-10-20 14:29:50 - TestDemoBlazeE2E - INFO - test_17_css_properties - Testing CSS properties\n2025-10-20 14:29:50 - TestDemoBlazeE2E - INFO - find_element - Found element: (&amp;#x27;id&amp;#x27;, &amp;#x27;nava&amp;#x27;)\n2025-10-20 14:29:50 - TestDemoBlazeE2E - INFO - get_css_property - Got CSS property &amp;#x27;font-size&amp;#x27; from element (&amp;#x27;id&amp;#x27;, &amp;#x27;nava&amp;#x27;): 20px\n2025-10-20 14:29:50 - TestDemoBlazeE2E - INFO - find_element - Found element: (&amp;#x27;id&amp;#x27;, &amp;#x27;nava&amp;#x27;)\n2025-10-20 14:29:50 - TestDemoBlazeE2E - INFO - get_css_property - Got CSS property &amp;#x27;color&amp;#x27; from element (&amp;#x27;id&amp;#x27;, &amp;#x27;nava&amp;#x27;): rgba(255, 255, 255, 1)\n2025-10-20 14:29:50 - TestDemoBlazeE2E - INFO - find_element - Found element: (&amp;#x27;id&amp;#x27;, &amp;#x27;nava&amp;#x27;)\n2025-10-20 14:29:50 - TestDemoBlazeE2E - INFO - get_css_property - Got CSS property &amp;#x27;display&amp;#x27; from element (&amp;#x27;id&amp;#x27;, &amp;#x27;nava&amp;#x27;): block\n2025-10-20 14:29:50 - TestDemoBlazeE2E - INFO - test_17_css_properties - Logo font size: 20px, color: rgba(255, 255, 255, 1), display: block\n2025-10-20 14:29:50 - TestDemoBlazeE2E - INFO - test_17_css_properties - CSS property validations completed\n\n------------------------------ Captured log call -------------------------------\nINFO     TestDemoBlazeE2E:test_demoblaze_e2e.py:514 Testing CSS properties\nINFO     TestDemoBlazeE2E:base_page.py:36 Found element: (&amp;#x27;id&amp;#x27;, &amp;#x27;nava&amp;#x27;)\nINFO     TestDemoBlazeE2E:base_page.py:159 Got CSS property &amp;#x27;font-size&amp;#x27; from element (&amp;#x27;id&amp;#x27;, &amp;#x27;nava&amp;#x27;): 20px\nINFO     TestDemoBlazeE2E:base_page.py:36 Found element: (&amp;#x27;id&amp;#x27;, &amp;#x27;nava&amp;#x27;)\nINFO     TestDemoBlazeE2E:base_page.py:159 Got CSS property &amp;#x27;color&amp;#x27; from element (&amp;#x27;id&amp;#x27;, &amp;#x27;nava&amp;#x27;): rgba(255, 255, 255, 1)\nINFO     TestDemoBlazeE2E:base_page.py:36 Found element: (&amp;#x27;id&amp;#x27;, &amp;#x27;nava&amp;#x27;)\nINFO     TestDemoBlazeE2E:base_page.py:159 Got CSS property &amp;#x27;display&amp;#x27; from element (&amp;#x27;id&amp;#x27;, &amp;#x27;nava&amp;#x27;): block\nINFO     TestDemoBlazeE2E:test_demoblaze_e2e.py:520 Logo font size: 20px, color: rgba(255, 255, 255, 1), display: block\nINFO     TestDemoBlazeE2E:test_demoblaze_e2e.py:521 CSS property validations completed\n\n--------------------------- Captured stderr teardown ---------------------------\n2025-10-20 14:29:50 - TestDemoBlazeE2E - INFO - setup_and_teardown - Test completed\n2025-10-20 14:29:50 - TestDemoBlazeE2E - INFO - setup_and_teardown - ==================================================\n\n---------------------------- Captured log teardown -----------------------------\nINFO     TestDemoBlazeE2E:test_demoblaze_e2e.py:66 Test completed\nINFO     TestDemoBlazeE2E:test_demoblaze_e2e.py:67 ==================================================&#34;}], &#34;selenium_demoblaze_framework/tests/test_demoblaze_e2e.py::TestDemoBlazeE2E::test_18_browser_navigation&#34;: [{&#34;extras&#34;: [], &#34;result&#34;: &#34;Passed&#34;, &#34;testId&#34;: &#34;selenium_demoblaze_framework/tests/test_demoblaze_e2e.py::TestDemoBlazeE2E::test_18_browser_navigation&#34;, &#34;duration&#34;: &#34;00:00:15&#34;, &#34;resultsTableRow&#34;: [&#34;&lt;td class=\&#34;col-result\&#34;&gt;Passed&lt;/td&gt;&#34;, &#34;&lt;td class=\&#34;col-testId\&#34;&gt;selenium_demoblaze_framework/tests/test_demoblaze_e2e.py::TestDemoBlazeE2E::test_18_browser_navigation&lt;/td&gt;&#34;, &#34;&lt;td class=\&#34;col-duration\&#34;&gt;00:00:15&lt;/td&gt;&#34;, &#34;&lt;td class=\&#34;col-links\&#34;&gt;&lt;/td&gt;&#34;], &#34;log&#34;: &#34;---------------------------- Captured stderr setup -----------------------------\n2025-10-20 14:29:50 - TestDemoBlazeE2E - INFO - setup_and_teardown - ==================================================\n2025-10-20 14:29:50 - TestDemoBlazeE2E - INFO - setup_and_teardown - Starting new test\n2025-10-20 14:29:51 - TestDemoBlazeE2E - INFO - setup_and_teardown - Navigated to DemoBlaze website\n\n------------------------------ Captured log setup ------------------------------\nINFO     TestDemoBlazeE2E:test_demoblaze_e2e.py:40 ==================================================\nINFO     TestDemoBlazeE2E:test_demoblaze_e2e.py:41 Starting new test\nINFO     TestDemoBlazeE2E:test_demoblaze_e2e.py:61 Navigated to DemoBlaze website\n\n----------------------------- Captured stderr call -----------------------------\n2025-10-20 14:29:51 - TestDemoBlazeE2E - INFO - test_18_browser_navigation - Testing browser navigation\n2025-10-20 14:29:51 - TestDemoBlazeE2E - INFO - get_current_url - Current URL: https://www.demoblaze.com/\n2025-10-20 14:29:51 - TestDemoBlazeE2E - INFO - click - Clicked element: (&amp;#x27;xpath&amp;#x27;, &amp;quot;//a[contains(text(),&amp;#x27;Phones&amp;#x27;)]&amp;quot;)\n2025-10-20 14:29:53 - TestDemoBlazeE2E - INFO - select_category - Selected category: phones\n2025-10-20 14:29:55 - TestDemoBlazeE2E - INFO - click - Clicked element: (&amp;#x27;xpath&amp;#x27;, &amp;quot;//a[contains(text(), &amp;#x27;Samsung galaxy s6&amp;#x27;)]&amp;quot;)\n2025-10-20 14:29:57 - TestDemoBlazeE2E - INFO - click_product - Clicked on product: Samsung galaxy s6\n2025-10-20 14:29:59 - TestDemoBlazeE2E - INFO - get_current_url - Current URL: https://www.demoblaze.com/prod.html?idp_=1\n2025-10-20 14:29:59 - TestDemoBlazeE2E - INFO - go_back - Navigated back\n2025-10-20 14:30:01 - TestDemoBlazeE2E - INFO - go_forward - Navigated forward\n2025-10-20 14:30:03 - TestDemoBlazeE2E - INFO - refresh_page - Page refreshed\n2025-10-20 14:30:05 - TestDemoBlazeE2E - INFO - test_18_browser_navigation - Browser navigation completed\n\n------------------------------ Captured log call -------------------------------\nINFO     TestDemoBlazeE2E:test_demoblaze_e2e.py:527 Testing browser navigation\nINFO     TestDemoBlazeE2E:base_page.py:333 Current URL: https://www.demoblaze.com/\nINFO     TestDemoBlazeE2E:base_page.py:61 Clicked element: (&amp;#x27;xpath&amp;#x27;, &amp;quot;//a[contains(text(),&amp;#x27;Phones&amp;#x27;)]&amp;quot;)\nINFO     TestDemoBlazeE2E:home_page.py:86 Selected category: phones\nINFO     TestDemoBlazeE2E:base_page.py:61 Clicked element: (&amp;#x27;xpath&amp;#x27;, &amp;quot;//a[contains(text(), &amp;#x27;Samsung galaxy s6&amp;#x27;)]&amp;quot;)\nINFO     TestDemoBlazeE2E:home_page.py:113 Clicked on product: Samsung galaxy s6\nINFO     TestDemoBlazeE2E:base_page.py:333 Current URL: https://www.demoblaze.com/prod.html?idp_=1\nINFO     TestDemoBlazeE2E:base_page.py:319 Navigated back\nINFO     TestDemoBlazeE2E:base_page.py:324 Navigated forward\nINFO     TestDemoBlazeE2E:base_page.py:314 Page refreshed\nINFO     TestDemoBlazeE2E:test_demoblaze_e2e.py:544 Browser navigation completed\n\n--------------------------- Captured stderr teardown ---------------------------\n2025-10-20 14:30:05 - TestDemoBlazeE2E - INFO - setup_and_teardown - Test completed\n2025-10-20 14:30:05 - TestDemoBlazeE2E - INFO - setup_and_teardown - ==================================================\n\n---------------------------- Captured log teardown -----------------------------\nINFO     TestDemoBlazeE2E:test_demoblaze_e2e.py:66 Test completed\nINFO     TestDemoBlazeE2E:test_demoblaze_e2e.py:67 ==================================================&#34;}], &#34;selenium_demoblaze_framework/tests/test_demoblaze_e2e.py::TestDemoBlazeE2E::test_19_faker_data_generation&#34;: [{&#34;extras&#34;: [], &#34;result&#34;: &#34;Passed&#34;, &#34;testId&#34;: &#34;selenium_demoblaze_framework/tests/test_demoblaze_e2e.py::TestDemoBlazeE2E::test_19_faker_data_generation&#34;, &#34;duration&#34;: &#34;00:00:04&#34;, &#34;resultsTableRow&#34;: [&#34;&lt;td class=\&#34;col-result\&#34;&gt;Passed&lt;/td&gt;&#34;, &#34;&lt;td class=\&#34;col-testId\&#34;&gt;selenium_demoblaze_framework/tests/test_demoblaze_e2e.py::TestDemoBlazeE2E::test_19_faker_data_generation&lt;/td&gt;&#34;, &#34;&lt;td class=\&#34;col-duration\&#34;&gt;00:00:04&lt;/td&gt;&#34;, &#34;&lt;td class=\&#34;col-links\&#34;&gt;&lt;/td&gt;&#34;], &#34;log&#34;: &#34;---------------------------- Captured stderr setup -----------------------------\n2025-10-20 14:30:05 - TestDemoBlazeE2E - INFO - setup_and_teardown - ==================================================\n2025-10-20 14:30:05 - TestDemoBlazeE2E - INFO - setup_and_teardown - Starting new test\n2025-10-20 14:30:06 - TestDemoBlazeE2E - INFO - setup_and_teardown - Navigated to DemoBlaze website\n\n------------------------------ Captured log setup ------------------------------\nINFO     TestDemoBlazeE2E:test_demoblaze_e2e.py:40 ==================================================\nINFO     TestDemoBlazeE2E:test_demoblaze_e2e.py:41 Starting new test\nINFO     TestDemoBlazeE2E:test_demoblaze_e2e.py:61 Navigated to DemoBlaze website\n\n----------------------------- Captured stderr call -----------------------------\n2025-10-20 14:30:06 - TestDemoBlazeE2E - INFO - test_19_faker_data_generation - Testing with Faker generated data\n2025-10-20 14:30:06 - TestDemoBlazeE2E - INFO - test_19_faker_data_generation - Generated email: jonathan11@example.net\n2025-10-20 14:30:06 - TestDemoBlazeE2E - INFO - test_19_faker_data_generation - Generated name: Michael Tran\n2025-10-20 14:30:06 - TestDemoBlazeE2E - INFO - click - Clicked element: (&amp;#x27;xpath&amp;#x27;, &amp;quot;//a[contains(text(),&amp;#x27;Contact&amp;#x27;)]&amp;quot;)\n2025-10-20 14:30:07 - TestDemoBlazeE2E - INFO - open_contact_modal - Opened contact modal\n2025-10-20 14:30:08 - TestDemoBlazeE2E - INFO - send_keys - Sent keys to element (&amp;#x27;id&amp;#x27;, &amp;#x27;recipient-email&amp;#x27;): jonathan11@example.net\n2025-10-20 14:30:09 - TestDemoBlazeE2E - INFO - send_keys - Sent keys to element (&amp;#x27;id&amp;#x27;, &amp;#x27;recipient-name&amp;#x27;): Michael Tran\n2025-10-20 14:30:09 - TestDemoBlazeE2E - INFO - send_keys - Sent keys to element (&amp;#x27;id&amp;#x27;, &amp;#x27;message-text&amp;#x27;): Message from Michael Tran\n2025-10-20 14:30:09 - TestDemoBlazeE2E - INFO - fill_contact_form - Filled contact form with email: jonathan11@example.net, name: Michael Tran\n2025-10-20 14:30:09 - TestDemoBlazeE2E - INFO - click - Clicked element: (&amp;#x27;xpath&amp;#x27;, &amp;quot;//button[contains(text(),&amp;#x27;Send message&amp;#x27;)]&amp;quot;)\n2025-10-20 14:30:09 - TestDemoBlazeE2E - INFO - send_contact_message - Sent contact message\n2025-10-20 14:30:09 - TestDemoBlazeE2E - INFO - accept_alert - Accepted alert with text: Thanks for the message!!\n2025-10-20 14:30:09 - TestDemoBlazeE2E - INFO - test_19_faker_data_generation - Faker data testing completed\n\n------------------------------ Captured log call -------------------------------\nINFO     TestDemoBlazeE2E:test_demoblaze_e2e.py:550 Testing with Faker generated data\nINFO     TestDemoBlazeE2E:test_demoblaze_e2e.py:557 Generated email: jonathan11@example.net\nINFO     TestDemoBlazeE2E:test_demoblaze_e2e.py:558 Generated name: Michael Tran\nINFO     TestDemoBlazeE2E:base_page.py:61 Clicked element: (&amp;#x27;xpath&amp;#x27;, &amp;quot;//a[contains(text(),&amp;#x27;Contact&amp;#x27;)]&amp;quot;)\nINFO     TestDemoBlazeE2E:home_page.py:141 Opened contact modal\nINFO     TestDemoBlazeE2E:base_page.py:111 Sent keys to element (&amp;#x27;id&amp;#x27;, &amp;#x27;recipient-email&amp;#x27;): jonathan11@example.net\nINFO     TestDemoBlazeE2E:base_page.py:111 Sent keys to element (&amp;#x27;id&amp;#x27;, &amp;#x27;recipient-name&amp;#x27;): Michael Tran\nINFO     TestDemoBlazeE2E:base_page.py:111 Sent keys to element (&amp;#x27;id&amp;#x27;, &amp;#x27;message-text&amp;#x27;): Message from Michael Tran\nINFO     TestDemoBlazeE2E:home_page.py:148 Filled contact form with email: jonathan11@example.net, name: Michael Tran\nINFO     TestDemoBlazeE2E:base_page.py:61 Clicked element: (&amp;#x27;xpath&amp;#x27;, &amp;quot;//button[contains(text(),&amp;#x27;Send message&amp;#x27;)]&amp;quot;)\nINFO     TestDemoBlazeE2E:home_page.py:153 Sent contact message\nINFO     TestDemoBlazeE2E:base_page.py:260 Accepted alert with text: Thanks for the message!!\nINFO     TestDemoBlazeE2E:test_demoblaze_e2e.py:566 Faker data testing completed\n\n--------------------------- Captured stderr teardown ---------------------------\n2025-10-20 14:30:09 - TestDemoBlazeE2E - INFO - setup_and_teardown - Test completed\n2025-10-20 14:30:09 - TestDemoBlazeE2E - INFO - setup_and_teardown - ==================================================\n\n---------------------------- Captured log teardown -----------------------------\nINFO     TestDemoBlazeE2E:test_demoblaze_e2e.py:66 Test completed\nINFO     TestDemoBlazeE2E:test_demoblaze_e2e.py:67 ==================================================&#34;}], &#34;selenium_demoblaze_framework/tests/test_demoblaze_e2e.py::TestDemoBlazeE2E::test_20_complete_e2e_flow&#34;: [{&#34;extras&#34;: [], &#34;result&#34;: &#34;Passed&#34;, &#34;testId&#34;: &#34;selenium_demoblaze_framework/tests/test_demoblaze_e2e.py::TestDemoBlazeE2E::test_20_complete_e2e_flow&#34;, &#34;duration&#34;: &#34;00:00:31&#34;, &#34;resultsTableRow&#34;: [&#34;&lt;td class=\&#34;col-result\&#34;&gt;Passed&lt;/td&gt;&#34;, &#34;&lt;td class=\&#34;col-testId\&#34;&gt;selenium_demoblaze_framework/tests/test_demoblaze_e2e.py::TestDemoBlazeE2E::test_20_complete_e2e_flow&lt;/td&gt;&#34;, &#34;&lt;td class=\&#34;col-duration\&#34;&gt;00:00:31&lt;/td&gt;&#34;, &#34;&lt;td class=\&#34;col-links\&#34;&gt;&lt;/td&gt;&#34;], &#34;log&#34;: &#34;---------------------------- Captured stderr setup -----------------------------\n2025-10-20 14:30:09 - TestDemoBlazeE2E - INFO - setup_and_teardown - ==================================================\n2025-10-20 14:30:09 - TestDemoBlazeE2E - INFO - setup_and_teardown - Starting new test\n2025-10-20 14:30:10 - TestDemoBlazeE2E - INFO - setup_and_teardown - Navigated to DemoBlaze website\n\n------------------------------ Captured log setup ------------------------------\nINFO     TestDemoBlazeE2E:test_demoblaze_e2e.py:40 ==================================================\nINFO     TestDemoBlazeE2E:test_demoblaze_e2e.py:41 Starting new test\nINFO     TestDemoBlazeE2E:test_demoblaze_e2e.py:61 Navigated to DemoBlaze website\n\n----------------------------- Captured stderr call -----------------------------\n2025-10-20 14:30:10 - TestDemoBlazeE2E - INFO - test_20_complete_e2e_flow - Starting complete E2E shopping flow\n2025-10-20 14:30:10 - TestDemoBlazeE2E - INFO - click - Clicked element: (&amp;#x27;id&amp;#x27;, &amp;#x27;signin2&amp;#x27;)\n2025-10-20 14:30:11 - TestDemoBlazeE2E - INFO - open_signup_modal - Opened signup modal\n2025-10-20 14:30:12 - TestDemoBlazeE2E - INFO - send_keys - Sent keys to element (&amp;#x27;id&amp;#x27;, &amp;#x27;sign-username&amp;#x27;): yskVbFjn\n2025-10-20 14:30:12 - TestDemoBlazeE2E - INFO - send_keys - Sent keys to element (&amp;#x27;id&amp;#x27;, &amp;#x27;sign-password&amp;#x27;): Test@1234\n2025-10-20 14:30:12 - TestDemoBlazeE2E - INFO - click - Clicked element: (&amp;#x27;xpath&amp;#x27;, &amp;quot;//button[contains(text(),&amp;#x27;Sign up&amp;#x27;)]&amp;quot;)\n2025-10-20 14:30:12 - TestDemoBlazeE2E - INFO - signup - Signed up with username: yskVbFjn\n2025-10-20 14:30:13 - TestDemoBlazeE2E - INFO - accept_alert - Accepted alert with text: Sign up successful.\n2025-10-20 14:30:13 - TestDemoBlazeE2E - INFO - click - Clicked element: (&amp;#x27;id&amp;#x27;, &amp;#x27;login2&amp;#x27;)\n2025-10-20 14:30:14 - TestDemoBlazeE2E - INFO - open_login_modal - Opened login modal\n2025-10-20 14:30:15 - TestDemoBlazeE2E - INFO - send_keys - Sent keys to element (&amp;#x27;id&amp;#x27;, &amp;#x27;loginusername&amp;#x27;): yskVbFjn\n2025-10-20 14:30:15 - TestDemoBlazeE2E - INFO - send_keys - Sent keys to element (&amp;#x27;id&amp;#x27;, &amp;#x27;loginpassword&amp;#x27;): Test@1234\n2025-10-20 14:30:15 - TestDemoBlazeE2E - INFO - click - Clicked element: (&amp;#x27;xpath&amp;#x27;, &amp;quot;//button[contains(text(),&amp;#x27;Log in&amp;#x27;)]&amp;quot;)\n2025-10-20 14:30:15 - TestDemoBlazeE2E - INFO - login - Logged in with username: yskVbFjn\n2025-10-20 14:30:17 - TestDemoBlazeE2E - INFO - find_element - Found element: (&amp;#x27;id&amp;#x27;, &amp;#x27;nameofuser&amp;#x27;)\n2025-10-20 14:30:17 - TestDemoBlazeE2E - INFO - get_text - Got text from element (&amp;#x27;id&amp;#x27;, &amp;#x27;nameofuser&amp;#x27;): Welcome yskVbFjn\n2025-10-20 14:30:17 - TestDemoBlazeE2E - INFO - find_element - Found element: (&amp;#x27;id&amp;#x27;, &amp;#x27;nameofuser&amp;#x27;)\n2025-10-20 14:30:17 - TestDemoBlazeE2E - INFO - get_text - Got text from element (&amp;#x27;id&amp;#x27;, &amp;#x27;nameofuser&amp;#x27;): Welcome yskVbFjn\n2025-10-20 14:30:17 - TestDemoBlazeE2E - INFO - click - Clicked element: (&amp;#x27;xpath&amp;#x27;, &amp;quot;//a[contains(text(),&amp;#x27;Phones&amp;#x27;)]&amp;quot;)\n2025-10-20 14:30:19 - TestDemoBlazeE2E - INFO - select_category - Selected category: phones\n2025-10-20 14:30:21 - TestDemoBlazeE2E - INFO - click - Clicked element: (&amp;#x27;xpath&amp;#x27;, &amp;quot;//a[contains(text(), &amp;#x27;Samsung galaxy s6&amp;#x27;)]&amp;quot;)\n2025-10-20 14:30:23 - TestDemoBlazeE2E - INFO - click_product - Clicked on product: Samsung galaxy s6\n2025-10-20 14:30:23 - TestDemoBlazeE2E - INFO - find_element - Found element: (&amp;#x27;xpath&amp;#x27;, &amp;quot;//h2[@class=&amp;#x27;name&amp;#x27;]&amp;quot;)\n2025-10-20 14:30:23 - TestDemoBlazeE2E - INFO - get_text - Got text from element (&amp;#x27;xpath&amp;#x27;, &amp;quot;//h2[@class=&amp;#x27;name&amp;#x27;]&amp;quot;): Samsung galaxy s6\n2025-10-20 14:30:23 - TestDemoBlazeE2E - INFO - get_product_name - Retrieved product name: Samsung galaxy s6\n2025-10-20 14:30:23 - TestDemoBlazeE2E - INFO - find_element - Found element: (&amp;#x27;xpath&amp;#x27;, &amp;quot;//h3[@class=&amp;#x27;price-container&amp;#x27;]&amp;quot;)\n2025-10-20 14:30:23 - TestDemoBlazeE2E - INFO - get_text - Got text from element (&amp;#x27;xpath&amp;#x27;, &amp;quot;//h3[@class=&amp;#x27;price-container&amp;#x27;]&amp;quot;): $360 *includes tax\n2025-10-20 14:30:23 - TestDemoBlazeE2E - INFO - get_product_price - Retrieved and cleaned product price: 360\n2025-10-20 14:30:23 - TestDemoBlazeE2E - INFO - click - Clicked element: (&amp;#x27;xpath&amp;#x27;, &amp;quot;//a[contains(text(),&amp;#x27;Add to cart&amp;#x27;)]&amp;quot;)\n2025-10-20 14:30:24 - TestDemoBlazeE2E - INFO - accept_alert - Accepted alert with text: Product added.\n2025-10-20 14:30:24 - TestDemoBlazeE2E - INFO - add_to_cart - Product added to cart. Alert: Product added.\n2025-10-20 14:30:26 - TestDemoBlazeE2E - INFO - add_to_cart - Completed &amp;#x27;Add to cart&amp;#x27; action\n2025-10-20 14:30:26 - TestDemoBlazeE2E - INFO - click - Clicked element: (&amp;#x27;id&amp;#x27;, &amp;#x27;cartur&amp;#x27;)\n2025-10-20 14:30:28 - TestDemoBlazeE2E - INFO - go_to_cart - Navigated to cart\n2025-10-20 14:30:30 - TestDemoBlazeE2E - INFO - find_elements - Found 1 elements: (&amp;#x27;xpath&amp;#x27;, &amp;quot;//tbody[@id=&amp;#x27;tbodyid&amp;#x27;]//tr&amp;quot;)\n2025-10-20 14:30:30 - TestDemoBlazeE2E - INFO - get_cart_items_count - Cart contains 1 item(s)\n2025-10-20 14:30:30 - TestDemoBlazeE2E - INFO - find_element - Found element: (&amp;#x27;id&amp;#x27;, &amp;#x27;totalp&amp;#x27;)\n2025-10-20 14:30:30 - TestDemoBlazeE2E - INFO - get_text - Got text from element (&amp;#x27;id&amp;#x27;, &amp;#x27;totalp&amp;#x27;): 360\n2025-10-20 14:30:30 - TestDemoBlazeE2E - INFO - get_total_price - Cart total price: $360\n2025-10-20 14:30:30 - TestDemoBlazeE2E - INFO - click - Clicked element: (&amp;#x27;xpath&amp;#x27;, &amp;quot;//button[contains(text(),&amp;#x27;Place Order&amp;#x27;)]&amp;quot;)\n2025-10-20 14:30:31 - TestDemoBlazeE2E - INFO - place_order - Clicked &amp;#x27;Place Order&amp;#x27;\n2025-10-20 14:30:32 - TestDemoBlazeE2E - INFO - send_keys - Sent keys to element (&amp;#x27;id&amp;#x27;, &amp;#x27;name&amp;#x27;): Alisha Burton\n2025-10-20 14:30:32 - TestDemoBlazeE2E - INFO - send_keys - Sent keys to element (&amp;#x27;id&amp;#x27;, &amp;#x27;country&amp;#x27;): USA\n2025-10-20 14:30:33 - TestDemoBlazeE2E - INFO - send_keys - Sent keys to element (&amp;#x27;id&amp;#x27;, &amp;#x27;city&amp;#x27;): New York\n2025-10-20 14:30:33 - TestDemoBlazeE2E - INFO - send_keys - Sent keys to element (&amp;#x27;id&amp;#x27;, &amp;#x27;card&amp;#x27;): 9565682946754103\n2025-10-20 14:30:33 - TestDemoBlazeE2E - INFO - send_keys - Sent keys to element (&amp;#x27;id&amp;#x27;, &amp;#x27;month&amp;#x27;): 12\n2025-10-20 14:30:33 - TestDemoBlazeE2E - INFO - send_keys - Sent keys to element (&amp;#x27;id&amp;#x27;, &amp;#x27;year&amp;#x27;): 2025\n2025-10-20 14:30:33 - TestDemoBlazeE2E - INFO - fill_order_form - Filled order form with shipping and payment details\n2025-10-20 14:30:33 - TestDemoBlazeE2E - INFO - click - Clicked element: (&amp;#x27;xpath&amp;#x27;, &amp;quot;//button[contains(text(),&amp;#x27;Purchase&amp;#x27;)]&amp;quot;)\n2025-10-20 14:30:35 - TestDemoBlazeE2E - INFO - complete_purchase - Completed purchase\n2025-10-20 14:30:37 - TestDemoBlazeE2E - INFO - find_element - Found element: (&amp;#x27;xpath&amp;#x27;, &amp;quot;//div[contains(@class, &amp;#x27;sweet-alert&amp;#x27;)]//h2[contains(text(), &amp;#x27;Thank you for your purchase!&amp;#x27;)]&amp;quot;)\n2025-10-20 14:30:37 - TestDemoBlazeE2E - INFO - get_text - Got text from element (&amp;#x27;xpath&amp;#x27;, &amp;quot;//div[contains(@class, &amp;#x27;sweet-alert&amp;#x27;)]//h2[contains(text(), &amp;#x27;Thank you for your purchase!&amp;#x27;)]&amp;quot;): Thank you for your purchase!\n2025-10-20 14:30:37 - TestDemoBlazeE2E - INFO - get_confirmation_text - Order confirmation received: Thank you for your purchase!...\n2025-10-20 14:30:37 - TestDemoBlazeE2E - INFO - click - Clicked element: (&amp;#x27;xpath&amp;#x27;, &amp;quot;//button[contains(text(),&amp;#x27;OK&amp;#x27;)]&amp;quot;)\n2025-10-20 14:30:37 - TestDemoBlazeE2E - INFO - close_confirmation - Closed confirmation modal\n2025-10-20 14:30:38 - TestDemoBlazeE2E - INFO - click - Clicked element: (&amp;#x27;id&amp;#x27;, &amp;#x27;logout2&amp;#x27;)\n2025-10-20 14:30:38 - TestDemoBlazeE2E - INFO - logout - Logged out\n2025-10-20 14:30:39 - TestDemoBlazeE2E - INFO - find_element - Found element: (&amp;#x27;id&amp;#x27;, &amp;#x27;nameofuser&amp;#x27;)\n2025-10-20 14:30:39 - TestDemoBlazeE2E - INFO - get_text - Got text from element (&amp;#x27;id&amp;#x27;, &amp;#x27;nameofuser&amp;#x27;): \n2025-10-20 14:30:39 - TestDemoBlazeE2E - INFO - take_screenshot - Screenshot saved: /home/runner/work/selenium-demoblaze-automation/selenium-demoblaze-automation/screenshots/e2e_complete.png\n2025-10-20 14:30:39 - TestDemoBlazeE2E - INFO - test_20_complete_e2e_flow - Complete E2E shopping flow completed successfully\n\n------------------------------ Captured log call -------------------------------\nINFO     TestDemoBlazeE2E:test_demoblaze_e2e.py:572 Starting complete E2E shopping flow\nINFO     TestDemoBlazeE2E:base_page.py:61 Clicked element: (&amp;#x27;id&amp;#x27;, &amp;#x27;signin2&amp;#x27;)\nINFO     TestDemoBlazeE2E:home_page.py:188 Opened signup modal\nINFO     TestDemoBlazeE2E:base_page.py:111 Sent keys to element (&amp;#x27;id&amp;#x27;, &amp;#x27;sign-username&amp;#x27;): yskVbFjn\nINFO     TestDemoBlazeE2E:base_page.py:111 Sent keys to element (&amp;#x27;id&amp;#x27;, &amp;#x27;sign-password&amp;#x27;): Test@1234\nINFO     TestDemoBlazeE2E:base_page.py:61 Clicked element: (&amp;#x27;xpath&amp;#x27;, &amp;quot;//button[contains(text(),&amp;#x27;Sign up&amp;#x27;)]&amp;quot;)\nINFO     TestDemoBlazeE2E:home_page.py:195 Signed up with username: yskVbFjn\nINFO     TestDemoBlazeE2E:base_page.py:260 Accepted alert with text: Sign up successful.\nINFO     TestDemoBlazeE2E:base_page.py:61 Clicked element: (&amp;#x27;id&amp;#x27;, &amp;#x27;login2&amp;#x27;)\nINFO     TestDemoBlazeE2E:home_page.py:175 Opened login modal\nINFO     TestDemoBlazeE2E:base_page.py:111 Sent keys to element (&amp;#x27;id&amp;#x27;, &amp;#x27;loginusername&amp;#x27;): yskVbFjn\nINFO     TestDemoBlazeE2E:base_page.py:111 Sent keys to element (&amp;#x27;id&amp;#x27;, &amp;#x27;loginpassword&amp;#x27;): Test@1234\nINFO     TestDemoBlazeE2E:base_page.py:61 Clicked element: (&amp;#x27;xpath&amp;#x27;, &amp;quot;//button[contains(text(),&amp;#x27;Log in&amp;#x27;)]&amp;quot;)\nINFO     TestDemoBlazeE2E:home_page.py:182 Logged in with username: yskVbFjn\nINFO     TestDemoBlazeE2E:base_page.py:36 Found element: (&amp;#x27;id&amp;#x27;, &amp;#x27;nameofuser&amp;#x27;)\nINFO     TestDemoBlazeE2E:base_page.py:145 Got text from element (&amp;#x27;id&amp;#x27;, &amp;#x27;nameofuser&amp;#x27;): Welcome yskVbFjn\nINFO     TestDemoBlazeE2E:base_page.py:36 Found element: (&amp;#x27;id&amp;#x27;, &amp;#x27;nameofuser&amp;#x27;)\nINFO     TestDemoBlazeE2E:base_page.py:145 Got text from element (&amp;#x27;id&amp;#x27;, &amp;#x27;nameofuser&amp;#x27;): Welcome yskVbFjn\nINFO     TestDemoBlazeE2E:base_page.py:61 Clicked element: (&amp;#x27;xpath&amp;#x27;, &amp;quot;//a[contains(text(),&amp;#x27;Phones&amp;#x27;)]&amp;quot;)\nINFO     TestDemoBlazeE2E:home_page.py:86 Selected category: phones\nINFO     TestDemoBlazeE2E:base_page.py:61 Clicked element: (&amp;#x27;xpath&amp;#x27;, &amp;quot;//a[contains(text(), &amp;#x27;Samsung galaxy s6&amp;#x27;)]&amp;quot;)\nINFO     TestDemoBlazeE2E:home_page.py:113 Clicked on product: Samsung galaxy s6\nINFO     TestDemoBlazeE2E:base_page.py:36 Found element: (&amp;#x27;xpath&amp;#x27;, &amp;quot;//h2[@class=&amp;#x27;name&amp;#x27;]&amp;quot;)\nINFO     TestDemoBlazeE2E:base_page.py:145 Got text from element (&amp;#x27;xpath&amp;#x27;, &amp;quot;//h2[@class=&amp;#x27;name&amp;#x27;]&amp;quot;): Samsung galaxy s6\nINFO     TestDemoBlazeE2E:product_page.py:22 Retrieved product name: Samsung galaxy s6\nINFO     TestDemoBlazeE2E:base_page.py:36 Found element: (&amp;#x27;xpath&amp;#x27;, &amp;quot;//h3[@class=&amp;#x27;price-container&amp;#x27;]&amp;quot;)\nINFO     TestDemoBlazeE2E:base_page.py:145 Got text from element (&amp;#x27;xpath&amp;#x27;, &amp;quot;//h3[@class=&amp;#x27;price-container&amp;#x27;]&amp;quot;): $360 *includes tax\nINFO     TestDemoBlazeE2E:product_page.py:30 Retrieved and cleaned product price: 360\nINFO     TestDemoBlazeE2E:base_page.py:61 Clicked element: (&amp;#x27;xpath&amp;#x27;, &amp;quot;//a[contains(text(),&amp;#x27;Add to cart&amp;#x27;)]&amp;quot;)\nINFO     TestDemoBlazeE2E:base_page.py:260 Accepted alert with text: Product added.\nINFO     TestDemoBlazeE2E:product_page.py:45 Product added to cart. Alert: Product added.\nINFO     TestDemoBlazeE2E:product_page.py:49 Completed &amp;#x27;Add to cart&amp;#x27; action\nINFO     TestDemoBlazeE2E:base_page.py:61 Clicked element: (&amp;#x27;id&amp;#x27;, &amp;#x27;cartur&amp;#x27;)\nINFO     TestDemoBlazeE2E:home_page.py:221 Navigated to cart\nINFO     TestDemoBlazeE2E:base_page.py:48 Found 1 elements: (&amp;#x27;xpath&amp;#x27;, &amp;quot;//tbody[@id=&amp;#x27;tbodyid&amp;#x27;]//tr&amp;quot;)\nINFO     TestDemoBlazeE2E:cart_page.py:36 Cart contains 1 item(s)\nINFO     TestDemoBlazeE2E:base_page.py:36 Found element: (&amp;#x27;id&amp;#x27;, &amp;#x27;totalp&amp;#x27;)\nINFO     TestDemoBlazeE2E:base_page.py:145 Got text from element (&amp;#x27;id&amp;#x27;, &amp;#x27;totalp&amp;#x27;): 360\nINFO     TestDemoBlazeE2E:cart_page.py:42 Cart total price: $360\nINFO     TestDemoBlazeE2E:base_page.py:61 Clicked element: (&amp;#x27;xpath&amp;#x27;, &amp;quot;//button[contains(text(),&amp;#x27;Place Order&amp;#x27;)]&amp;quot;)\nINFO     TestDemoBlazeE2E:cart_page.py:59 Clicked &amp;#x27;Place Order&amp;#x27;\nINFO     TestDemoBlazeE2E:base_page.py:111 Sent keys to element (&amp;#x27;id&amp;#x27;, &amp;#x27;name&amp;#x27;): Alisha Burton\nINFO     TestDemoBlazeE2E:base_page.py:111 Sent keys to element (&amp;#x27;id&amp;#x27;, &amp;#x27;country&amp;#x27;): USA\nINFO     TestDemoBlazeE2E:base_page.py:111 Sent keys to element (&amp;#x27;id&amp;#x27;, &amp;#x27;city&amp;#x27;): New York\nINFO     TestDemoBlazeE2E:base_page.py:111 Sent keys to element (&amp;#x27;id&amp;#x27;, &amp;#x27;card&amp;#x27;): 9565682946754103\nINFO     TestDemoBlazeE2E:base_page.py:111 Sent keys to element (&amp;#x27;id&amp;#x27;, &amp;#x27;month&amp;#x27;): 12\nINFO     TestDemoBlazeE2E:base_page.py:111 Sent keys to element (&amp;#x27;id&amp;#x27;, &amp;#x27;year&amp;#x27;): 2025\nINFO     TestDemoBlazeE2E:cart_page.py:69 Filled order form with shipping and payment details\nINFO     TestDemoBlazeE2E:base_page.py:61 Clicked element: (&amp;#x27;xpath&amp;#x27;, &amp;quot;//button[contains(text(),&amp;#x27;Purchase&amp;#x27;)]&amp;quot;)\nINFO     TestDemoBlazeE2E:cart_page.py:75 Completed purchase\nINFO     TestDemoBlazeE2E:base_page.py:36 Found element: (&amp;#x27;xpath&amp;#x27;, &amp;quot;//div[contains(@class, &amp;#x27;sweet-alert&amp;#x27;)]//h2[contains(text(), &amp;#x27;Thank you for your purchase!&amp;#x27;)]&amp;quot;)\nINFO     TestDemoBlazeE2E:base_page.py:145 Got text from element (&amp;#x27;xpath&amp;#x27;, &amp;quot;//div[contains(@class, &amp;#x27;sweet-alert&amp;#x27;)]//h2[contains(text(), &amp;#x27;Thank you for your purchase!&amp;#x27;)]&amp;quot;): Thank you for your purchase!\nINFO     TestDemoBlazeE2E:cart_page.py:80 Order confirmation received: Thank you for your purchase!...\nINFO     TestDemoBlazeE2E:base_page.py:61 Clicked element: (&amp;#x27;xpath&amp;#x27;, &amp;quot;//button[contains(text(),&amp;#x27;OK&amp;#x27;)]&amp;quot;)\nINFO     TestDemoBlazeE2E:cart_page.py:86 Closed confirmation modal\nINFO     TestDemoBlazeE2E:base_page.py:61 Clicked element: (&amp;#x27;id&amp;#x27;, &amp;#x27;logout2&amp;#x27;)\nINFO     TestDemoBlazeE2E:home_page.py:200 Logged out\nINFO     TestDemoBlazeE2E:base_page.py:36 Found element: (&amp;#x27;id&amp;#x27;, &amp;#x27;nameofuser&amp;#x27;)\nINFO     TestDemoBlazeE2E:base_page.py:145 Got text from element (&amp;#x27;id&amp;#x27;, &amp;#x27;nameofuser&amp;#x27;): \nINFO     TestDemoBlazeE2E:utility_methods.py:36 Screenshot saved: /home/runner/work/selenium-demoblaze-automation/selenium-demoblaze-automation/screenshots/e2e_complete.png\nINFO     TestDemoBlazeE2E:test_demoblaze_e2e.py:639 Complete E2E shopping flow completed successfully\n\n--------------------------- Captured stderr teardown ---------------------------\n2025-10-20 14:30:39 - TestDemoBlazeE2E - INFO - setup_and_teardown - Test completed\n2025-10-20 14:30:39 - TestDemoBlazeE2E - INFO - setup_and_teardown - ==================================================\n\n---------------------------- Captured log teardown -----------------------------\nINFO     TestDemoBlazeE2E:test_demoblaze_e2e.py:66 Test completed\nINFO     TestDemoBlazeE2E:test_demoblaze_e2e.py:67 ==================================================&#34;}], &#34;selenium_demoblaze_framework/tests/test_demoblaze_e2e.py::TestDemoBlazeE2E::test_21_invalid_login&#34;: [{&#34;extras&#34;: [], &#34;result&#34;: &#34;Passed&#34;, &#34;testId&#34;: &#34;selenium_demoblaze_framework/tests/test_demoblaze_e2e.py::TestDemoBlazeE2E::test_21_invalid_login&#34;, &#34;duration&#34;: &#34;00:00:04&#34;, &#34;resultsTableRow&#34;: [&#34;&lt;td class=\&#34;col-result\&#34;&gt;Passed&lt;/td&gt;&#34;, &#34;&lt;td class=\&#34;col-testId\&#34;&gt;selenium_demoblaze_framework/tests/test_demoblaze_e2e.py::TestDemoBlazeE2E::test_21_invalid_login&lt;/td&gt;&#34;, &#34;&lt;td class=\&#34;col-duration\&#34;&gt;00:00:04&lt;/td&gt;&#34;, &#34;&lt;td class=\&#34;col-links\&#34;&gt;&lt;/td&gt;&#34;], &#34;log&#34;: &#34;---------------------------- Captured stderr setup -----------------------------\n2025-10-20 14:30:39 - TestDemoBlazeE2E - INFO - setup_and_teardown - ==================================================\n2025-10-20 14:30:39 - TestDemoBlazeE2E - INFO - setup_and_teardown - Starting new test\n2025-10-20 14:30:41 - TestDemoBlazeE2E - INFO - setup_and_teardown - Navigated to DemoBlaze website\n\n------------------------------ Captured log setup ------------------------------\nINFO     TestDemoBlazeE2E:test_demoblaze_e2e.py:40 ==================================================\nINFO     TestDemoBlazeE2E:test_demoblaze_e2e.py:41 Starting new test\nINFO     TestDemoBlazeE2E:test_demoblaze_e2e.py:61 Navigated to DemoBlaze website\n\n----------------------------- Captured stderr call -----------------------------\n2025-10-20 14:30:41 - TestDemoBlazeE2E - INFO - test_21_invalid_login - Testing invalid login\n2025-10-20 14:30:41 - TestDemoBlazeE2E - INFO - click - Clicked element: (&amp;#x27;id&amp;#x27;, &amp;#x27;login2&amp;#x27;)\n2025-10-20 14:30:42 - TestDemoBlazeE2E - INFO - open_login_modal - Opened login modal\n2025-10-20 14:30:43 - TestDemoBlazeE2E - INFO - send_keys - Sent keys to element (&amp;#x27;id&amp;#x27;, &amp;#x27;loginusername&amp;#x27;): invaliduser\n2025-10-20 14:30:43 - TestDemoBlazeE2E - INFO - send_keys - Sent keys to element (&amp;#x27;id&amp;#x27;, &amp;#x27;loginpassword&amp;#x27;): wrongpass\n2025-10-20 14:30:43 - TestDemoBlazeE2E - INFO - click - Clicked element: (&amp;#x27;xpath&amp;#x27;, &amp;quot;//button[contains(text(),&amp;#x27;Log in&amp;#x27;)]&amp;quot;)\n2025-10-20 14:30:43 - TestDemoBlazeE2E - INFO - login - Logged in with username: invaliduser\n2025-10-20 14:30:44 - TestDemoBlazeE2E - INFO - accept_alert - Accepted alert with text: Wrong password.\n2025-10-20 14:30:44 - TestDemoBlazeE2E - INFO - find_element - Found element: (&amp;#x27;id&amp;#x27;, &amp;#x27;nameofuser&amp;#x27;)\n2025-10-20 14:30:44 - TestDemoBlazeE2E - INFO - get_text - Got text from element (&amp;#x27;id&amp;#x27;, &amp;#x27;nameofuser&amp;#x27;): \n\n------------------------------ Captured log call -------------------------------\nINFO     TestDemoBlazeE2E:test_demoblaze_e2e.py:645 Testing invalid login\nINFO     TestDemoBlazeE2E:base_page.py:61 Clicked element: (&amp;#x27;id&amp;#x27;, &amp;#x27;login2&amp;#x27;)\nINFO     TestDemoBlazeE2E:home_page.py:175 Opened login modal\nINFO     TestDemoBlazeE2E:base_page.py:111 Sent keys to element (&amp;#x27;id&amp;#x27;, &amp;#x27;loginusername&amp;#x27;): invaliduser\nINFO     TestDemoBlazeE2E:base_page.py:111 Sent keys to element (&amp;#x27;id&amp;#x27;, &amp;#x27;loginpassword&amp;#x27;): wrongpass\nINFO     TestDemoBlazeE2E:base_page.py:61 Clicked element: (&amp;#x27;xpath&amp;#x27;, &amp;quot;//button[contains(text(),&amp;#x27;Log in&amp;#x27;)]&amp;quot;)\nINFO     TestDemoBlazeE2E:home_page.py:182 Logged in with username: invaliduser\nINFO     TestDemoBlazeE2E:base_page.py:260 Accepted alert with text: Wrong password.\nINFO     TestDemoBlazeE2E:base_page.py:36 Found element: (&amp;#x27;id&amp;#x27;, &amp;#x27;nameofuser&amp;#x27;)\nINFO     TestDemoBlazeE2E:base_page.py:145 Got text from element (&amp;#x27;id&amp;#x27;, &amp;#x27;nameofuser&amp;#x27;):\n\n--------------------------- Captured stderr teardown ---------------------------\n2025-10-20 14:30:44 - TestDemoBlazeE2E - INFO - setup_and_teardown - Test completed\n2025-10-20 14:30:44 - TestDemoBlazeE2E - INFO - setup_and_teardown - ==================================================\n\n---------------------------- Captured log teardown -----------------------------\nINFO     TestDemoBlazeE2E:test_demoblaze_e2e.py:66 Test completed\nINFO     TestDemoBlazeE2E:test_demoblaze_e2e.py:67 ==================================================&#34;}], &#34;selenium_demoblaze_framework/tests/test_demoblaze_e2e.py::TestDemoBlazeE2E::test_22_duplicate_signup&#34;: [{&#34;extras&#34;: [], &#34;result&#34;: &#34;Passed&#34;, &#34;testId&#34;: &#34;selenium_demoblaze_framework/tests/test_demoblaze_e2e.py::TestDemoBlazeE2E::test_22_duplicate_signup&#34;, &#34;duration&#34;: &#34;00:00:04&#34;, &#34;resultsTableRow&#34;: [&#34;&lt;td class=\&#34;col-result\&#34;&gt;Passed&lt;/td&gt;&#34;, &#34;&lt;td class=\&#34;col-testId\&#34;&gt;selenium_demoblaze_framework/tests/test_demoblaze_e2e.py::TestDemoBlazeE2E::test_22_duplicate_signup&lt;/td&gt;&#34;, &#34;&lt;td class=\&#34;col-duration\&#34;&gt;00:00:04&lt;/td&gt;&#34;, &#34;&lt;td class=\&#34;col-links\&#34;&gt;&lt;/td&gt;&#34;], &#34;log&#34;: &#34;---------------------------- Captured stderr setup -----------------------------\n2025-10-20 14:30:44 - TestDemoBlazeE2E - INFO - setup_and_teardown - ==================================================\n2025-10-20 14:30:44 - TestDemoBlazeE2E - INFO - setup_and_teardown - Starting new test\n2025-10-20 14:30:45 - TestDemoBlazeE2E - INFO - setup_and_teardown - Navigated to DemoBlaze website\n\n------------------------------ Captured log setup ------------------------------\nINFO     TestDemoBlazeE2E:test_demoblaze_e2e.py:40 ==================================================\nINFO     TestDemoBlazeE2E:test_demoblaze_e2e.py:41 Starting new test\nINFO     TestDemoBlazeE2E:test_demoblaze_e2e.py:61 Navigated to DemoBlaze website\n\n----------------------------- Captured stderr call -----------------------------\n2025-10-20 14:30:45 - TestDemoBlazeE2E - INFO - test_22_duplicate_signup - Testing duplicate signup\n2025-10-20 14:30:45 - TestDemoBlazeE2E - INFO - click - Clicked element: (&amp;#x27;id&amp;#x27;, &amp;#x27;signin2&amp;#x27;)\n2025-10-20 14:30:46 - TestDemoBlazeE2E - INFO - open_signup_modal - Opened signup modal\n2025-10-20 14:30:47 - TestDemoBlazeE2E - INFO - send_keys - Sent keys to element (&amp;#x27;id&amp;#x27;, &amp;#x27;sign-username&amp;#x27;): testuser2024\n2025-10-20 14:30:47 - TestDemoBlazeE2E - INFO - send_keys - Sent keys to element (&amp;#x27;id&amp;#x27;, &amp;#x27;sign-password&amp;#x27;): Test@1234\n2025-10-20 14:30:47 - TestDemoBlazeE2E - INFO - click - Clicked element: (&amp;#x27;xpath&amp;#x27;, &amp;quot;//button[contains(text(),&amp;#x27;Sign up&amp;#x27;)]&amp;quot;)\n2025-10-20 14:30:47 - TestDemoBlazeE2E - INFO - signup - Signed up with username: testuser2024\n2025-10-20 14:30:48 - TestDemoBlazeE2E - INFO - accept_alert - Accepted alert with text: This user already exist.\n\n------------------------------ Captured log call -------------------------------\nINFO     TestDemoBlazeE2E:test_demoblaze_e2e.py:658 Testing duplicate signup\nINFO     TestDemoBlazeE2E:base_page.py:61 Clicked element: (&amp;#x27;id&amp;#x27;, &amp;#x27;signin2&amp;#x27;)\nINFO     TestDemoBlazeE2E:home_page.py:188 Opened signup modal\nINFO     TestDemoBlazeE2E:base_page.py:111 Sent keys to element (&amp;#x27;id&amp;#x27;, &amp;#x27;sign-username&amp;#x27;): testuser2024\nINFO     TestDemoBlazeE2E:base_page.py:111 Sent keys to element (&amp;#x27;id&amp;#x27;, &amp;#x27;sign-password&amp;#x27;): Test@1234\nINFO     TestDemoBlazeE2E:base_page.py:61 Clicked element: (&amp;#x27;xpath&amp;#x27;, &amp;quot;//button[contains(text(),&amp;#x27;Sign up&amp;#x27;)]&amp;quot;)\nINFO     TestDemoBlazeE2E:home_page.py:195 Signed up with username: testuser2024\nINFO     TestDemoBlazeE2E:base_page.py:260 Accepted alert with text: This user already exist.\n\n--------------------------- Captured stderr teardown ---------------------------\n2025-10-20 14:30:48 - TestDemoBlazeE2E - INFO - setup_and_teardown - Test completed\n2025-10-20 14:30:48 - TestDemoBlazeE2E - INFO - setup_and_teardown - ==================================================\n\n---------------------------- Captured log teardown -----------------------------\nINFO     TestDemoBlazeE2E:test_demoblaze_e2e.py:66 Test completed\nINFO     TestDemoBlazeE2E:test_demoblaze_e2e.py:67 ==================================================&#34;}], &#34;selenium_demoblaze_framework/tests/test_demoblaze_e2e.py::TestDemoBlazeE2E::test_23_contact_form&#34;: [{&#34;extras&#34;: [], &#34;result&#34;: &#34;Passed&#34;, &#34;testId&#34;: &#34;selenium_demoblaze_framework/tests/test_demoblaze_e2e.py::TestDemoBlazeE2E::test_23_contact_form&#34;, &#34;duration&#34;: &#34;00:00:04&#34;, &#34;resultsTableRow&#34;: [&#34;&lt;td class=\&#34;col-result\&#34;&gt;Passed&lt;/td&gt;&#34;, &#34;&lt;td class=\&#34;col-testId\&#34;&gt;selenium_demoblaze_framework/tests/test_demoblaze_e2e.py::TestDemoBlazeE2E::test_23_contact_form&lt;/td&gt;&#34;, &#34;&lt;td class=\&#34;col-duration\&#34;&gt;00:00:04&lt;/td&gt;&#34;, &#34;&lt;td class=\&#34;col-links\&#34;&gt;&lt;/td&gt;&#34;], &#34;log&#34;: &#34;---------------------------- Captured stderr setup -----------------------------\n2025-10-20 14:30:48 - TestDemoBlazeE2E - INFO - setup_and_teardown - ==================================================\n2025-10-20 14:30:48 - TestDemoBlazeE2E - INFO - setup_and_teardown - Starting new test\n2025-10-20 14:30:49 - TestDemoBlazeE2E - INFO - setup_and_teardown - Navigated to DemoBlaze website\n\n------------------------------ Captured log setup ------------------------------\nINFO     TestDemoBlazeE2E:test_demoblaze_e2e.py:40 ==================================================\nINFO     TestDemoBlazeE2E:test_demoblaze_e2e.py:41 Starting new test\nINFO     TestDemoBlazeE2E:test_demoblaze_e2e.py:61 Navigated to DemoBlaze website\n\n----------------------------- Captured stderr call -----------------------------\n2025-10-20 14:30:49 - TestDemoBlazeE2E - INFO - test_23_contact_form - Testing contact form\n2025-10-20 14:30:49 - TestDemoBlazeE2E - INFO - click - Clicked element: (&amp;#x27;xpath&amp;#x27;, &amp;quot;//a[contains(text(),&amp;#x27;Contact&amp;#x27;)]&amp;quot;)\n2025-10-20 14:30:50 - TestDemoBlazeE2E - INFO - open_contact_modal - Opened contact modal\n2025-10-20 14:30:51 - TestDemoBlazeE2E - INFO - send_keys - Sent keys to element (&amp;#x27;id&amp;#x27;, &amp;#x27;recipient-email&amp;#x27;): harveyjennifer@example.com\n2025-10-20 14:30:51 - TestDemoBlazeE2E - INFO - send_keys - Sent keys to element (&amp;#x27;id&amp;#x27;, &amp;#x27;recipient-name&amp;#x27;): Nichole Wilson\n2025-10-20 14:30:51 - TestDemoBlazeE2E - INFO - send_keys - Sent keys to element (&amp;#x27;id&amp;#x27;, &amp;#x27;message-text&amp;#x27;): mhc9S5bVT1kpEXR6b8qu0ffbX1Btjbfz1zMWJltudNUFhxruwu\n2025-10-20 14:30:51 - TestDemoBlazeE2E - INFO - fill_contact_form - Filled contact form with email: harveyjennifer@example.com, name: Nichole Wilson\n2025-10-20 14:30:51 - TestDemoBlazeE2E - INFO - click - Clicked element: (&amp;#x27;xpath&amp;#x27;, &amp;quot;//button[contains(text(),&amp;#x27;Send message&amp;#x27;)]&amp;quot;)\n2025-10-20 14:30:51 - TestDemoBlazeE2E - INFO - send_contact_message - Sent contact message\n2025-10-20 14:30:51 - TestDemoBlazeE2E - INFO - accept_alert - Accepted alert with text: Thanks for the message!!\n\n------------------------------ Captured log call -------------------------------\nINFO     TestDemoBlazeE2E:test_demoblaze_e2e.py:670 Testing contact form\nINFO     TestDemoBlazeE2E:base_page.py:61 Clicked element: (&amp;#x27;xpath&amp;#x27;, &amp;quot;//a[contains(text(),&amp;#x27;Contact&amp;#x27;)]&amp;quot;)\nINFO     TestDemoBlazeE2E:home_page.py:141 Opened contact modal\nINFO     TestDemoBlazeE2E:base_page.py:111 Sent keys to element (&amp;#x27;id&amp;#x27;, &amp;#x27;recipient-email&amp;#x27;): harveyjennifer@example.com\nINFO     TestDemoBlazeE2E:base_page.py:111 Sent keys to element (&amp;#x27;id&amp;#x27;, &amp;#x27;recipient-name&amp;#x27;): Nichole Wilson\nINFO     TestDemoBlazeE2E:base_page.py:111 Sent keys to element (&amp;#x27;id&amp;#x27;, &amp;#x27;message-text&amp;#x27;): mhc9S5bVT1kpEXR6b8qu0ffbX1Btjbfz1zMWJltudNUFhxruwu\nINFO     TestDemoBlazeE2E:home_page.py:148 Filled contact form with email: harveyjennifer@example.com, name: Nichole Wilson\nINFO     TestDemoBlazeE2E:base_page.py:61 Clicked element: (&amp;#x27;xpath&amp;#x27;, &amp;quot;//button[contains(text(),&amp;#x27;Send message&amp;#x27;)]&amp;quot;)\nINFO     TestDemoBlazeE2E:home_page.py:153 Sent contact message\nINFO     TestDemoBlazeE2E:base_page.py:260 Accepted alert with text: Thanks for the message!!\n\n--------------------------- Captured stderr teardown ---------------------------\n2025-10-20 14:30:51 - TestDemoBlazeE2E - INFO - setup_and_teardown - Test completed\n2025-10-20 14:30:51 - TestDemoBlazeE2E - INFO - setup_and_teardown - ==================================================\n\n---------------------------- Captured log teardown -----------------------------\nINFO     TestDemoBlazeE2E:test_demoblaze_e2e.py:66 Test completed\nINFO     TestDemoBlazeE2E:test_demoblaze_e2e.py:67 ==================================================&#34;}], &#34;selenium_demoblaze_framework/tests/test_demoblaze_e2e.py::TestDemoBlazeE2E::test_24_about_us_modal&#34;: [{&#34;extras&#34;: [], &#34;result&#34;: &#34;Passed&#34;, &#34;testId&#34;: &#34;selenium_demoblaze_framework/tests/test_demoblaze_e2e.py::TestDemoBlazeE2E::test_24_about_us_modal&#34;, &#34;duration&#34;: &#34;00:00:25&#34;, &#34;resultsTableRow&#34;: [&#34;&lt;td class=\&#34;col-result\&#34;&gt;Passed&lt;/td&gt;&#34;, &#34;&lt;td class=\&#34;col-testId\&#34;&gt;selenium_demoblaze_framework/tests/test_demoblaze_e2e.py::TestDemoBlazeE2E::test_24_about_us_modal&lt;/td&gt;&#34;, &#34;&lt;td class=\&#34;col-duration\&#34;&gt;00:00:25&lt;/td&gt;&#34;, &#34;&lt;td class=\&#34;col-links\&#34;&gt;&lt;/td&gt;&#34;], &#34;log&#34;: &#34;---------------------------- Captured stderr setup -----------------------------\n2025-10-20 14:30:51 - TestDemoBlazeE2E - INFO - setup_and_teardown - ==================================================\n2025-10-20 14:30:51 - TestDemoBlazeE2E - INFO - setup_and_teardown - Starting new test\n2025-10-20 14:30:52 - TestDemoBlazeE2E - INFO - setup_and_teardown - Navigated to DemoBlaze website\n\n------------------------------ Captured log setup ------------------------------\nINFO     TestDemoBlazeE2E:test_demoblaze_e2e.py:40 ==================================================\nINFO     TestDemoBlazeE2E:test_demoblaze_e2e.py:41 Starting new test\nINFO     TestDemoBlazeE2E:test_demoblaze_e2e.py:61 Navigated to DemoBlaze website\n\n----------------------------- Captured stderr call -----------------------------\n2025-10-20 14:30:52 - TestDemoBlazeE2E - INFO - test_24_about_us_modal - Testing About Us modal\n2025-10-20 14:30:52 - TestDemoBlazeE2E - INFO - click - Clicked element: (&amp;#x27;xpath&amp;#x27;, &amp;quot;//a[contains(text(),&amp;#x27;About us&amp;#x27;)]&amp;quot;)\n2025-10-20 14:30:53 - TestDemoBlazeE2E - INFO - open_about_modal - Opened About Us modal\n2025-10-20 14:30:54 - TestDemoBlazeE2E - INFO - find_element - Found element: (&amp;#x27;id&amp;#x27;, &amp;#x27;example-video&amp;#x27;)\n2025-10-20 14:31:15 - TestDemoBlazeE2E - ERROR - click - Failed to click element: (&amp;#x27;class name&amp;#x27;, &amp;#x27;vjs-play-control&amp;#x27;). Error: Message: \n\n2025-10-20 14:31:15 - TestDemoBlazeE2E - INFO - find_element - Found element: (&amp;#x27;class name&amp;#x27;, &amp;#x27;vjs-play-control&amp;#x27;)\n2025-10-20 14:31:15 - TestDemoBlazeE2E - INFO - click - Clicked element using JavaScript: (&amp;#x27;class name&amp;#x27;, &amp;#x27;vjs-play-control&amp;#x27;)\n2025-10-20 14:31:15 - TestDemoBlazeE2E - INFO - play_video - Playing video\n2025-10-20 14:31:17 - TestDemoBlazeE2E - INFO - click - Clicked element: (&amp;#x27;xpath&amp;#x27;, &amp;quot;//div[@id=&amp;#x27;videoModal&amp;#x27;]//button[contains(text(),&amp;#x27;Close&amp;#x27;)]&amp;quot;)\n2025-10-20 14:31:17 - TestDemoBlazeE2E - INFO - close_about_modal - Closed About Us modal\n\n------------------------------ Captured log call -------------------------------\nINFO     TestDemoBlazeE2E:test_demoblaze_e2e.py:686 Testing About Us modal\nINFO     TestDemoBlazeE2E:base_page.py:61 Clicked element: (&amp;#x27;xpath&amp;#x27;, &amp;quot;//a[contains(text(),&amp;#x27;About us&amp;#x27;)]&amp;quot;)\nINFO     TestDemoBlazeE2E:home_page.py:159 Opened About Us modal\nINFO     TestDemoBlazeE2E:base_page.py:36 Found element: (&amp;#x27;id&amp;#x27;, &amp;#x27;example-video&amp;#x27;)\nERROR    TestDemoBlazeE2E:base_page.py:63 Failed to click element: (&amp;#x27;class name&amp;#x27;, &amp;#x27;vjs-play-control&amp;#x27;). Error: Message: \n\nINFO     TestDemoBlazeE2E:base_page.py:36 Found element: (&amp;#x27;class name&amp;#x27;, &amp;#x27;vjs-play-control&amp;#x27;)\nINFO     TestDemoBlazeE2E:base_page.py:67 Clicked element using JavaScript: (&amp;#x27;class name&amp;#x27;, &amp;#x27;vjs-play-control&amp;#x27;)\nINFO     TestDemoBlazeE2E:home_page.py:164 Playing video\nINFO     TestDemoBlazeE2E:base_page.py:61 Clicked element: (&amp;#x27;xpath&amp;#x27;, &amp;quot;//div[@id=&amp;#x27;videoModal&amp;#x27;]//button[contains(text(),&amp;#x27;Close&amp;#x27;)]&amp;quot;)\nINFO     TestDemoBlazeE2E:home_page.py:169 Closed About Us modal\n\n--------------------------- Captured stderr teardown ---------------------------\n2025-10-20 14:31:17 - TestDemoBlazeE2E - INFO - setup_and_teardown - Test completed\n2025-10-20 14:31:17 - TestDemoBlazeE2E - INFO - setup_and_teardown - ==================================================\n\n---------------------------- Captured log teardown -----------------------------\nINFO     TestDemoBlazeE2E:test_demoblaze_e2e.py:66 Test completed\nINFO     TestDemoBlazeE2E:test_demoblaze_e2e.py:67 ==================================================&#34;}], &#34;selenium_demoblaze_framework/tests/test_demoblaze_e2e.py::TestDemoBlazeE2E::test_25_pagination&#34;: [{&#34;extras&#34;: [], &#34;result&#34;: &#34;Passed&#34;, &#34;testId&#34;: &#34;selenium_demoblaze_framework/tests/test_demoblaze_e2e.py::TestDemoBlazeE2E::test_25_pagination&#34;, &#34;duration&#34;: &#34;00:00:12&#34;, &#34;resultsTableRow&#34;: [&#34;&lt;td class=\&#34;col-result\&#34;&gt;Passed&lt;/td&gt;&#34;, &#34;&lt;td class=\&#34;col-testId\&#34;&gt;selenium_demoblaze_framework/tests/test_demoblaze_e2e.py::TestDemoBlazeE2E::test_25_pagination&lt;/td&gt;&#34;, &#34;&lt;td class=\&#34;col-duration\&#34;&gt;00:00:12&lt;/td&gt;&#34;, &#34;&lt;td class=\&#34;col-links\&#34;&gt;&lt;/td&gt;&#34;], &#34;log&#34;: &#34;---------------------------- Captured stderr setup -----------------------------\n2025-10-20 14:31:17 - TestDemoBlazeE2E - INFO - setup_and_teardown - ==================================================\n2025-10-20 14:31:17 - TestDemoBlazeE2E - INFO - setup_and_teardown - Starting new test\n2025-10-20 14:31:18 - TestDemoBlazeE2E - INFO - setup_and_teardown - Navigated to DemoBlaze website\n\n------------------------------ Captured log setup ------------------------------\nINFO     TestDemoBlazeE2E:test_demoblaze_e2e.py:40 ==================================================\nINFO     TestDemoBlazeE2E:test_demoblaze_e2e.py:41 Starting new test\nINFO     TestDemoBlazeE2E:test_demoblaze_e2e.py:61 Navigated to DemoBlaze website\n\n----------------------------- Captured stderr call -----------------------------\n2025-10-20 14:31:18 - TestDemoBlazeE2E - INFO - test_25_pagination - Testing pagination\n2025-10-20 14:31:18 - TestDemoBlazeE2E - INFO - click - Clicked element: (&amp;#x27;xpath&amp;#x27;, &amp;quot;//a[contains(text(),&amp;#x27;Home&amp;#x27;)]&amp;quot;)\n2025-10-20 14:31:18 - TestDemoBlazeE2E - INFO - navigate_to_home - Navigated to Home page\n2025-10-20 14:31:20 - TestDemoBlazeE2E - INFO - find_elements - Found 9 elements: (&amp;#x27;class name&amp;#x27;, &amp;#x27;card&amp;#x27;)\n2025-10-20 14:31:20 - TestDemoBlazeE2E - INFO - get_all_products - Found 9 products\n2025-10-20 14:31:20 - TestDemoBlazeE2E - INFO - click - Clicked element: (&amp;#x27;id&amp;#x27;, &amp;#x27;next2&amp;#x27;)\n2025-10-20 14:31:22 - TestDemoBlazeE2E - INFO - go_to_next_page - Navigated to next page\n2025-10-20 14:31:24 - TestDemoBlazeE2E - INFO - find_elements - Found 6 elements: (&amp;#x27;class name&amp;#x27;, &amp;#x27;card&amp;#x27;)\n2025-10-20 14:31:24 - TestDemoBlazeE2E - INFO - get_all_products - Found 6 products\n2025-10-20 14:31:24 - TestDemoBlazeE2E - INFO - click - Clicked element: (&amp;#x27;id&amp;#x27;, &amp;#x27;prev2&amp;#x27;)\n2025-10-20 14:31:26 - TestDemoBlazeE2E - INFO - go_to_previous_page - Navigated to previous page\n2025-10-20 14:31:29 - TestDemoBlazeE2E - INFO - find_elements - Found 9 elements: (&amp;#x27;class name&amp;#x27;, &amp;#x27;card&amp;#x27;)\n2025-10-20 14:31:29 - TestDemoBlazeE2E - INFO - get_all_products - Found 9 products\n2025-10-20 14:31:29 - TestDemoBlazeE2E - INFO - test_25_pagination - Pagination test passed: pages are non-empty and differ\n\n------------------------------ Captured log call -------------------------------\nINFO     TestDemoBlazeE2E:test_demoblaze_e2e.py:699 Testing pagination\nINFO     TestDemoBlazeE2E:base_page.py:61 Clicked element: (&amp;#x27;xpath&amp;#x27;, &amp;quot;//a[contains(text(),&amp;#x27;Home&amp;#x27;)]&amp;quot;)\nINFO     TestDemoBlazeE2E:home_page.py:72 Navigated to Home page\nINFO     TestDemoBlazeE2E:base_page.py:48 Found 9 elements: (&amp;#x27;class name&amp;#x27;, &amp;#x27;card&amp;#x27;)\nINFO     TestDemoBlazeE2E:home_page.py:104 Found 9 products\nINFO     TestDemoBlazeE2E:base_page.py:61 Clicked element: (&amp;#x27;id&amp;#x27;, &amp;#x27;next2&amp;#x27;)\nINFO     TestDemoBlazeE2E:home_page.py:129 Navigated to next page\nINFO     TestDemoBlazeE2E:base_page.py:48 Found 6 elements: (&amp;#x27;class name&amp;#x27;, &amp;#x27;card&amp;#x27;)\nINFO     TestDemoBlazeE2E:home_page.py:104 Found 6 products\nINFO     TestDemoBlazeE2E:base_page.py:61 Clicked element: (&amp;#x27;id&amp;#x27;, &amp;#x27;prev2&amp;#x27;)\nINFO     TestDemoBlazeE2E:home_page.py:135 Navigated to previous page\nINFO     TestDemoBlazeE2E:base_page.py:48 Found 9 elements: (&amp;#x27;class name&amp;#x27;, &amp;#x27;card&amp;#x27;)\nINFO     TestDemoBlazeE2E:home_page.py:104 Found 9 products\nINFO     TestDemoBlazeE2E:test_demoblaze_e2e.py:722 Pagination test passed: pages are non-empty and differ\n\n--------------------------- Captured stderr teardown ---------------------------\n2025-10-20 14:31:29 - TestDemoBlazeE2E - INFO - setup_and_teardown - Test completed\n2025-10-20 14:31:29 - TestDemoBlazeE2E - INFO - setup_and_teardown - ==================================================\n\n---------------------------- Captured log teardown -----------------------------\nINFO     TestDemoBlazeE2E:test_demoblaze_e2e.py:66 Test completed\nINFO     TestDemoBlazeE2E:test_demoblaze_e2e.py:67 ==================================================&#34;}], &#34;selenium_demoblaze_framework/tests/test_demoblaze_e2e.py::TestDemoBlazeE2E::test_26_categories&#34;: [{&#34;extras&#34;: [], &#34;result&#34;: &#34;Passed&#34;, &#34;testId&#34;: &#34;selenium_demoblaze_framework/tests/test_demoblaze_e2e.py::TestDemoBlazeE2E::test_26_categories&#34;, &#34;duration&#34;: &#34;00:00:14&#34;, &#34;resultsTableRow&#34;: [&#34;&lt;td class=\&#34;col-result\&#34;&gt;Passed&lt;/td&gt;&#34;, &#34;&lt;td class=\&#34;col-testId\&#34;&gt;selenium_demoblaze_framework/tests/test_demoblaze_e2e.py::TestDemoBlazeE2E::test_26_categories&lt;/td&gt;&#34;, &#34;&lt;td class=\&#34;col-duration\&#34;&gt;00:00:14&lt;/td&gt;&#34;, &#34;&lt;td class=\&#34;col-links\&#34;&gt;&lt;/td&gt;&#34;], &#34;log&#34;: &#34;---------------------------- Captured stderr setup -----------------------------\n2025-10-20 14:31:29 - TestDemoBlazeE2E - INFO - setup_and_teardown - ==================================================\n2025-10-20 14:31:29 - TestDemoBlazeE2E - INFO - setup_and_teardown - Starting new test\n2025-10-20 14:31:30 - TestDemoBlazeE2E - INFO - setup_and_teardown - Navigated to DemoBlaze website\n\n------------------------------ Captured log setup ------------------------------\nINFO     TestDemoBlazeE2E:test_demoblaze_e2e.py:40 ==================================================\nINFO     TestDemoBlazeE2E:test_demoblaze_e2e.py:41 Starting new test\nINFO     TestDemoBlazeE2E:test_demoblaze_e2e.py:61 Navigated to DemoBlaze website\n\n----------------------------- Captured stderr call -----------------------------\n2025-10-20 14:31:30 - TestDemoBlazeE2E - INFO - test_26_categories - Testing categories\n2025-10-20 14:31:30 - TestDemoBlazeE2E - INFO - click - Clicked element: (&amp;#x27;xpath&amp;#x27;, &amp;quot;//a[contains(text(),&amp;#x27;Phones&amp;#x27;)]&amp;quot;)\n2025-10-20 14:31:32 - TestDemoBlazeE2E - INFO - select_category - Selected category: phones\n2025-10-20 14:31:34 - TestDemoBlazeE2E - INFO - find_elements - Found 7 elements: (&amp;#x27;class name&amp;#x27;, &amp;#x27;card&amp;#x27;)\n2025-10-20 14:31:34 - TestDemoBlazeE2E - INFO - get_all_products - Found 7 products\n2025-10-20 14:31:34 - TestDemoBlazeE2E - INFO - test_26_categories - Category Phones has 7 products\n2025-10-20 14:31:34 - TestDemoBlazeE2E - INFO - click - Clicked element: (&amp;#x27;xpath&amp;#x27;, &amp;quot;//a[contains(text(),&amp;#x27;Laptops&amp;#x27;)]&amp;quot;)\n2025-10-20 14:31:36 - TestDemoBlazeE2E - INFO - select_category - Selected category: laptops\n2025-10-20 14:31:38 - TestDemoBlazeE2E - INFO - find_elements - Found 6 elements: (&amp;#x27;class name&amp;#x27;, &amp;#x27;card&amp;#x27;)\n2025-10-20 14:31:38 - TestDemoBlazeE2E - INFO - get_all_products - Found 6 products\n2025-10-20 14:31:38 - TestDemoBlazeE2E - INFO - test_26_categories - Category Laptops has 6 products\n2025-10-20 14:31:38 - TestDemoBlazeE2E - INFO - click - Clicked element: (&amp;#x27;xpath&amp;#x27;, &amp;quot;//a[contains(text(),&amp;#x27;Monitors&amp;#x27;)]&amp;quot;)\n2025-10-20 14:31:40 - TestDemoBlazeE2E - INFO - select_category - Selected category: monitors\n2025-10-20 14:31:42 - TestDemoBlazeE2E - INFO - find_elements - Found 2 elements: (&amp;#x27;class name&amp;#x27;, &amp;#x27;card&amp;#x27;)\n2025-10-20 14:31:43 - TestDemoBlazeE2E - INFO - get_all_products - Found 2 products\n2025-10-20 14:31:43 - TestDemoBlazeE2E - INFO - test_26_categories - Category Monitors has 2 products\n\n------------------------------ Captured log call -------------------------------\nINFO     TestDemoBlazeE2E:test_demoblaze_e2e.py:727 Testing categories\nINFO     TestDemoBlazeE2E:base_page.py:61 Clicked element: (&amp;#x27;xpath&amp;#x27;, &amp;quot;//a[contains(text(),&amp;#x27;Phones&amp;#x27;)]&amp;quot;)\nINFO     TestDemoBlazeE2E:home_page.py:86 Selected category: phones\nINFO     TestDemoBlazeE2E:base_page.py:48 Found 7 elements: (&amp;#x27;class name&amp;#x27;, &amp;#x27;card&amp;#x27;)\nINFO     TestDemoBlazeE2E:home_page.py:104 Found 7 products\nINFO     TestDemoBlazeE2E:test_demoblaze_e2e.py:735 Category Phones has 7 products\nINFO     TestDemoBlazeE2E:base_page.py:61 Clicked element: (&amp;#x27;xpath&amp;#x27;, &amp;quot;//a[contains(text(),&amp;#x27;Laptops&amp;#x27;)]&amp;quot;)\nINFO     TestDemoBlazeE2E:home_page.py:86 Selected category: laptops\nINFO     TestDemoBlazeE2E:base_page.py:48 Found 6 elements: (&amp;#x27;class name&amp;#x27;, &amp;#x27;card&amp;#x27;)\nINFO     TestDemoBlazeE2E:home_page.py:104 Found 6 products\nINFO     TestDemoBlazeE2E:test_demoblaze_e2e.py:735 Category Laptops has 6 products\nINFO     TestDemoBlazeE2E:base_page.py:61 Clicked element: (&amp;#x27;xpath&amp;#x27;, &amp;quot;//a[contains(text(),&amp;#x27;Monitors&amp;#x27;)]&amp;quot;)\nINFO     TestDemoBlazeE2E:home_page.py:86 Selected category: monitors\nINFO     TestDemoBlazeE2E:base_page.py:48 Found 2 elements: (&amp;#x27;class name&amp;#x27;, &amp;#x27;card&amp;#x27;)\nINFO     TestDemoBlazeE2E:home_page.py:104 Found 2 products\nINFO     TestDemoBlazeE2E:test_demoblaze_e2e.py:735 Category Monitors has 2 products\n\n--------------------------- Captured stderr teardown ---------------------------\n2025-10-20 14:31:43 - TestDemoBlazeE2E - INFO - setup_and_teardown - Test completed\n2025-10-20 14:31:43 - TestDemoBlazeE2E - INFO - setup_and_teardown - ==================================================\n\n---------------------------- Captured log teardown -----------------------------\nINFO     TestDemoBlazeE2E:test_demoblaze_e2e.py:66 Test completed\nINFO     TestDemoBlazeE2E:test_demoblaze_e2e.py:67 ==================================================&#34;}], &#34;selenium_demoblaze_framework/tests/test_demoblaze_e2e.py::TestDemoBlazeE2E::test_27_network_emulation&#34;: [{&#34;extras&#34;: [], &#34;result&#34;: &#34;Passed&#34;, &#34;testId&#34;: &#34;selenium_demoblaze_framework/tests/test_demoblaze_e2e.py::TestDemoBlazeE2E::test_27_network_emulation&#34;, &#34;duration&#34;: &#34;00:00:06&#34;, &#34;resultsTableRow&#34;: [&#34;&lt;td class=\&#34;col-result\&#34;&gt;Passed&lt;/td&gt;&#34;, &#34;&lt;td class=\&#34;col-testId\&#34;&gt;selenium_demoblaze_framework/tests/test_demoblaze_e2e.py::TestDemoBlazeE2E::test_27_network_emulation&lt;/td&gt;&#34;, &#34;&lt;td class=\&#34;col-duration\&#34;&gt;00:00:06&lt;/td&gt;&#34;, &#34;&lt;td class=\&#34;col-links\&#34;&gt;&lt;/td&gt;&#34;], &#34;log&#34;: &#34;---------------------------- Captured stderr setup -----------------------------\n2025-10-20 14:31:43 - TestDemoBlazeE2E - INFO - setup_and_teardown - ==================================================\n2025-10-20 14:31:43 - TestDemoBlazeE2E - INFO - setup_and_teardown - Starting new test\n2025-10-20 14:31:44 - TestDemoBlazeE2E - INFO - setup_and_teardown - Navigated to DemoBlaze website\n\n------------------------------ Captured log setup ------------------------------\nINFO     TestDemoBlazeE2E:test_demoblaze_e2e.py:40 ==================================================\nINFO     TestDemoBlazeE2E:test_demoblaze_e2e.py:41 Starting new test\nINFO     TestDemoBlazeE2E:test_demoblaze_e2e.py:61 Navigated to DemoBlaze website\n\n----------------------------- Captured stderr call -----------------------------\n2025-10-20 14:31:44 - TestDemoBlazeE2E - INFO - test_27_network_emulation - Testing network emulation\n2025-10-20 14:31:44 - TestDemoBlazeE2E - INFO - set_network_conditions - Network conditions set: offline=False, latency=100ms\n2025-10-20 14:31:49 - TestDemoBlazeE2E - INFO - set_network_conditions - Network conditions set: offline=False, latency=0ms\n\n------------------------------ Captured log call -------------------------------\nINFO     TestDemoBlazeE2E:test_demoblaze_e2e.py:743 Testing network emulation\nINFO     TestDemoBlazeE2E:utility_methods.py:207 Network conditions set: offline=False, latency=100ms\nINFO     TestDemoBlazeE2E:utility_methods.py:207 Network conditions set: offline=False, latency=0ms\n\n--------------------------- Captured stderr teardown ---------------------------\n2025-10-20 14:31:49 - TestDemoBlazeE2E - INFO - setup_and_teardown - Test completed\n2025-10-20 14:31:49 - TestDemoBlazeE2E - INFO - setup_and_teardown - ==================================================\n\n---------------------------- Captured log teardown -----------------------------\nINFO     TestDemoBlazeE2E:test_demoblaze_e2e.py:66 Test completed\nINFO     TestDemoBlazeE2E:test_demoblaze_e2e.py:67 ==================================================&#34;}], &#34;selenium_demoblaze_framework/tests/test_demoblaze_e2e.py::TestDemoBlazeE2E::test_28_mobile_emulation&#34;: [{&#34;extras&#34;: [], &#34;result&#34;: &#34;Passed&#34;, &#34;testId&#34;: &#34;selenium_demoblaze_framework/tests/test_demoblaze_e2e.py::TestDemoBlazeE2E::test_28_mobile_emulation&#34;, &#34;duration&#34;: &#34;00:00:01&#34;, &#34;resultsTableRow&#34;: [&#34;&lt;td class=\&#34;col-result\&#34;&gt;Passed&lt;/td&gt;&#34;, &#34;&lt;td class=\&#34;col-testId\&#34;&gt;selenium_demoblaze_framework/tests/test_demoblaze_e2e.py::TestDemoBlazeE2E::test_28_mobile_emulation&lt;/td&gt;&#34;, &#34;&lt;td class=\&#34;col-duration\&#34;&gt;00:00:01&lt;/td&gt;&#34;, &#34;&lt;td class=\&#34;col-links\&#34;&gt;&lt;/td&gt;&#34;], &#34;log&#34;: &#34;---------------------------- Captured stderr setup -----------------------------\n2025-10-20 14:31:49 - TestDemoBlazeE2E - INFO - setup_and_teardown - ==================================================\n2025-10-20 14:31:49 - TestDemoBlazeE2E - INFO - setup_and_teardown - Starting new test\n2025-10-20 14:31:50 - TestDemoBlazeE2E - INFO - setup_and_teardown - Navigated to DemoBlaze website\n\n------------------------------ Captured log setup ------------------------------\nINFO     TestDemoBlazeE2E:test_demoblaze_e2e.py:40 ==================================================\nINFO     TestDemoBlazeE2E:test_demoblaze_e2e.py:41 Starting new test\nINFO     TestDemoBlazeE2E:test_demoblaze_e2e.py:61 Navigated to DemoBlaze website\n\n----------------------------- Captured stderr call -----------------------------\n2025-10-20 14:31:50 - TestDemoBlazeE2E - INFO - test_28_mobile_emulation - Mobile emulation test skipped - enable in browser_config.py\n\n------------------------------ Captured log call -------------------------------\nINFO     TestDemoBlazeE2E:test_demoblaze_e2e.py:763 Mobile emulation test skipped - enable in browser_config.py\n\n--------------------------- Captured stderr teardown ---------------------------\n2025-10-20 14:31:50 - TestDemoBlazeE2E - INFO - setup_and_teardown - Test completed\n2025-10-20 14:31:50 - TestDemoBlazeE2E - INFO - setup_and_teardown - ==================================================\n\n---------------------------- Captured log teardown -----------------------------\nINFO     TestDemoBlazeE2E:test_demoblaze_e2e.py:66 Test completed\nINFO     TestDemoBlazeE2E:test_demoblaze_e2e.py:67 ==================================================&#34;}], &#34;selenium_demoblaze_framework/tests/test_demoblaze_e2e.py::TestDemoBlazeE2E::test_29_log_collection&#34;: [{&#34;extras&#34;: [], &#34;result&#34;: &#34;Passed&#34;, &#34;testId&#34;: &#34;selenium_demoblaze_framework/tests/test_demoblaze_e2e.py::TestDemoBlazeE2E::test_29_log_collection&#34;, &#34;duration&#34;: &#34;00:00:13&#34;, &#34;resultsTableRow&#34;: [&#34;&lt;td class=\&#34;col-result\&#34;&gt;Passed&lt;/td&gt;&#34;, &#34;&lt;td class=\&#34;col-testId\&#34;&gt;selenium_demoblaze_framework/tests/test_demoblaze_e2e.py::TestDemoBlazeE2E::test_29_log_collection&lt;/td&gt;&#34;, &#34;&lt;td class=\&#34;col-duration\&#34;&gt;00:00:13&lt;/td&gt;&#34;, &#34;&lt;td class=\&#34;col-links\&#34;&gt;&lt;/td&gt;&#34;], &#34;log&#34;: &#34;---------------------------- Captured stderr setup -----------------------------\n2025-10-20 14:31:50 - TestDemoBlazeE2E - INFO - setup_and_teardown - ==================================================\n2025-10-20 14:31:50 - TestDemoBlazeE2E - INFO - setup_and_teardown - Starting new test\n2025-10-20 14:31:51 - TestDemoBlazeE2E - INFO - setup_and_teardown - Navigated to DemoBlaze website\n\n------------------------------ Captured log setup ------------------------------\nINFO     TestDemoBlazeE2E:test_demoblaze_e2e.py:40 ==================================================\nINFO     TestDemoBlazeE2E:test_demoblaze_e2e.py:41 Starting new test\nINFO     TestDemoBlazeE2E:test_demoblaze_e2e.py:61 Navigated to DemoBlaze website\n\n----------------------------- Captured stderr call -----------------------------\n2025-10-20 14:31:51 - TestDemoBlazeE2E - INFO - test_29_log_collection - Testing log collection\n2025-10-20 14:31:51 - TestDemoBlazeE2E - INFO - click - Clicked element: (&amp;#x27;id&amp;#x27;, &amp;#x27;login2&amp;#x27;)\n2025-10-20 14:31:52 - TestDemoBlazeE2E - INFO - open_login_modal - Opened login modal\n2025-10-20 14:31:52 - TestDemoBlazeE2E - INFO - send_keys - Sent keys to element (&amp;#x27;id&amp;#x27;, &amp;#x27;loginusername&amp;#x27;): test\n2025-10-20 14:31:52 - TestDemoBlazeE2E - INFO - send_keys - Sent keys to element (&amp;#x27;id&amp;#x27;, &amp;#x27;loginpassword&amp;#x27;): test\n2025-10-20 14:31:52 - TestDemoBlazeE2E - INFO - click - Clicked element: (&amp;#x27;xpath&amp;#x27;, &amp;quot;//button[contains(text(),&amp;#x27;Log in&amp;#x27;)]&amp;quot;)\n2025-10-20 14:31:52 - TestDemoBlazeE2E - INFO - login - Logged in with username: test\n2025-10-20 14:32:02 - TestDemoBlazeE2E - WARNING - accept_alert - No alert present\n2025-10-20 14:32:02 - TestDemoBlazeE2E - INFO - test_29_log_collection - Browser log: {&amp;#x27;level&amp;#x27;: &amp;#x27;WARNING&amp;#x27;, &amp;#x27;message&amp;#x27;: &amp;#x27;https://www.demoblaze.com/node_modules/video.js/dist/video.min.js 11:694 &amp;quot;VIDEOJS:&amp;quot; &amp;quot;WARN:&amp;quot; &amp;quot;A plugin named \\\\&amp;quot;reloadSourceOnError\\\\&amp;quot; already exists. You may want to avoid re-registering plugins!&amp;quot;&amp;#x27;, &amp;#x27;source&amp;#x27;: &amp;#x27;console-api&amp;#x27;, &amp;#x27;timestamp&amp;#x27;: 1760970711361}\n2025-10-20 14:32:02 - TestDemoBlazeE2E - INFO - test_29_log_collection - Browser log: {&amp;#x27;level&amp;#x27;: &amp;#x27;WARNING&amp;#x27;, &amp;#x27;message&amp;#x27;: &amp;#x27;https://www.demoblaze.com/node_modules/video.js/dist/video.min.js 11:694 &amp;quot;VIDEOJS:&amp;quot; &amp;quot;WARN:&amp;quot; &amp;quot;A plugin named \\\\&amp;quot;reloadSourceOnError\\\\&amp;quot; already exists. You may want to avoid re-registering plugins!&amp;quot;&amp;#x27;, &amp;#x27;source&amp;#x27;: &amp;#x27;console-api&amp;#x27;, &amp;#x27;timestamp&amp;#x27;: 1760970713314}\n\n------------------------------ Captured log call -------------------------------\nINFO     TestDemoBlazeE2E:test_demoblaze_e2e.py:769 Testing log collection\nINFO     TestDemoBlazeE2E:base_page.py:61 Clicked element: (&amp;#x27;id&amp;#x27;, &amp;#x27;login2&amp;#x27;)\nINFO     TestDemoBlazeE2E:home_page.py:175 Opened login modal\nINFO     TestDemoBlazeE2E:base_page.py:111 Sent keys to element (&amp;#x27;id&amp;#x27;, &amp;#x27;loginusername&amp;#x27;): test\nINFO     TestDemoBlazeE2E:base_page.py:111 Sent keys to element (&amp;#x27;id&amp;#x27;, &amp;#x27;loginpassword&amp;#x27;): test\nINFO     TestDemoBlazeE2E:base_page.py:61 Clicked element: (&amp;#x27;xpath&amp;#x27;, &amp;quot;//button[contains(text(),&amp;#x27;Log in&amp;#x27;)]&amp;quot;)\nINFO     TestDemoBlazeE2E:home_page.py:182 Logged in with username: test\nWARNING  TestDemoBlazeE2E:base_page.py:263 No alert present\nINFO     TestDemoBlazeE2E:test_demoblaze_e2e.py:777 Browser log: {&amp;#x27;level&amp;#x27;: &amp;#x27;WARNING&amp;#x27;, &amp;#x27;message&amp;#x27;: &amp;#x27;https://www.demoblaze.com/node_modules/video.js/dist/video.min.js 11:694 &amp;quot;VIDEOJS:&amp;quot; &amp;quot;WARN:&amp;quot; &amp;quot;A plugin named \\\\&amp;quot;reloadSourceOnError\\\\&amp;quot; already exists. You may want to avoid re-registering plugins!&amp;quot;&amp;#x27;, &amp;#x27;source&amp;#x27;: &amp;#x27;console-api&amp;#x27;, &amp;#x27;timestamp&amp;#x27;: 1760970711361}\nINFO     TestDemoBlazeE2E:test_demoblaze_e2e.py:777 Browser log: {&amp;#x27;level&amp;#x27;: &amp;#x27;WARNING&amp;#x27;, &amp;#x27;message&amp;#x27;: &amp;#x27;https://www.demoblaze.com/node_modules/video.js/dist/video.min.js 11:694 &amp;quot;VIDEOJS:&amp;quot; &amp;quot;WARN:&amp;quot; &amp;quot;A plugin named \\\\&amp;quot;reloadSourceOnError\\\\&amp;quot; already exists. You may want to avoid re-registering plugins!&amp;quot;&amp;#x27;, &amp;#x27;source&amp;#x27;: &amp;#x27;console-api&amp;#x27;, &amp;#x27;timestamp&amp;#x27;: 1760970713314}\n\n--------------------------- Captured stderr teardown ---------------------------\n2025-10-20 14:32:02 - TestDemoBlazeE2E - INFO - setup_and_teardown - Test completed\n2025-10-20 14:32:02 - TestDemoBlazeE2E - INFO - setup_and_teardown - ==================================================\n\n---------------------------- Captured log teardown -----------------------------\nINFO     TestDemoBlazeE2E:test_demoblaze_e2e.py:66 Test completed\nINFO     TestDemoBlazeE2E:test_demoblaze_e2e.py:67 ==================================================&#34;}], &#34;selenium_demoblaze_framework/tests/test_demoblaze_e2e.py::TestDemoBlazeE2E::test_30_cleanup&#34;: [{&#34;extras&#34;: [], &#34;result&#34;: &#34;Passed&#34;, &#34;testId&#34;: &#34;selenium_demoblaze_framework/tests/test_demoblaze_e2e.py::TestDemoBlazeE2E::test_30_cleanup&#34;, &#34;duration&#34;: &#34;00:00:01&#34;, &#34;resultsTableRow&#34;: [&#34;&lt;td class=\&#34;col-result\&#34;&gt;Passed&lt;/td&gt;&#34;, &#34;&lt;td class=\&#34;col-testId\&#34;&gt;selenium_demoblaze_framework/tests/test_demoblaze_e2e.py::TestDemoBlazeE2E::test_30_cleanup&lt;/td&gt;&#34;, &#34;&lt;td class=\&#34;col-duration\&#34;&gt;00:00:01&lt;/td&gt;&#34;, &#34;&lt;td class=\&#34;col-links\&#34;&gt;&lt;/td&gt;&#34;], &#34;log&#34;: &#34;---------------------------- Captured stderr setup -----------------------------\n2025-10-20 14:32:03 - TestDemoBlazeE2E - INFO - setup_and_teardown - ==================================================\n2025-10-20 14:32:03 - TestDemoBlazeE2E - INFO - setup_and_teardown - Starting new test\n2025-10-20 14:32:04 - TestDemoBlazeE2E - INFO - setup_and_teardown - Navigated to DemoBlaze website\n\n------------------------------ Captured log setup ------------------------------\nINFO     TestDemoBlazeE2E:test_demoblaze_e2e.py:40 ==================================================\nINFO     TestDemoBlazeE2E:test_demoblaze_e2e.py:41 Starting new test\nINFO     TestDemoBlazeE2E:test_demoblaze_e2e.py:61 Navigated to DemoBlaze website\n\n----------------------------- Captured stderr call -----------------------------\n2025-10-20 14:32:04 - TestDemoBlazeE2E - INFO - test_30_cleanup - Performing cleanup\n2025-10-20 14:32:04 - TestDemoBlazeE2E - INFO - delete_all_cookies - Deleted all cookies\n2025-10-20 14:32:04 - TestDemoBlazeE2E - INFO - refresh_page - Page refreshed\n2025-10-20 14:32:04 - TestDemoBlazeE2E - INFO - test_30_cleanup - Cleanup completed\n\n------------------------------ Captured log call -------------------------------\nINFO     TestDemoBlazeE2E:test_demoblaze_e2e.py:783 Performing cleanup\nINFO     TestDemoBlazeE2E:base_page.py:309 Deleted all cookies\nINFO     TestDemoBlazeE2E:base_page.py:314 Page refreshed\nINFO     TestDemoBlazeE2E:test_demoblaze_e2e.py:790 Cleanup completed\n\n--------------------------- Captured stderr teardown ---------------------------\n2025-10-20 14:32:04 - TestDemoBlazeE2E - INFO - setup_and_teardown - Test completed\n2025-10-20 14:32:04 - TestDemoBlazeE2E - INFO - setup_and_teardown - ==================================================\n\n---------------------------- Captured log teardown -----------------------------\nINFO     TestDemoBlazeE2E:test_demoblaze_e2e.py:66 Test completed\nINFO     TestDemoBlazeE2E:test_demoblaze_e2e.py:67 ==================================================&#34;}], &#34;selenium_demoblaze_framework/tests/test_demoblaze_e2e.py::TestDemoBlazeE2E::test_31_file_upload&#34;: [{&#34;extras&#34;: [], &#34;result&#34;: &#34;Failed&#34;, &#34;testId&#34;: &#34;selenium_demoblaze_framework/tests/test_demoblaze_e2e.py::TestDemoBlazeE2E::test_31_file_upload&#34;, &#34;duration&#34;: &#34;00:00:16&#34;, &#34;resultsTableRow&#34;: [&#34;&lt;td class=\&#34;col-result\&#34;&gt;Failed&lt;/td&gt;&#34;, &#34;&lt;td class=\&#34;col-testId\&#34;&gt;selenium_demoblaze_framework/tests/test_demoblaze_e2e.py::TestDemoBlazeE2E::test_31_file_upload&lt;/td&gt;&#34;, &#34;&lt;td class=\&#34;col-duration\&#34;&gt;00:00:16&lt;/td&gt;&#34;, &#34;&lt;td class=\&#34;col-links\&#34;&gt;&lt;/td&gt;&#34;], &#34;log&#34;: &#34;self = &amp;lt;tests.test_demoblaze_e2e.TestDemoBlazeE2E object at 0x7fe54c110e20&amp;gt;\n\n    @allure.feature(&amp;#x27;File Upload&amp;#x27;)\n    @allure.story(&amp;#x27;Test File Upload using send_keys and pyautogui&amp;#x27;)\n    def test_31_file_upload(self):\n        &amp;quot;&amp;quot;&amp;quot;Test file upload using send_keys (primary) and pyautogui (fallback).&amp;quot;&amp;quot;&amp;quot;\n        self.logger.info(&amp;quot;Testing file upload&amp;quot;)\n    \n        # Navigate to file upload demo site\n        self.driver.get(&amp;quot;https://the-internet.herokuapp.com/upload&amp;quot;)\n    \n        # Create a temporary test file\n        test_file_name = &amp;quot;upload_test.txt&amp;quot;\n        test_file_path = os.path.join(os.getcwd(), test_file_name)\n        with open(test_file_path, &amp;quot;w&amp;quot;) as f:\n            f.write(&amp;quot;This is a test file for Selenium upload.&amp;quot;)\n    \n        try:\n            # Locate file input and upload using send_keys\n&amp;gt;           file_input = self.driver.find_element(By.ID, &amp;quot;file-upload&amp;quot;)\n\nselenium_demoblaze_framework/tests/test_demoblaze_e2e.py:809: \n_ _ _ _ _ _ _ _ _ _ _ _ _ _ _ _ _ _ _ _ _ _ _ _ _ _ _ _ _ _ _ _ _ _ _ _ _ _ _ _ \n/opt/hostedtoolcache/Python/3.9.24/x64/lib/python3.9/site-packages/selenium/webdriver/remote/webdriver.py:740: in find_element\n    return self.execute(Command.FIND_ELEMENT, {&amp;quot;using&amp;quot;: by, &amp;quot;value&amp;quot;: value})[&amp;quot;value&amp;quot;]\n/opt/hostedtoolcache/Python/3.9.24/x64/lib/python3.9/site-packages/selenium/webdriver/remote/webdriver.py:346: in execute\n    self.error_handler.check_response(response)\n_ _ _ _ _ _ _ _ _ _ _ _ _ _ _ _ _ _ _ _ _ _ _ _ _ _ _ _ _ _ _ _ _ _ _ _ _ _ _ _ \n\nself = &amp;lt;selenium.webdriver.remote.errorhandler.ErrorHandler object at 0x7fe55d6d3ac0&amp;gt;\nresponse = {&amp;#x27;status&amp;#x27;: 404, &amp;#x27;value&amp;#x27;: &amp;#x27;{&amp;quot;value&amp;quot;:{&amp;quot;error&amp;quot;:&amp;quot;no such element&amp;quot;,&amp;quot;message&amp;quot;:&amp;quot;no such element: Unable to locate element: {\\...\\\\n#17 0x563a4070e613 \\\\u003Cunknown&amp;gt;\\\\n#18 0x7f241ee9caa4 \\\\u003Cunknown&amp;gt;\\\\n#19 0x7f241ef29c6c \\\\u003Cunknown&amp;gt;\\\\n&amp;quot;}}&amp;#x27;}\n\n    def check_response(self, response: Dict[str, Any]) -&amp;gt; None:\n        &amp;quot;&amp;quot;&amp;quot;Checks that a JSON response from the WebDriver does not have an\n        error.\n    \n        :Args:\n         - response - The JSON response from the WebDriver server as a dictionary\n           object.\n    \n        :Raises: If the response contains an error message.\n        &amp;quot;&amp;quot;&amp;quot;\n        status = response.get(&amp;quot;status&amp;quot;, None)\n        if not status or status == ErrorCode.SUCCESS:\n            return\n        value = None\n        message = response.get(&amp;quot;message&amp;quot;, &amp;quot;&amp;quot;)\n        screen: str = response.get(&amp;quot;screen&amp;quot;, &amp;quot;&amp;quot;)\n        stacktrace = None\n        if isinstance(status, int):\n            value_json = response.get(&amp;quot;value&amp;quot;, None)\n            if value_json and isinstance(value_json, str):\n                import json\n    \n                try:\n                    value = json.loads(value_json)\n                    if len(value) == 1:\n                        value = value[&amp;quot;value&amp;quot;]\n                    status = value.get(&amp;quot;error&amp;quot;, None)\n                    if not status:\n                        status = value.get(&amp;quot;status&amp;quot;, ErrorCode.UNKNOWN_ERROR)\n                        message = value.get(&amp;quot;value&amp;quot;) or value.get(&amp;quot;message&amp;quot;)\n                        if not isinstance(message, str):\n                            value = message\n                            message = message.get(&amp;quot;message&amp;quot;)\n                    else:\n                        message = value.get(&amp;quot;message&amp;quot;, None)\n                except ValueError:\n                    pass\n    \n        exception_class: Type[WebDriverException]\n        e = ErrorCode()\n        error_codes = [item for item in dir(e) if not item.startswith(&amp;quot;__&amp;quot;)]\n        for error_code in error_codes:\n            error_info = getattr(ErrorCode, error_code)\n            if isinstance(error_info, list) and status in error_info:\n                exception_class = getattr(ExceptionMapping, error_code, WebDriverException)\n                break\n        else:\n            exception_class = WebDriverException\n    \n        if not value:\n            value = response[&amp;quot;value&amp;quot;]\n        if isinstance(value, str):\n            raise exception_class(value)\n        if message == &amp;quot;&amp;quot; and &amp;quot;message&amp;quot; in value:\n            message = value[&amp;quot;message&amp;quot;]\n    \n        screen = None  # type: ignore[assignment]\n        if &amp;quot;screen&amp;quot; in value:\n            screen = value[&amp;quot;screen&amp;quot;]\n    \n        stacktrace = None\n        st_value = value.get(&amp;quot;stackTrace&amp;quot;) or value.get(&amp;quot;stacktrace&amp;quot;)\n        if st_value:\n            if isinstance(st_value, str):\n                stacktrace = st_value.split(&amp;quot;\\n&amp;quot;)\n            else:\n                stacktrace = []\n                try:\n                    for frame in st_value:\n                        line = frame.get(&amp;quot;lineNumber&amp;quot;, &amp;quot;&amp;quot;)\n                        file = frame.get(&amp;quot;fileName&amp;quot;, &amp;quot;&amp;lt;anonymous&amp;gt;&amp;quot;)\n                        if line:\n                            file = f&amp;quot;{file}:{line}&amp;quot;\n                        meth = frame.get(&amp;quot;methodName&amp;quot;, &amp;quot;&amp;lt;anonymous&amp;gt;&amp;quot;)\n                        if &amp;quot;className&amp;quot; in frame:\n                            meth = f&amp;quot;{frame[&amp;#x27;className&amp;#x27;]}.{meth}&amp;quot;\n                        msg = &amp;quot;    at %s (%s)&amp;quot;\n                        msg = msg % (meth, file)\n                        stacktrace.append(msg)\n                except TypeError:\n                    pass\n        if exception_class == UnexpectedAlertPresentException:\n            alert_text = None\n            if &amp;quot;data&amp;quot; in value:\n                alert_text = value[&amp;quot;data&amp;quot;].get(&amp;quot;text&amp;quot;)\n            elif &amp;quot;alert&amp;quot; in value:\n                alert_text = value[&amp;quot;alert&amp;quot;].get(&amp;quot;text&amp;quot;)\n            raise exception_class(message, screen, stacktrace, alert_text)  # type: ignore[call-arg]  # mypy is not smart enough here\n&amp;gt;       raise exception_class(message, screen, stacktrace)\nE       selenium.common.exceptions.NoSuchElementException: Message: no such element: Unable to locate element: {&amp;quot;method&amp;quot;:&amp;quot;css selector&amp;quot;,&amp;quot;selector&amp;quot;:&amp;quot;[id=&amp;quot;file-upload&amp;quot;]&amp;quot;}\nE         (Session info: chrome=141.0.7390.107); For documentation on this error, please visit: https://www.selenium.dev/documentation/webdriver/troubleshooting/errors#no-such-element-exception\nE       Stacktrace:\nE       #0 0x563a4070f67a &amp;lt;unknown&amp;gt;\nE       #1 0x563a4018e566 &amp;lt;unknown&amp;gt;\nE       #2 0x563a401e068d &amp;lt;unknown&amp;gt;\nE       #3 0x563a401e0921 &amp;lt;unknown&amp;gt;\nE       #4 0x563a4022ee94 &amp;lt;unknown&amp;gt;\nE       #5 0x563a4020665d &amp;lt;unknown&amp;gt;\nE       #6 0x563a4022c328 &amp;lt;unknown&amp;gt;\nE       #7 0x563a40206403 &amp;lt;unknown&amp;gt;\nE       #8 0x563a401d2b02 &amp;lt;unknown&amp;gt;\nE       #9 0x563a401d37c1 &amp;lt;unknown&amp;gt;\nE       #10 0x563a406d3448 &amp;lt;unknown&amp;gt;\nE       #11 0x563a406d72af &amp;lt;unknown&amp;gt;\nE       #12 0x563a406ba8d9 &amp;lt;unknown&amp;gt;\nE       #13 0x563a406d7e55 &amp;lt;unknown&amp;gt;\nE       #14 0x563a406a013f &amp;lt;unknown&amp;gt;\nE       #15 0x563a406fc4b8 &amp;lt;unknown&amp;gt;\nE       #16 0x563a406fc693 &amp;lt;unknown&amp;gt;\nE       #17 0x563a4070e613 &amp;lt;unknown&amp;gt;\nE       #18 0x7f241ee9caa4 &amp;lt;unknown&amp;gt;\nE       #19 0x7f241ef29c6c &amp;lt;unknown&amp;gt;\n\n/opt/hostedtoolcache/Python/3.9.24/x64/lib/python3.9/site-packages/selenium/webdriver/remote/errorhandler.py:229: NoSuchElementException\n\n---------------------------- Captured stderr setup -----------------------------\n2025-10-20 14:32:04 - TestDemoBlazeE2E - INFO - setup_and_teardown - ==================================================\n2025-10-20 14:32:04 - TestDemoBlazeE2E - INFO - setup_and_teardown - Starting new test\n2025-10-20 14:32:05 - TestDemoBlazeE2E - INFO - setup_and_teardown - Navigated to DemoBlaze website\n\n------------------------------ Captured log setup ------------------------------\nINFO     TestDemoBlazeE2E:test_demoblaze_e2e.py:40 ==================================================\nINFO     TestDemoBlazeE2E:test_demoblaze_e2e.py:41 Starting new test\nINFO     TestDemoBlazeE2E:test_demoblaze_e2e.py:61 Navigated to DemoBlaze website\n\n----------------------------- Captured stderr call -----------------------------\n2025-10-20 14:32:05 - TestDemoBlazeE2E - INFO - test_31_file_upload - Testing file upload\n2025-10-20 14:32:19 - TestDemoBlazeE2E - INFO - test_31_file_upload - Cleaned up test file\n\n------------------------------ Captured log call -------------------------------\nINFO     TestDemoBlazeE2E:test_demoblaze_e2e.py:796 Testing file upload\nINFO     TestDemoBlazeE2E:test_demoblaze_e2e.py:843 Cleaned up test file\n\n--------------------------- Captured stderr teardown ---------------------------\n2025-10-20 14:32:19 - TestDemoBlazeE2E - INFO - setup_and_teardown - Test completed\n2025-10-20 14:32:19 - TestDemoBlazeE2E - INFO - setup_and_teardown - ==================================================\n\n---------------------------- Captured log teardown -----------------------------\nINFO     TestDemoBlazeE2E:test_demoblaze_e2e.py:66 Test completed\nINFO     TestDemoBlazeE2E:test_demoblaze_e2e.py:67 ==================================================&#34;}], &#34;selenium_demoblaze_framework/tests/test_demoblaze_e2e.py::TestDemoBlazeE2E::test_32_broken_links_check&#34;: [{&#34;extras&#34;: [], &#34;result&#34;: &#34;Failed&#34;, &#34;testId&#34;: &#34;selenium_demoblaze_framework/tests/test_demoblaze_e2e.py::TestDemoBlazeE2E::test_32_broken_links_check&#34;, &#34;duration&#34;: &#34;00:00:18&#34;, &#34;resultsTableRow&#34;: [&#34;&lt;td class=\&#34;col-result\&#34;&gt;Failed&lt;/td&gt;&#34;, &#34;&lt;td class=\&#34;col-testId\&#34;&gt;selenium_demoblaze_framework/tests/test_demoblaze_e2e.py::TestDemoBlazeE2E::test_32_broken_links_check&lt;/td&gt;&#34;, &#34;&lt;td class=\&#34;col-duration\&#34;&gt;00:00:18&lt;/td&gt;&#34;, &#34;&lt;td class=\&#34;col-links\&#34;&gt;&lt;/td&gt;&#34;], &#34;log&#34;: &#34;self = &amp;lt;tests.test_demoblaze_e2e.TestDemoBlazeE2E object at 0x7fe54c110fa0&amp;gt;\n\n    @allure.feature(&amp;#x27;Broken Links&amp;#x27;)\n    @allure.story(&amp;#x27;Test Broken Link Validation&amp;#x27;)\n    def test_32_broken_links_check(self):\n        &amp;quot;&amp;quot;&amp;quot;Test broken link validation on The Internet homepage.&amp;quot;&amp;quot;&amp;quot;\n        self.logger.info(&amp;quot;Running broken links check on The Internet homepage&amp;quot;)\n    \n        # Navigate to a page with known valid absolute external links\n        self.driver.get(&amp;quot;https://the-internet.herokuapp.com/&amp;quot;)\n        time.sleep(2)  # Optional: wait for page to load (consider replacing with WebDriverWait)\n    \n        # Check for broken links using utility method\n        result = self.utils.check_broken_links()\n    \n        valid_links = result[&amp;quot;valid_links&amp;quot;]\n        broken_links = result[&amp;quot;broken_links&amp;quot;]\n        broken_list = result[&amp;quot;broken_list&amp;quot;]\n    \n        # Log results\n        self.logger.info(f&amp;quot;\u2705 Found {valid_links} valid links&amp;quot;)\n        if broken_links &amp;gt; 0:\n            self.logger.warning(f&amp;quot;\u26a0\ufe0f Found {broken_links} broken links: {broken_list}&amp;quot;)\n    \n        # Assert that we have a reasonable number of working links\n&amp;gt;       assert valid_links &amp;gt; 5, f&amp;quot;Expected more than 5 valid links, but found only {valid_links}&amp;quot;\nE       AssertionError: Expected more than 5 valid links, but found only 0\nE       assert 0 &amp;gt; 5\n\nselenium_demoblaze_framework/tests/test_demoblaze_e2e.py:868: AssertionError\n\n---------------------------- Captured stderr setup -----------------------------\n2025-10-20 14:32:20 - TestDemoBlazeE2E - INFO - setup_and_teardown - ==================================================\n2025-10-20 14:32:20 - TestDemoBlazeE2E - INFO - setup_and_teardown - Starting new test\n2025-10-20 14:32:21 - TestDemoBlazeE2E - INFO - setup_and_teardown - Navigated to DemoBlaze website\n\n------------------------------ Captured log setup ------------------------------\nINFO     TestDemoBlazeE2E:test_demoblaze_e2e.py:40 ==================================================\nINFO     TestDemoBlazeE2E:test_demoblaze_e2e.py:41 Starting new test\nINFO     TestDemoBlazeE2E:test_demoblaze_e2e.py:61 Navigated to DemoBlaze website\n\n----------------------------- Captured stderr call -----------------------------\n2025-10-20 14:32:21 - TestDemoBlazeE2E - INFO - test_32_broken_links_check - Running broken links check on The Internet homepage\n2025-10-20 14:32:27 - TestDemoBlazeE2E - INFO - check_broken_links - Checking for broken links...\n2025-10-20 14:32:37 - TestDemoBlazeE2E - INFO - check_broken_links - Found 0 links\n2025-10-20 14:32:37 - TestDemoBlazeE2E - INFO - check_broken_links - Success: Broken Links Check Complete: 0 broken out of 0\n2025-10-20 14:32:37 - TestDemoBlazeE2E - INFO - test_32_broken_links_check - \u2705 Found 0 valid links\n\n------------------------------ Captured log call -------------------------------\nINFO     TestDemoBlazeE2E:test_demoblaze_e2e.py:849 Running broken links check on The Internet homepage\nINFO     TestDemoBlazeE2E:utility_methods.py:245 Checking for broken links...\nINFO     TestDemoBlazeE2E:utility_methods.py:247 Found 0 links\nINFO     TestDemoBlazeE2E:utility_methods.py:289 Success: Broken Links Check Complete: 0 broken out of 0\nINFO     TestDemoBlazeE2E:test_demoblaze_e2e.py:863 \u2705 Found 0 valid links\n\n--------------------------- Captured stderr teardown ---------------------------\n2025-10-20 14:32:37 - TestDemoBlazeE2E - INFO - setup_and_teardown - Test completed\n2025-10-20 14:32:37 - TestDemoBlazeE2E - INFO - setup_and_teardown - ==================================================\n\n---------------------------- Captured log teardown -----------------------------\nINFO     TestDemoBlazeE2E:test_demoblaze_e2e.py:66 Test completed\nINFO     TestDemoBlazeE2E:test_demoblaze_e2e.py:67 ==================================================&#34;}], &#34;selenium_demoblaze_framework/tests/test_demoblaze_e2e.py::TestDemoBlazeE2E::test_33_radio_button_demo&#34;: [{&#34;extras&#34;: [], &#34;result&#34;: &#34;Failed&#34;, &#34;testId&#34;: &#34;selenium_demoblaze_framework/tests/test_demoblaze_e2e.py::TestDemoBlazeE2E::test_33_radio_button_demo&#34;, &#34;duration&#34;: &#34;00:01:01&#34;, &#34;resultsTableRow&#34;: [&#34;&lt;td class=\&#34;col-result\&#34;&gt;Failed&lt;/td&gt;&#34;, &#34;&lt;td class=\&#34;col-testId\&#34;&gt;selenium_demoblaze_framework/tests/test_demoblaze_e2e.py::TestDemoBlazeE2E::test_33_radio_button_demo&lt;/td&gt;&#34;, &#34;&lt;td class=\&#34;col-duration\&#34;&gt;00:01:01&lt;/td&gt;&#34;, &#34;&lt;td class=\&#34;col-links\&#34;&gt;&lt;/td&gt;&#34;], &#34;log&#34;: &#34;self = &amp;lt;tests.test_demoblaze_e2e.TestDemoBlazeE2E object at 0x7fe54c118160&amp;gt;\n\n    @allure.feature(&amp;#x27;Form Elements&amp;#x27;)\n    @allure.story(&amp;#x27;Test Radio Button Handling (on external demo site)&amp;#x27;)\n    def test_33_radio_button_demo(self):\n        &amp;quot;&amp;quot;&amp;quot;Demonstrate radio button interaction on a compatible site.&amp;quot;&amp;quot;&amp;quot;\n        self.logger.info(&amp;quot;Testing radio button selection on demoqa.com&amp;quot;)\n    \n        # Navigate to a site that actually has radio buttons\n&amp;gt;       self.driver.get(&amp;quot;https://demoqa.com/radio-button&amp;quot;)\n\nselenium_demoblaze_framework/tests/test_demoblaze_e2e.py:879: \n_ _ _ _ _ _ _ _ _ _ _ _ _ _ _ _ _ _ _ _ _ _ _ _ _ _ _ _ _ _ _ _ _ _ _ _ _ _ _ _ \n/opt/hostedtoolcache/Python/3.9.24/x64/lib/python3.9/site-packages/selenium/webdriver/remote/webdriver.py:355: in get\n    self.execute(Command.GET, {&amp;quot;url&amp;quot;: url})\n/opt/hostedtoolcache/Python/3.9.24/x64/lib/python3.9/site-packages/selenium/webdriver/remote/webdriver.py:346: in execute\n    self.error_handler.check_response(response)\n_ _ _ _ _ _ _ _ _ _ _ _ _ _ _ _ _ _ _ _ _ _ _ _ _ _ _ _ _ _ _ _ _ _ _ _ _ _ _ _ \n\nself = &amp;lt;selenium.webdriver.remote.errorhandler.ErrorHandler object at 0x7fe55d6d6670&amp;gt;\nresponse = {&amp;#x27;status&amp;#x27;: 500, &amp;#x27;value&amp;#x27;: &amp;#x27;{&amp;quot;value&amp;quot;:{&amp;quot;error&amp;quot;:&amp;quot;timeout&amp;quot;,&amp;quot;message&amp;quot;:&amp;quot;timeout: Timed out receiving message from renderer: 5...\\\\n#22 0x563c26ea0613 \\\\u003Cunknown&amp;gt;\\\\n#23 0x7f182529caa4 \\\\u003Cunknown&amp;gt;\\\\n#24 0x7f1825329c6c \\\\u003Cunknown&amp;gt;\\\\n&amp;quot;}}&amp;#x27;}\n\n    def check_response(self, response: Dict[str, Any]) -&amp;gt; None:\n        &amp;quot;&amp;quot;&amp;quot;Checks that a JSON response from the WebDriver does not have an\n        error.\n    \n        :Args:\n         - response - The JSON response from the WebDriver server as a dictionary\n           object.\n    \n        :Raises: If the response contains an error message.\n        &amp;quot;&amp;quot;&amp;quot;\n        status = response.get(&amp;quot;status&amp;quot;, None)\n        if not status or status == ErrorCode.SUCCESS:\n            return\n        value = None\n        message = response.get(&amp;quot;message&amp;quot;, &amp;quot;&amp;quot;)\n        screen: str = response.get(&amp;quot;screen&amp;quot;, &amp;quot;&amp;quot;)\n        stacktrace = None\n        if isinstance(status, int):\n            value_json = response.get(&amp;quot;value&amp;quot;, None)\n            if value_json and isinstance(value_json, str):\n                import json\n    \n                try:\n                    value = json.loads(value_json)\n                    if len(value) == 1:\n                        value = value[&amp;quot;value&amp;quot;]\n                    status = value.get(&amp;quot;error&amp;quot;, None)\n                    if not status:\n                        status = value.get(&amp;quot;status&amp;quot;, ErrorCode.UNKNOWN_ERROR)\n                        message = value.get(&amp;quot;value&amp;quot;) or value.get(&amp;quot;message&amp;quot;)\n                        if not isinstance(message, str):\n                            value = message\n                            message = message.get(&amp;quot;message&amp;quot;)\n                    else:\n                        message = value.get(&amp;quot;message&amp;quot;, None)\n                except ValueError:\n                    pass\n    \n        exception_class: Type[WebDriverException]\n        e = ErrorCode()\n        error_codes = [item for item in dir(e) if not item.startswith(&amp;quot;__&amp;quot;)]\n        for error_code in error_codes:\n            error_info = getattr(ErrorCode, error_code)\n            if isinstance(error_info, list) and status in error_info:\n                exception_class = getattr(ExceptionMapping, error_code, WebDriverException)\n                break\n        else:\n            exception_class = WebDriverException\n    \n        if not value:\n            value = response[&amp;quot;value&amp;quot;]\n        if isinstance(value, str):\n            raise exception_class(value)\n        if message == &amp;quot;&amp;quot; and &amp;quot;message&amp;quot; in value:\n            message = value[&amp;quot;message&amp;quot;]\n    \n        screen = None  # type: ignore[assignment]\n        if &amp;quot;screen&amp;quot; in value:\n            screen = value[&amp;quot;screen&amp;quot;]\n    \n        stacktrace = None\n        st_value = value.get(&amp;quot;stackTrace&amp;quot;) or value.get(&amp;quot;stacktrace&amp;quot;)\n        if st_value:\n            if isinstance(st_value, str):\n                stacktrace = st_value.split(&amp;quot;\\n&amp;quot;)\n            else:\n                stacktrace = []\n                try:\n                    for frame in st_value:\n                        line = frame.get(&amp;quot;lineNumber&amp;quot;, &amp;quot;&amp;quot;)\n                        file = frame.get(&amp;quot;fileName&amp;quot;, &amp;quot;&amp;lt;anonymous&amp;gt;&amp;quot;)\n                        if line:\n                            file = f&amp;quot;{file}:{line}&amp;quot;\n                        meth = frame.get(&amp;quot;methodName&amp;quot;, &amp;quot;&amp;lt;anonymous&amp;gt;&amp;quot;)\n                        if &amp;quot;className&amp;quot; in frame:\n                            meth = f&amp;quot;{frame[&amp;#x27;className&amp;#x27;]}.{meth}&amp;quot;\n                        msg = &amp;quot;    at %s (%s)&amp;quot;\n                        msg = msg % (meth, file)\n                        stacktrace.append(msg)\n                except TypeError:\n                    pass\n        if exception_class == UnexpectedAlertPresentException:\n            alert_text = None\n            if &amp;quot;data&amp;quot; in value:\n                alert_text = value[&amp;quot;data&amp;quot;].get(&amp;quot;text&amp;quot;)\n            elif &amp;quot;alert&amp;quot; in value:\n                alert_text = value[&amp;quot;alert&amp;quot;].get(&amp;quot;text&amp;quot;)\n            raise exception_class(message, screen, stacktrace, alert_text)  # type: ignore[call-arg]  # mypy is not smart enough here\n&amp;gt;       raise exception_class(message, screen, stacktrace)\nE       selenium.common.exceptions.TimeoutException: Message: timeout: Timed out receiving message from renderer: 59.536\nE         (Session info: chrome=141.0.7390.107)\nE       Stacktrace:\nE       #0 0x563c26ea167a &amp;lt;unknown&amp;gt;\nE       #1 0x563c26920566 &amp;lt;unknown&amp;gt;\nE       #2 0x563c2690861f &amp;lt;unknown&amp;gt;\nE       #3 0x563c26908302 &amp;lt;unknown&amp;gt;\nE       #4 0x563c26906142 &amp;lt;unknown&amp;gt;\nE       #5 0x563c26906a9f &amp;lt;unknown&amp;gt;\nE       #6 0x563c26915373 &amp;lt;unknown&amp;gt;\nE       #7 0x563c2692ea7b &amp;lt;unknown&amp;gt;\nE       #8 0x563c2693520b &amp;lt;unknown&amp;gt;\nE       #9 0x563c269071dd &amp;lt;unknown&amp;gt;\nE       #10 0x563c2692e7a8 &amp;lt;unknown&amp;gt;\nE       #11 0x563c269be685 &amp;lt;unknown&amp;gt;\nE       #12 0x563c26998403 &amp;lt;unknown&amp;gt;\nE       #13 0x563c26964b02 &amp;lt;unknown&amp;gt;\nE       #14 0x563c269657c1 &amp;lt;unknown&amp;gt;\nE       #15 0x563c26e65448 &amp;lt;unknown&amp;gt;\nE       #16 0x563c26e692af &amp;lt;unknown&amp;gt;\nE       #17 0x563c26e4c8d9 &amp;lt;unknown&amp;gt;\nE       #18 0x563c26e69e55 &amp;lt;unknown&amp;gt;\nE       #19 0x563c26e3213f &amp;lt;unknown&amp;gt;\nE       #20 0x563c26e8e4b8 &amp;lt;unknown&amp;gt;\nE       #21 0x563c26e8e693 &amp;lt;unknown&amp;gt;\nE       #22 0x563c26ea0613 &amp;lt;unknown&amp;gt;\nE       #23 0x7f182529caa4 &amp;lt;unknown&amp;gt;\nE       #24 0x7f1825329c6c &amp;lt;unknown&amp;gt;\n\n/opt/hostedtoolcache/Python/3.9.24/x64/lib/python3.9/site-packages/selenium/webdriver/remote/errorhandler.py:229: TimeoutException\n\n---------------------------- Captured stderr setup -----------------------------\n2025-10-20 14:32:37 - TestDemoBlazeE2E - INFO - setup_and_teardown - ==================================================\n2025-10-20 14:32:37 - TestDemoBlazeE2E - INFO - setup_and_teardown - Starting new test\n2025-10-20 14:32:38 - TestDemoBlazeE2E - INFO - setup_and_teardown - Navigated to DemoBlaze website\n\n------------------------------ Captured log setup ------------------------------\nINFO     TestDemoBlazeE2E:test_demoblaze_e2e.py:40 ==================================================\nINFO     TestDemoBlazeE2E:test_demoblaze_e2e.py:41 Starting new test\nINFO     TestDemoBlazeE2E:test_demoblaze_e2e.py:61 Navigated to DemoBlaze website\n\n----------------------------- Captured stderr call -----------------------------\n2025-10-20 14:32:38 - TestDemoBlazeE2E - INFO - test_33_radio_button_demo - Testing radio button selection on demoqa.com\n\n------------------------------ Captured log call -------------------------------\nINFO     TestDemoBlazeE2E:test_demoblaze_e2e.py:876 Testing radio button selection on demoqa.com\n\n--------------------------- Captured stderr teardown ---------------------------\n2025-10-20 14:33:38 - TestDemoBlazeE2E - INFO - setup_and_teardown - Test completed\n2025-10-20 14:33:38 - TestDemoBlazeE2E - INFO - setup_and_teardown - ==================================================\n\n---------------------------- Captured log teardown -----------------------------\nINFO     TestDemoBlazeE2E:test_demoblaze_e2e.py:66 Test completed\nINFO     TestDemoBlazeE2E:test_demoblaze_e2e.py:67 ==================================================&#34;}], &#34;selenium_demoblaze_framework/tests/test_file_upload.py::TestFileUpload::test_upload_single_file_send_keys&#34;: [{&#34;extras&#34;: [], &#34;result&#34;: &#34;Failed&#34;, &#34;testId&#34;: &#34;selenium_demoblaze_framework/tests/test_file_upload.py::TestFileUpload::test_upload_single_file_send_keys&#34;, &#34;duration&#34;: &#34;00:00:17&#34;, &#34;resultsTableRow&#34;: [&#34;&lt;td class=\&#34;col-result\&#34;&gt;Failed&lt;/td&gt;&#34;, &#34;&lt;td class=\&#34;col-testId\&#34;&gt;selenium_demoblaze_framework/tests/test_file_upload.py::TestFileUpload::test_upload_single_file_send_keys&lt;/td&gt;&#34;, &#34;&lt;td class=\&#34;col-duration\&#34;&gt;00:00:17&lt;/td&gt;&#34;, &#34;&lt;td class=\&#34;col-links\&#34;&gt;&lt;/td&gt;&#34;], &#34;log&#34;: &#34;self = &amp;lt;tests.test_file_upload.TestFileUpload object at 0x7fe54c162310&amp;gt;\nsetup = None\n\n    def test_upload_single_file_send_keys(self, setup):\n        &amp;quot;&amp;quot;&amp;quot;Test single file upload on The Internet.&amp;quot;&amp;quot;&amp;quot;\n        self.driver.get(&amp;quot;https://the-internet.herokuapp.com/upload&amp;quot;)\n    \n        absolute_file_path = self.file_upload_utils.create_test_file(\n            &amp;quot;test_files/sample.txt&amp;quot;,\n            &amp;quot;Single file test content&amp;quot;\n        )\n        assert absolute_file_path and os.path.exists(absolute_file_path)\n    \n        try:\n            success = self.file_upload_utils.upload_file_using_send_keys(\n                (By.ID, &amp;quot;file-upload&amp;quot;),\n                absolute_file_path\n            )\n&amp;gt;           assert success, &amp;quot;File upload failed&amp;quot;\nE           AssertionError: File upload failed\nE           assert False\n\nselenium_demoblaze_framework/tests/test_file_upload.py:151: AssertionError\n\n---------------------------- Captured stderr setup -----------------------------\n2025-10-20 14:33:39 - TestFileUpload - INFO - _create_test_html - Test HTML file created at: /home/runner/work/selenium-demoblaze-automation/selenium-demoblaze-automation/selenium_demoblaze_framework/tests/../test_pages/multiple_upload_test.html\n2025-10-20 14:33:39 - TestFileUpload - INFO - setup - HTTP Server started on port 45277, serving from /home/runner/work/selenium-demoblaze-automation/selenium-demoblaze-automation/selenium_demoblaze_framework/tests/../test_pages\n\n------------------------------ Captured log setup ------------------------------\nINFO     TestFileUpload:test_file_upload.py:134 Test HTML file created at: /home/runner/work/selenium-demoblaze-automation/selenium-demoblaze-automation/selenium_demoblaze_framework/tests/../test_pages/multiple_upload_test.html\nINFO     TestFileUpload:test_file_upload.py:69 HTTP Server started on port 45277, serving from /home/runner/work/selenium-demoblaze-automation/selenium-demoblaze-automation/selenium_demoblaze_framework/tests/../test_pages\n\n----------------------------- Captured stderr call -----------------------------\n2025-10-20 14:33:44 - TestFileUpload - INFO - create_test_file - Test file created: /home/runner/work/selenium-demoblaze-automation/selenium-demoblaze-automation/test_files/sample.txt\n2025-10-20 14:33:55 - TestFileUpload - ERROR - upload_file_using_send_keys - Failed to upload file using send_keys: Message: \nStacktrace:\n#0 0x55d37b3b467a &amp;lt;unknown&amp;gt;\n#1 0x55d37ae33566 &amp;lt;unknown&amp;gt;\n#2 0x55d37ae8568d &amp;lt;unknown&amp;gt;\n#3 0x55d37ae85921 &amp;lt;unknown&amp;gt;\n#4 0x55d37aed3e94 &amp;lt;unknown&amp;gt;\n#5 0x55d37aeab65d &amp;lt;unknown&amp;gt;\n#6 0x55d37aed1328 &amp;lt;unknown&amp;gt;\n#7 0x55d37aeab403 &amp;lt;unknown&amp;gt;\n#8 0x55d37ae77b02 &amp;lt;unknown&amp;gt;\n#9 0x55d37ae787c1 &amp;lt;unknown&amp;gt;\n#10 0x55d37b378448 &amp;lt;unknown&amp;gt;\n#11 0x55d37b37c2af &amp;lt;unknown&amp;gt;\n#12 0x55d37b35f8d9 &amp;lt;unknown&amp;gt;\n#13 0x55d37b37ce55 &amp;lt;unknown&amp;gt;\n#14 0x55d37b34513f &amp;lt;unknown&amp;gt;\n#15 0x55d37b3a14b8 &amp;lt;unknown&amp;gt;\n#16 0x55d37b3a1693 &amp;lt;unknown&amp;gt;\n#17 0x55d37b3b3613 &amp;lt;unknown&amp;gt;\n#18 0x7f10c369caa4 &amp;lt;unknown&amp;gt;\n#19 0x7f10c3729c6c &amp;lt;unknown&amp;gt;\n\n\n------------------------------ Captured log call -------------------------------\nINFO     TestFileUpload:file_upload_utils.py:324 Test file created: /home/runner/work/selenium-demoblaze-automation/selenium-demoblaze-automation/test_files/sample.txt\nERROR    TestFileUpload:file_upload_utils.py:226 Failed to upload file using send_keys: Message: \nStacktrace:\n#0 0x55d37b3b467a &amp;lt;unknown&amp;gt;\n#1 0x55d37ae33566 &amp;lt;unknown&amp;gt;\n#2 0x55d37ae8568d &amp;lt;unknown&amp;gt;\n#3 0x55d37ae85921 &amp;lt;unknown&amp;gt;\n#4 0x55d37aed3e94 &amp;lt;unknown&amp;gt;\n#5 0x55d37aeab65d &amp;lt;unknown&amp;gt;\n#6 0x55d37aed1328 &amp;lt;unknown&amp;gt;\n#7 0x55d37aeab403 &amp;lt;unknown&amp;gt;\n#8 0x55d37ae77b02 &amp;lt;unknown&amp;gt;\n#9 0x55d37ae787c1 &amp;lt;unknown&amp;gt;\n#10 0x55d37b378448 &amp;lt;unknown&amp;gt;\n#11 0x55d37b37c2af &amp;lt;unknown&amp;gt;\n#12 0x55d37b35f8d9 &amp;lt;unknown&amp;gt;\n#13 0x55d37b37ce55 &amp;lt;unknown&amp;gt;\n#14 0x55d37b34513f &amp;lt;unknown&amp;gt;\n#15 0x55d37b3a14b8 &amp;lt;unknown&amp;gt;\n#16 0x55d37b3a1693 &amp;lt;unknown&amp;gt;\n#17 0x55d37b3b3613 &amp;lt;unknown&amp;gt;\n#18 0x7f10c369caa4 &amp;lt;unknown&amp;gt;\n#19 0x7f10c3729c6c &amp;lt;unknown&amp;gt;\n\n&#34;}], &#34;selenium_demoblaze_framework/tests/test_file_upload.py::TestFileUpload::test_upload_multiple_files&#34;: [{&#34;extras&#34;: [], &#34;result&#34;: &#34;Passed&#34;, &#34;testId&#34;: &#34;selenium_demoblaze_framework/tests/test_file_upload.py::TestFileUpload::test_upload_multiple_files&#34;, &#34;duration&#34;: &#34;00:00:01&#34;, &#34;resultsTableRow&#34;: [&#34;&lt;td class=\&#34;col-result\&#34;&gt;Passed&lt;/td&gt;&#34;, &#34;&lt;td class=\&#34;col-testId\&#34;&gt;selenium_demoblaze_framework/tests/test_file_upload.py::TestFileUpload::test_upload_multiple_files&lt;/td&gt;&#34;, &#34;&lt;td class=\&#34;col-duration\&#34;&gt;00:00:01&lt;/td&gt;&#34;, &#34;&lt;td class=\&#34;col-links\&#34;&gt;&lt;/td&gt;&#34;], &#34;log&#34;: &#34;---------------------------- Captured stderr setup -----------------------------\n2025-10-20 14:33:56 - TestFileUpload - INFO - _create_test_html - Test HTML file created at: /home/runner/work/selenium-demoblaze-automation/selenium-demoblaze-automation/selenium_demoblaze_framework/tests/../test_pages/multiple_upload_test.html\n2025-10-20 14:33:56 - TestFileUpload - INFO - setup - HTTP Server started on port 48251, serving from /home/runner/work/selenium-demoblaze-automation/selenium-demoblaze-automation/selenium_demoblaze_framework/tests/../test_pages\n\n------------------------------ Captured log setup ------------------------------\nINFO     TestFileUpload:test_file_upload.py:134 Test HTML file created at: /home/runner/work/selenium-demoblaze-automation/selenium-demoblaze-automation/selenium_demoblaze_framework/tests/../test_pages/multiple_upload_test.html\nINFO     TestFileUpload:test_file_upload.py:69 HTTP Server started on port 48251, serving from /home/runner/work/selenium-demoblaze-automation/selenium-demoblaze-automation/selenium_demoblaze_framework/tests/../test_pages\n\n----------------------------- Captured stderr call -----------------------------\n2025-10-20 14:33:56 - TestFileUpload - INFO - create_test_file - Test file created: /home/runner/work/selenium-demoblaze-automation/selenium-demoblaze-automation/test_files/file_0.txt\n2025-10-20 14:33:56 - TestFileUpload - INFO - create_test_file - Test file created: /home/runner/work/selenium-demoblaze-automation/selenium-demoblaze-automation/test_files/file_1.txt\n2025-10-20 14:33:56 - TestFileUpload - INFO - create_test_file - Test file created: /home/runner/work/selenium-demoblaze-automation/selenium-demoblaze-automation/test_files/file_2.txt\n2025-10-20 14:33:56 - TestFileUpload - INFO - upload_multiple_files - Multiple files uploaded: 3 files\n2025-10-20 14:33:56 - TestFileUpload - INFO - test_upload_multiple_files - \u2705 Multiple file upload test passed\n\n------------------------------ Captured log call -------------------------------\nINFO     TestFileUpload:file_upload_utils.py:324 Test file created: /home/runner/work/selenium-demoblaze-automation/selenium-demoblaze-automation/test_files/file_0.txt\nINFO     TestFileUpload:file_upload_utils.py:324 Test file created: /home/runner/work/selenium-demoblaze-automation/selenium-demoblaze-automation/test_files/file_1.txt\nINFO     TestFileUpload:file_upload_utils.py:324 Test file created: /home/runner/work/selenium-demoblaze-automation/selenium-demoblaze-automation/test_files/file_2.txt\nINFO     TestFileUpload:file_upload_utils.py:304 Multiple files uploaded: 3 files\nINFO     TestFileUpload:test_file_upload.py:206 \u2705 Multiple file upload test passed\n\n&#34;}], &#34;selenium_demoblaze_framework/tests/test_keyword_driven.py::TestKeywordDriven::test_keyword_driven_execution&#34;: [{&#34;extras&#34;: [], &#34;result&#34;: &#34;Passed&#34;, &#34;testId&#34;: &#34;selenium_demoblaze_framework/tests/test_keyword_driven.py::TestKeywordDriven::test_keyword_driven_execution&#34;, &#34;duration&#34;: &#34;00:00:40&#34;, &#34;resultsTableRow&#34;: [&#34;&lt;td class=\&#34;col-result\&#34;&gt;Passed&lt;/td&gt;&#34;, &#34;&lt;td class=\&#34;col-testId\&#34;&gt;selenium_demoblaze_framework/tests/test_keyword_driven.py::TestKeywordDriven::test_keyword_driven_execution&lt;/td&gt;&#34;, &#34;&lt;td class=\&#34;col-duration\&#34;&gt;00:00:40&lt;/td&gt;&#34;, &#34;&lt;td class=\&#34;col-links\&#34;&gt;&lt;/td&gt;&#34;], &#34;log&#34;: &#34;----------------------------- Captured stderr call -----------------------------\n2025-10-20 14:33:57 - KeywordEngine - INFO - execute_test_case - Excel columns: [&amp;#x27;Test_Step_ID&amp;#x27;, &amp;#x27;Action&amp;#x27;, &amp;#x27;Locator_Type&amp;#x27;, &amp;#x27;Locator_Value&amp;#x27;, &amp;#x27;Value&amp;#x27;, &amp;#x27;Expected_Result&amp;#x27;]\n2025-10-20 14:33:57 - KeywordEngine - INFO - execute_test_case - Number of rows: 16\n2025-10-20 14:33:57 - KeywordEngine - INFO - execute_test_case - Executing Step 1: navigate_to_url | Locator:  | Data: https://www.demoblaze.com\n2025-10-20 14:33:58 - KeywordEngine - INFO - execute_keyword - Navigating to: https://www.demoblaze.com\n2025-10-20 14:33:58 - KeywordEngine - INFO - execute_test_case - Step 1 passed\n2025-10-20 14:33:58 - KeywordEngine - INFO - execute_test_case - Executing Step 2: wait | Locator:  | Data: 2\n2025-10-20 14:33:59 - KeywordEngine - INFO - execute_keyword - Waiting for 2.0 seconds\n2025-10-20 14:34:01 - KeywordEngine - INFO - execute_test_case - Step 2 passed\n2025-10-20 14:34:01 - KeywordEngine - INFO - execute_test_case - Executing Step 3: click_element | Locator: id=signin2 | Data: \n2025-10-20 14:34:01 - KeywordEngine - INFO - execute_keyword - Clicking element: id=signin2\n2025-10-20 14:34:02 - KeywordEngine - INFO - execute_test_case - Step 3 passed\n2025-10-20 14:34:02 - KeywordEngine - INFO - execute_test_case - Executing Step 4: wait_for_element | Locator: id=sign-username | Data: \n2025-10-20 14:34:03 - KeywordEngine - INFO - execute_keyword - Waiting for element to be present: id=sign-username\n2025-10-20 14:34:03 - KeywordEngine - INFO - execute_test_case - Step 4 passed\n2025-10-20 14:34:03 - KeywordEngine - INFO - execute_test_case - Executing Step 5: enter_text | Locator: id=sign-username | Data: user1428249734\n2025-10-20 14:34:03 - KeywordEngine - INFO - execute_keyword - Entering text in: id=sign-username\n2025-10-20 14:34:03 - KeywordEngine - INFO - execute_test_case - Step 5 passed\n2025-10-20 14:34:03 - KeywordEngine - INFO - execute_test_case - Executing Step 6: enter_text | Locator: id=sign-password | Data: Test@123\n2025-10-20 14:34:04 - KeywordEngine - INFO - execute_keyword - Entering text in: id=sign-password\n2025-10-20 14:34:04 - KeywordEngine - INFO - execute_test_case - Step 6 passed\n2025-10-20 14:34:04 - KeywordEngine - INFO - execute_test_case - Executing Step 7: click_element | Locator: xpath=//button[text()=&amp;quot;Sign up&amp;quot;] | Data: \n2025-10-20 14:34:04 - KeywordEngine - INFO - execute_keyword - Clicking element: xpath=//button[text()=&amp;quot;Sign up&amp;quot;]\n2025-10-20 14:34:05 - KeywordEngine - INFO - execute_test_case - Step 7 passed\n2025-10-20 14:34:05 - KeywordEngine - INFO - execute_test_case - Executing Step 8: handle_alert | Locator:  | Data: accept\n2025-10-20 14:34:05 - KeywordEngine - WARNING - check_and_handle_unexpected_alert - Unexpected alert found: &amp;#x27;Sign up successful.&amp;#x27; - Auto-accepting\n2025-10-20 14:34:06 - KeywordEngine - INFO - execute_keyword - Handling alert with action: accept\n2025-10-20 14:34:23 - KeywordEngine - WARNING - execute_keyword - No alert present to handle after multiple attempts\n2025-10-20 14:34:23 - KeywordEngine - INFO - execute_test_case - Step 8 passed\n2025-10-20 14:34:23 - KeywordEngine - INFO - execute_test_case - Executing Step 9: wait | Locator:  | Data: 2\n2025-10-20 14:34:24 - KeywordEngine - INFO - execute_keyword - Waiting for 2.0 seconds\n2025-10-20 14:34:26 - KeywordEngine - INFO - execute_test_case - Step 9 passed\n2025-10-20 14:34:26 - KeywordEngine - INFO - execute_test_case - Executing Step 10: click_element | Locator: id=login2 | Data: \n2025-10-20 14:34:26 - KeywordEngine - INFO - execute_keyword - Clicking element: id=login2\n2025-10-20 14:34:27 - KeywordEngine - INFO - execute_test_case - Step 10 passed\n2025-10-20 14:34:27 - KeywordEngine - INFO - execute_test_case - Executing Step 11: wait_for_element | Locator: id=loginusername | Data: \n2025-10-20 14:34:28 - KeywordEngine - INFO - execute_keyword - Waiting for element to be present: id=loginusername\n2025-10-20 14:34:28 - KeywordEngine - INFO - execute_test_case - Step 11 passed\n2025-10-20 14:34:28 - KeywordEngine - INFO - execute_test_case - Executing Step 12: enter_text | Locator: id=loginusername | Data: user1428249734\n2025-10-20 14:34:28 - KeywordEngine - INFO - execute_keyword - Entering text in: id=loginusername\n2025-10-20 14:34:28 - KeywordEngine - INFO - execute_test_case - Step 12 passed\n2025-10-20 14:34:28 - KeywordEngine - INFO - execute_test_case - Executing Step 13: enter_text | Locator: id=loginpassword | Data: Test@123\n2025-10-20 14:34:29 - KeywordEngine - INFO - execute_keyword - Entering text in: id=loginpassword\n2025-10-20 14:34:29 - KeywordEngine - INFO - execute_test_case - Step 13 passed\n2025-10-20 14:34:29 - KeywordEngine - INFO - execute_test_case - Executing Step 14: click_element | Locator: xpath=//button[text()=&amp;quot;Log in&amp;quot;] | Data: \n2025-10-20 14:34:29 - KeywordEngine - INFO - execute_keyword - Clicking element: xpath=//button[text()=&amp;quot;Log in&amp;quot;]\n2025-10-20 14:34:31 - KeywordEngine - INFO - execute_test_case - Step 14 passed\n2025-10-20 14:34:31 - KeywordEngine - INFO - execute_test_case - Executing Step 15: wait | Locator:  | Data: 3\n2025-10-20 14:34:31 - KeywordEngine - INFO - execute_keyword - Waiting for 3.0 seconds\n2025-10-20 14:34:34 - KeywordEngine - INFO - execute_test_case - Step 15 passed\n2025-10-20 14:34:34 - KeywordEngine - INFO - execute_test_case - Executing Step 16: verify_text | Locator: id=nameofuser | Data: Welcome user1428249734\n2025-10-20 14:34:35 - KeywordEngine - INFO - execute_keyword - Verifying text: Welcome user1428249734 in id=nameofuser\n2025-10-20 14:34:37 - KeywordEngine - INFO - execute_keyword - Actual text found: &amp;#x27;Welcome user1428249734&amp;#x27;\n2025-10-20 14:34:37 - KeywordEngine - INFO - execute_test_case - Step 16 passed\n2025-10-20 14:34:37 - KeywordEngine - INFO - generate_test_report - Test report generated: reports/keyword_test_report_20251020_143437.html\n2025-10-20 14:34:37 - TestKeywordDriven - INFO - test_keyword_driven_execution - Test completed: 16 passed, 0 failed\n2025-10-20 14:34:37 - TestKeywordDriven - INFO - test_keyword_driven_execution - Report generated at: reports/keyword_test_report_20251020_143437.html\n2025-10-20 14:34:37 - TestKeywordDriven - INFO - test_keyword_driven_execution - Keyword-driven test completed successfully\n\n------------------------------ Captured log call -------------------------------\nINFO     KeywordEngine:keyword_engine.py:55 Excel columns: [&amp;#x27;Test_Step_ID&amp;#x27;, &amp;#x27;Action&amp;#x27;, &amp;#x27;Locator_Type&amp;#x27;, &amp;#x27;Locator_Value&amp;#x27;, &amp;#x27;Value&amp;#x27;, &amp;#x27;Expected_Result&amp;#x27;]\nINFO     KeywordEngine:keyword_engine.py:56 Number of rows: 16\nINFO     KeywordEngine:keyword_engine.py:83 Executing Step 1: navigate_to_url | Locator:  | Data: https://www.demoblaze.com\nINFO     KeywordEngine:keyword_engine.py:128 Navigating to: https://www.demoblaze.com\nINFO     KeywordEngine:keyword_engine.py:95 Step 1 passed\nINFO     KeywordEngine:keyword_engine.py:83 Executing Step 2: wait | Locator:  | Data: 2\nINFO     KeywordEngine:keyword_engine.py:231 Waiting for 2.0 seconds\nINFO     KeywordEngine:keyword_engine.py:95 Step 2 passed\nINFO     KeywordEngine:keyword_engine.py:83 Executing Step 3: click_element | Locator: id=signin2 | Data: \nINFO     KeywordEngine:keyword_engine.py:133 Clicking element: id=signin2\nINFO     KeywordEngine:keyword_engine.py:95 Step 3 passed\nINFO     KeywordEngine:keyword_engine.py:83 Executing Step 4: wait_for_element | Locator: id=sign-username | Data: \nINFO     KeywordEngine:keyword_engine.py:236 Waiting for element to be present: id=sign-username\nINFO     KeywordEngine:keyword_engine.py:95 Step 4 passed\nINFO     KeywordEngine:keyword_engine.py:83 Executing Step 5: enter_text | Locator: id=sign-username | Data: user1428249734\nINFO     KeywordEngine:keyword_engine.py:162 Entering text in: id=sign-username\nINFO     KeywordEngine:keyword_engine.py:95 Step 5 passed\nINFO     KeywordEngine:keyword_engine.py:83 Executing Step 6: enter_text | Locator: id=sign-password | Data: Test@123\nINFO     KeywordEngine:keyword_engine.py:162 Entering text in: id=sign-password\nINFO     KeywordEngine:keyword_engine.py:95 Step 6 passed\nINFO     KeywordEngine:keyword_engine.py:83 Executing Step 7: click_element | Locator: xpath=//button[text()=&amp;quot;Sign up&amp;quot;] | Data: \nINFO     KeywordEngine:keyword_engine.py:133 Clicking element: xpath=//button[text()=&amp;quot;Sign up&amp;quot;]\nINFO     KeywordEngine:keyword_engine.py:95 Step 7 passed\nINFO     KeywordEngine:keyword_engine.py:83 Executing Step 8: handle_alert | Locator:  | Data: accept\nWARNING  KeywordEngine:keyword_engine.py:28 Unexpected alert found: &amp;#x27;Sign up successful.&amp;#x27; - Auto-accepting\nINFO     KeywordEngine:keyword_engine.py:261 Handling alert with action: accept\nWARNING  KeywordEngine:keyword_engine.py:326 No alert present to handle after multiple attempts\nINFO     KeywordEngine:keyword_engine.py:95 Step 8 passed\nINFO     KeywordEngine:keyword_engine.py:83 Executing Step 9: wait | Locator:  | Data: 2\nINFO     KeywordEngine:keyword_engine.py:231 Waiting for 2.0 seconds\nINFO     KeywordEngine:keyword_engine.py:95 Step 9 passed\nINFO     KeywordEngine:keyword_engine.py:83 Executing Step 10: click_element | Locator: id=login2 | Data: \nINFO     KeywordEngine:keyword_engine.py:133 Clicking element: id=login2\nINFO     KeywordEngine:keyword_engine.py:95 Step 10 passed\nINFO     KeywordEngine:keyword_engine.py:83 Executing Step 11: wait_for_element | Locator: id=loginusername | Data: \nINFO     KeywordEngine:keyword_engine.py:236 Waiting for element to be present: id=loginusername\nINFO     KeywordEngine:keyword_engine.py:95 Step 11 passed\nINFO     KeywordEngine:keyword_engine.py:83 Executing Step 12: enter_text | Locator: id=loginusername | Data: user1428249734\nINFO     KeywordEngine:keyword_engine.py:162 Entering text in: id=loginusername\nINFO     KeywordEngine:keyword_engine.py:95 Step 12 passed\nINFO     KeywordEngine:keyword_engine.py:83 Executing Step 13: enter_text | Locator: id=loginpassword | Data: Test@123\nINFO     KeywordEngine:keyword_engine.py:162 Entering text in: id=loginpassword\nINFO     KeywordEngine:keyword_engine.py:95 Step 13 passed\nINFO     KeywordEngine:keyword_engine.py:83 Executing Step 14: click_element | Locator: xpath=//button[text()=&amp;quot;Log in&amp;quot;] | Data: \nINFO     KeywordEngine:keyword_engine.py:133 Clicking element: xpath=//button[text()=&amp;quot;Log in&amp;quot;]\nINFO     KeywordEngine:keyword_engine.py:95 Step 14 passed\nINFO     KeywordEngine:keyword_engine.py:83 Executing Step 15: wait | Locator:  | Data: 3\nINFO     KeywordEngine:keyword_engine.py:231 Waiting for 3.0 seconds\nINFO     KeywordEngine:keyword_engine.py:95 Step 15 passed\nINFO     KeywordEngine:keyword_engine.py:83 Executing Step 16: verify_text | Locator: id=nameofuser | Data: Welcome user1428249734\nINFO     KeywordEngine:keyword_engine.py:178 Verifying text: Welcome user1428249734 in id=nameofuser\nINFO     KeywordEngine:keyword_engine.py:210 Actual text found: &amp;#x27;Welcome user1428249734&amp;#x27;\nINFO     KeywordEngine:keyword_engine.py:95 Step 16 passed\nINFO     KeywordEngine:keyword_engine.py:531 Test report generated: reports/keyword_test_report_20251020_143437.html\nINFO     TestKeywordDriven:test_keyword_driven.py:54 Test completed: 16 passed, 0 failed\nINFO     TestKeywordDriven:test_keyword_driven.py:55 Report generated at: reports/keyword_test_report_20251020_143437.html\nINFO     TestKeywordDriven:test_keyword_driven.py:62 Keyword-driven test completed successfully\n\n&#34;}], &#34;selenium_demoblaze_framework/tests/test_link_checker.py::TestLinkChecker::test_check_all_links&#34;: [{&#34;extras&#34;: [], &#34;result&#34;: &#34;Failed&#34;, &#34;testId&#34;: &#34;selenium_demoblaze_framework/tests/test_link_checker.py::TestLinkChecker::test_check_all_links&#34;, &#34;duration&#34;: &#34;00:00:15&#34;, &#34;resultsTableRow&#34;: [&#34;&lt;td class=\&#34;col-result\&#34;&gt;Failed&lt;/td&gt;&#34;, &#34;&lt;td class=\&#34;col-testId\&#34;&gt;selenium_demoblaze_framework/tests/test_link_checker.py::TestLinkChecker::test_check_all_links&lt;/td&gt;&#34;, &#34;&lt;td class=\&#34;col-duration\&#34;&gt;00:00:15&lt;/td&gt;&#34;, &#34;&lt;td class=\&#34;col-links\&#34;&gt;&lt;/td&gt;&#34;], &#34;log&#34;: &#34;self = &amp;lt;tests.test_link_checker.TestLinkChecker object at 0x7fe55d92d0d0&amp;gt;\nsetup = None\n\n    def test_check_all_links(self, setup):\n        &amp;quot;&amp;quot;&amp;quot;Test checking all links on a page&amp;quot;&amp;quot;&amp;quot;\n        self.driver.get(&amp;quot;https://the-internet.herokuapp.com/&amp;quot;)\n    \n        results = self.link_checker.check_all_links()\n    \n&amp;gt;       assert len(results) &amp;gt; 0, &amp;quot;No links found on page&amp;quot;\nE       AssertionError: No links found on page\nE       assert 0 &amp;gt; 0\nE        +  where 0 = len([])\n\nselenium_demoblaze_framework/tests/test_link_checker.py:31: AssertionError\n\n----------------------------- Captured stderr call -----------------------------\n2025-10-20 14:34:52 - TestLinkChecker - INFO - check_all_links - Found 0 elements to check\n\n------------------------------ Captured log call -------------------------------\nINFO     TestLinkChecker:link_checker_utils.py:45 Found 0 elements to check\n\n&#34;}], &#34;selenium_demoblaze_framework/tests/test_link_checker.py::TestLinkChecker::test_check_internal_links&#34;: [{&#34;extras&#34;: [], &#34;result&#34;: &#34;Failed&#34;, &#34;testId&#34;: &#34;selenium_demoblaze_framework/tests/test_link_checker.py::TestLinkChecker::test_check_internal_links&#34;, &#34;duration&#34;: &#34;00:00:15&#34;, &#34;resultsTableRow&#34;: [&#34;&lt;td class=\&#34;col-result\&#34;&gt;Failed&lt;/td&gt;&#34;, &#34;&lt;td class=\&#34;col-testId\&#34;&gt;selenium_demoblaze_framework/tests/test_link_checker.py::TestLinkChecker::test_check_internal_links&lt;/td&gt;&#34;, &#34;&lt;td class=\&#34;col-duration\&#34;&gt;00:00:15&lt;/td&gt;&#34;, &#34;&lt;td class=\&#34;col-links\&#34;&gt;&lt;/td&gt;&#34;], &#34;log&#34;: &#34;self = &amp;lt;tests.test_link_checker.TestLinkChecker object at 0x7fe55d92db20&amp;gt;\nsetup = None\n\n    def test_check_internal_links(self, setup):\n        &amp;quot;&amp;quot;&amp;quot;Test checking only internal links&amp;quot;&amp;quot;&amp;quot;\n        self.driver.get(&amp;quot;https://the-internet.herokuapp.com/&amp;quot;)\n    \n        results = self.link_checker.check_internal_links_only(&amp;quot;https://the-internet.herokuapp.com/&amp;quot;)\n    \n&amp;gt;       assert len(results) &amp;gt; 0, &amp;quot;No internal links found&amp;quot;\nE       AssertionError: No internal links found\nE       assert 0 &amp;gt; 0\nE        +  where 0 = len([])\n\nselenium_demoblaze_framework/tests/test_link_checker.py:47: AssertionError\n&#34;}], &#34;selenium_demoblaze_framework/tests/test_link_checker.py::TestLinkChecker::test_check_external_links&#34;: [{&#34;extras&#34;: [], &#34;result&#34;: &#34;Passed&#34;, &#34;testId&#34;: &#34;selenium_demoblaze_framework/tests/test_link_checker.py::TestLinkChecker::test_check_external_links&#34;, &#34;duration&#34;: &#34;00:00:15&#34;, &#34;resultsTableRow&#34;: [&#34;&lt;td class=\&#34;col-result\&#34;&gt;Passed&lt;/td&gt;&#34;, &#34;&lt;td class=\&#34;col-testId\&#34;&gt;selenium_demoblaze_framework/tests/test_link_checker.py::TestLinkChecker::test_check_external_links&lt;/td&gt;&#34;, &#34;&lt;td class=\&#34;col-duration\&#34;&gt;00:00:15&lt;/td&gt;&#34;, &#34;&lt;td class=\&#34;col-links\&#34;&gt;&lt;/td&gt;&#34;], &#34;log&#34;: &#34;No log output captured.&#34;}], &#34;selenium_demoblaze_framework/tests/test_page_factory.py::TestPageFactory::test_page_factory_single_elements&#34;: [{&#34;extras&#34;: [], &#34;result&#34;: &#34;Passed&#34;, &#34;testId&#34;: &#34;selenium_demoblaze_framework/tests/test_page_factory.py::TestPageFactory::test_page_factory_single_elements&#34;, &#34;duration&#34;: &#34;00:00:04&#34;, &#34;resultsTableRow&#34;: [&#34;&lt;td class=\&#34;col-result\&#34;&gt;Passed&lt;/td&gt;&#34;, &#34;&lt;td class=\&#34;col-testId\&#34;&gt;selenium_demoblaze_framework/tests/test_page_factory.py::TestPageFactory::test_page_factory_single_elements&lt;/td&gt;&#34;, &#34;&lt;td class=\&#34;col-duration\&#34;&gt;00:00:04&lt;/td&gt;&#34;, &#34;&lt;td class=\&#34;col-links\&#34;&gt;&lt;/td&gt;&#34;], &#34;log&#34;: &#34;----------------------------- Captured stderr call -----------------------------\n2025-10-20 14:35:26 - TestPageFactory - INFO - test_page_factory_single_elements - [PASS] Single elements test passed\n\n------------------------------ Captured log call -------------------------------\nINFO     TestPageFactory:test_page_factory.py:47 [PASS] Single elements test passed\n\n&#34;}], &#34;selenium_demoblaze_framework/tests/test_page_factory.py::TestPageFactory::test_page_factory_multiple_elements&#34;: [{&#34;extras&#34;: [], &#34;result&#34;: &#34;Passed&#34;, &#34;testId&#34;: &#34;selenium_demoblaze_framework/tests/test_page_factory.py::TestPageFactory::test_page_factory_multiple_elements&#34;, &#34;duration&#34;: &#34;00:00:06&#34;, &#34;resultsTableRow&#34;: [&#34;&lt;td class=\&#34;col-result\&#34;&gt;Passed&lt;/td&gt;&#34;, &#34;&lt;td class=\&#34;col-testId\&#34;&gt;selenium_demoblaze_framework/tests/test_page_factory.py::TestPageFactory::test_page_factory_multiple_elements&lt;/td&gt;&#34;, &#34;&lt;td class=\&#34;col-duration\&#34;&gt;00:00:06&lt;/td&gt;&#34;, &#34;&lt;td class=\&#34;col-links\&#34;&gt;&lt;/td&gt;&#34;], &#34;log&#34;: &#34;----------------------------- Captured stderr call -----------------------------\n2025-10-20 14:35:32 - TestPageFactory - INFO - test_page_factory_multiple_elements - Found 9 products\n2025-10-20 14:35:32 - TestPageFactory - INFO - test_page_factory_multiple_elements - [PASS] Multiple elements test passed\n\n------------------------------ Captured log call -------------------------------\nINFO     TestPageFactory:test_page_factory.py:69 Found 9 products\nINFO     TestPageFactory:test_page_factory.py:70 [PASS] Multiple elements test passed\n\n&#34;}], &#34;selenium_demoblaze_framework/tests/test_page_factory.py::TestPageFactory::test_page_factory_navigation&#34;: [{&#34;extras&#34;: [], &#34;result&#34;: &#34;Passed&#34;, &#34;testId&#34;: &#34;selenium_demoblaze_framework/tests/test_page_factory.py::TestPageFactory::test_page_factory_navigation&#34;, &#34;duration&#34;: &#34;00:00:13&#34;, &#34;resultsTableRow&#34;: [&#34;&lt;td class=\&#34;col-result\&#34;&gt;Passed&lt;/td&gt;&#34;, &#34;&lt;td class=\&#34;col-testId\&#34;&gt;selenium_demoblaze_framework/tests/test_page_factory.py::TestPageFactory::test_page_factory_navigation&lt;/td&gt;&#34;, &#34;&lt;td class=\&#34;col-duration\&#34;&gt;00:00:13&lt;/td&gt;&#34;, &#34;&lt;td class=\&#34;col-links\&#34;&gt;&lt;/td&gt;&#34;], &#34;log&#34;: &#34;----------------------------- Captured stderr call -----------------------------\n2025-10-20 14:35:45 - TestPageFactory - INFO - test_page_factory_navigation - [PASS] Navigation test passed\n\n------------------------------ Captured log call -------------------------------\nINFO     TestPageFactory:test_page_factory.py:89 [PASS] Navigation test passed\n\n&#34;}], &#34;selenium_demoblaze_framework/tests/test_page_factory.py::TestPageFactory::test_page_factory_login_flow&#34;: [{&#34;extras&#34;: [], &#34;result&#34;: &#34;Passed&#34;, &#34;testId&#34;: &#34;selenium_demoblaze_framework/tests/test_page_factory.py::TestPageFactory::test_page_factory_login_flow&#34;, &#34;duration&#34;: &#34;00:00:22&#34;, &#34;resultsTableRow&#34;: [&#34;&lt;td class=\&#34;col-result\&#34;&gt;Passed&lt;/td&gt;&#34;, &#34;&lt;td class=\&#34;col-testId\&#34;&gt;selenium_demoblaze_framework/tests/test_page_factory.py::TestPageFactory::test_page_factory_login_flow&lt;/td&gt;&#34;, &#34;&lt;td class=\&#34;col-duration\&#34;&gt;00:00:22&lt;/td&gt;&#34;, &#34;&lt;td class=\&#34;col-links\&#34;&gt;&lt;/td&gt;&#34;], &#34;log&#34;: &#34;----------------------------- Captured stderr call -----------------------------\n2025-10-20 14:35:54 - TestPageFactory - INFO - test_page_factory_login_flow - Signup alert: Sign up successful.\n2025-10-20 14:36:07 - TestPageFactory - INFO - test_page_factory_login_flow - [PASS] Login flow test passed\n\n------------------------------ Captured log call -------------------------------\nINFO     TestPageFactory:test_page_factory.py:114 Signup alert: Sign up successful.\nINFO     TestPageFactory:test_page_factory.py:137 [PASS] Login flow test passed\n\n&#34;}], &#34;selenium_demoblaze_framework/tests/test_page_factory.py::TestPageFactory::test_page_factory_product_details&#34;: [{&#34;extras&#34;: [], &#34;result&#34;: &#34;Passed&#34;, &#34;testId&#34;: &#34;selenium_demoblaze_framework/tests/test_page_factory.py::TestPageFactory::test_page_factory_product_details&#34;, &#34;duration&#34;: &#34;00:00:08&#34;, &#34;resultsTableRow&#34;: [&#34;&lt;td class=\&#34;col-result\&#34;&gt;Passed&lt;/td&gt;&#34;, &#34;&lt;td class=\&#34;col-testId\&#34;&gt;selenium_demoblaze_framework/tests/test_page_factory.py::TestPageFactory::test_page_factory_product_details&lt;/td&gt;&#34;, &#34;&lt;td class=\&#34;col-duration\&#34;&gt;00:00:08&lt;/td&gt;&#34;, &#34;&lt;td class=\&#34;col-links\&#34;&gt;&lt;/td&gt;&#34;], &#34;log&#34;: &#34;----------------------------- Captured stderr call -----------------------------\n2025-10-20 14:36:15 - TestPageFactory - INFO - test_page_factory_product_details - [PASS] Product details test passed - Found 9 products\n\n------------------------------ Captured log call -------------------------------\nINFO     TestPageFactory:test_page_factory.py:159 [PASS] Product details test passed - Found 9 products\n\n&#34;}], &#34;selenium_demoblaze_framework/tests/test_page_factory.py::TestPageFactory::test_page_factory_search_functionality&#34;: [{&#34;extras&#34;: [], &#34;result&#34;: &#34;Passed&#34;, &#34;testId&#34;: &#34;selenium_demoblaze_framework/tests/test_page_factory.py::TestPageFactory::test_page_factory_search_functionality&#34;, &#34;duration&#34;: &#34;00:00:13&#34;, &#34;resultsTableRow&#34;: [&#34;&lt;td class=\&#34;col-result\&#34;&gt;Passed&lt;/td&gt;&#34;, &#34;&lt;td class=\&#34;col-testId\&#34;&gt;selenium_demoblaze_framework/tests/test_page_factory.py::TestPageFactory::test_page_factory_search_functionality&lt;/td&gt;&#34;, &#34;&lt;td class=\&#34;col-duration\&#34;&gt;00:00:13&lt;/td&gt;&#34;, &#34;&lt;td class=\&#34;col-links\&#34;&gt;&lt;/td&gt;&#34;], &#34;log&#34;: &#34;----------------------------- Captured stderr call -----------------------------\n2025-10-20 14:36:25 - TestPageFactory - INFO - search_product - Found product: Samsung galaxy s6\n2025-10-20 14:36:25 - TestPageFactory - INFO - test_page_factory_search_functionality - Found product: Samsung\n2025-10-20 14:36:29 - TestPageFactory - INFO - search_product - Products on page: [&amp;#x27;Samsung galaxy s6&amp;#x27;, &amp;#x27;Nokia lumia 1520&amp;#x27;, &amp;#x27;Nexus 6&amp;#x27;, &amp;#x27;Samsung galaxy s7&amp;#x27;, &amp;#x27;Iphone 6 32gb&amp;#x27;, &amp;#x27;Sony xperia z5&amp;#x27;, &amp;#x27;HTC One M9&amp;#x27;, &amp;#x27;Sony vaio i5&amp;#x27;, &amp;#x27;Sony vaio i7&amp;#x27;]\n2025-10-20 14:36:29 - TestPageFactory - INFO - test_page_factory_search_functionality - [PASS] Search functionality test passed\n\n------------------------------ Captured log call -------------------------------\nINFO     TestPageFactory:home_page_factory.py:259 Found product: Samsung galaxy s6\nINFO     TestPageFactory:test_page_factory.py:174 Found product: Samsung\nINFO     TestPageFactory:home_page_factory.py:265 Products on page: [&amp;#x27;Samsung galaxy s6&amp;#x27;, &amp;#x27;Nokia lumia 1520&amp;#x27;, &amp;#x27;Nexus 6&amp;#x27;, &amp;#x27;Samsung galaxy s7&amp;#x27;, &amp;#x27;Iphone 6 32gb&amp;#x27;, &amp;#x27;Sony xperia z5&amp;#x27;, &amp;#x27;HTC One M9&amp;#x27;, &amp;#x27;Sony vaio i5&amp;#x27;, &amp;#x27;Sony vaio i7&amp;#x27;]\nINFO     TestPageFactory:test_page_factory.py:183 [PASS] Search functionality test passed\n\n&#34;}], &#34;selenium_demoblaze_framework/tests/test_page_factory.py::TestPageFactory::test_page_factory_element_caching&#34;: [{&#34;extras&#34;: [], &#34;result&#34;: &#34;Passed&#34;, &#34;testId&#34;: &#34;selenium_demoblaze_framework/tests/test_page_factory.py::TestPageFactory::test_page_factory_element_caching&#34;, &#34;duration&#34;: &#34;00:00:04&#34;, &#34;resultsTableRow&#34;: [&#34;&lt;td class=\&#34;col-result\&#34;&gt;Passed&lt;/td&gt;&#34;, &#34;&lt;td class=\&#34;col-testId\&#34;&gt;selenium_demoblaze_framework/tests/test_page_factory.py::TestPageFactory::test_page_factory_element_caching&lt;/td&gt;&#34;, &#34;&lt;td class=\&#34;col-duration\&#34;&gt;00:00:04&lt;/td&gt;&#34;, &#34;&lt;td class=\&#34;col-links\&#34;&gt;&lt;/td&gt;&#34;], &#34;log&#34;: &#34;----------------------------- Captured stderr call -----------------------------\n2025-10-20 14:36:33 - TestPageFactory - INFO - test_page_factory_element_caching - [PASS] Element caching test passed\n\n------------------------------ Captured log call -------------------------------\nINFO     TestPageFactory:test_page_factory.py:205 [PASS] Element caching test passed\n\n&#34;}]}, &#34;renderCollapsed&#34;: [&#34;passed&#34;], &#34;initialSort&#34;: &#34;result&#34;, &#34;title&#34;: &#34;test-report.html&#34;}"></div>
    <script>
      (function(){function r(e,n,t){function o(i,f){if(!n[i]){if(!e[i]){var c="function"==typeof require&&require;if(!f&&c)return c(i,!0);if(u)return u(i,!0);var a=new Error("Cannot find module '"+i+"'");throw a.code="MODULE_NOT_FOUND",a}var p=n[i]={exports:{}};e[i][0].call(p.exports,function(r){var n=e[i][1][r];return o(n||r)},p,p.exports,r,e,n,t)}return n[i].exports}for(var u="function"==typeof require&&require,i=0;i<t.length;i++)o(t[i]);return o}return r})()({1:[function(require,module,exports){
const { getCollapsedCategory, setCollapsedIds } = require('./storage.js')

class DataManager {
    setManager(data) {
        const collapsedCategories = [...getCollapsedCategory(data.renderCollapsed)]
        const collapsedIds = []
        const tests = Object.values(data.tests).flat().map((test, index) => {
            const collapsed = collapsedCategories.includes(test.result.toLowerCase())
            const id = `test_${index}`
            if (collapsed) {
                collapsedIds.push(id)
            }
            return {
                ...test,
                id,
                collapsed,
            }
        })
        const dataBlob = { ...data, tests }
        this.data = { ...dataBlob }
        this.renderData = { ...dataBlob }
        setCollapsedIds(collapsedIds)
    }

    get allData() {
        return { ...this.data }
    }

    resetRender() {
        this.renderData = { ...this.data }
    }

    setRender(data) {
        this.renderData.tests = [...data]
    }

    toggleCollapsedItem(id) {
        this.renderData.tests = this.renderData.tests.map((test) =>
            test.id === id ? { ...test, collapsed: !test.collapsed } : test,
        )
    }

    set allCollapsed(collapsed) {
        this.renderData = { ...this.renderData, tests: [...this.renderData.tests.map((test) => (
            { ...test, collapsed }
        ))] }
    }

    get testSubset() {
        return [...this.renderData.tests]
    }

    get environment() {
        return this.renderData.environment
    }

    get initialSort() {
        return this.data.initialSort
    }
}

module.exports = {
    manager: new DataManager(),
}

},{"./storage.js":8}],2:[function(require,module,exports){
const mediaViewer = require('./mediaviewer.js')
const templateEnvRow = document.getElementById('template_environment_row')
const templateResult = document.getElementById('template_results-table__tbody')

function htmlToElements(html) {
    const temp = document.createElement('template')
    temp.innerHTML = html
    return temp.content.childNodes
}

const find = (selector, elem) => {
    if (!elem) {
        elem = document
    }
    return elem.querySelector(selector)
}

const findAll = (selector, elem) => {
    if (!elem) {
        elem = document
    }
    return [...elem.querySelectorAll(selector)]
}

const dom = {
    getStaticRow: (key, value) => {
        const envRow = templateEnvRow.content.cloneNode(true)
        const isObj = typeof value === 'object' && value !== null
        const values = isObj ? Object.keys(value).map((k) => `${k}: ${value[k]}`) : null

        const valuesElement = htmlToElements(
            values ? `<ul>${values.map((val) => `<li>${val}</li>`).join('')}<ul>` : `<div>${value}</div>`)[0]
        const td = findAll('td', envRow)
        td[0].textContent = key
        td[1].appendChild(valuesElement)

        return envRow
    },
    getResultTBody: ({ testId, id, log, extras, resultsTableRow, tableHtml, result, collapsed }) => {
        const resultBody = templateResult.content.cloneNode(true)
        resultBody.querySelector('tbody').classList.add(result.toLowerCase())
        resultBody.querySelector('tbody').id = testId
        resultBody.querySelector('.collapsible').dataset.id = id

        resultsTableRow.forEach((html) => {
            const t = document.createElement('template')
            t.innerHTML = html
            resultBody.querySelector('.collapsible').appendChild(t.content)
        })

        if (log) {
            // Wrap lines starting with "E" with span.error to color those lines red
            const wrappedLog = log.replace(/^E.*$/gm, (match) => `<span class="error">${match}</span>`)
            resultBody.querySelector('.log').innerHTML = wrappedLog
        } else {
            resultBody.querySelector('.log').remove()
        }

        if (collapsed) {
            resultBody.querySelector('.collapsible > td')?.classList.add('collapsed')
            resultBody.querySelector('.extras-row').classList.add('hidden')
        } else {
            resultBody.querySelector('.collapsible > td')?.classList.remove('collapsed')
        }

        const media = []
        extras?.forEach(({ name, format_type, content }) => {
            if (['image', 'video'].includes(format_type)) {
                media.push({ path: content, name, format_type })
            }

            if (format_type === 'html') {
                resultBody.querySelector('.extraHTML').insertAdjacentHTML('beforeend', `<div>${content}</div>`)
            }
        })
        mediaViewer.setup(resultBody, media)

        // Add custom html from the pytest_html_results_table_html hook
        tableHtml?.forEach((item) => {
            resultBody.querySelector('td[class="extra"]').insertAdjacentHTML('beforeend', item)
        })

        return resultBody
    },
}

module.exports = {
    dom,
    htmlToElements,
    find,
    findAll,
}

},{"./mediaviewer.js":6}],3:[function(require,module,exports){
const { manager } = require('./datamanager.js')
const { doSort } = require('./sort.js')
const storageModule = require('./storage.js')

const getFilteredSubSet = (filter) =>
    manager.allData.tests.filter(({ result }) => filter.includes(result.toLowerCase()))

const doInitFilter = () => {
    const currentFilter = storageModule.getVisible()
    const filteredSubset = getFilteredSubSet(currentFilter)
    manager.setRender(filteredSubset)
}

const doFilter = (type, show) => {
    if (show) {
        storageModule.showCategory(type)
    } else {
        storageModule.hideCategory(type)
    }

    const currentFilter = storageModule.getVisible()
    const filteredSubset = getFilteredSubSet(currentFilter)
    manager.setRender(filteredSubset)

    const sortColumn = storageModule.getSort()
    doSort(sortColumn, true)
}

module.exports = {
    doFilter,
    doInitFilter,
}

},{"./datamanager.js":1,"./sort.js":7,"./storage.js":8}],4:[function(require,module,exports){
const { redraw, bindEvents, renderStatic } = require('./main.js')
const { doInitFilter } = require('./filter.js')
const { doInitSort } = require('./sort.js')
const { manager } = require('./datamanager.js')
const data = JSON.parse(document.getElementById('data-container').dataset.jsonblob)

function init() {
    manager.setManager(data)
    doInitFilter()
    doInitSort()
    renderStatic()
    redraw()
    bindEvents()
}

init()

},{"./datamanager.js":1,"./filter.js":3,"./main.js":5,"./sort.js":7}],5:[function(require,module,exports){
const { dom, find, findAll } = require('./dom.js')
const { manager } = require('./datamanager.js')
const { doSort } = require('./sort.js')
const { doFilter } = require('./filter.js')
const {
    getVisible,
    getCollapsedIds,
    setCollapsedIds,
    getSort,
    getSortDirection,
    possibleFilters,
} = require('./storage.js')

const removeChildren = (node) => {
    while (node.firstChild) {
        node.removeChild(node.firstChild)
    }
}

const renderStatic = () => {
    const renderEnvironmentTable = () => {
        const environment = manager.environment
        const rows = Object.keys(environment).map((key) => dom.getStaticRow(key, environment[key]))
        const table = document.getElementById('environment')
        removeChildren(table)
        rows.forEach((row) => table.appendChild(row))
    }
    renderEnvironmentTable()
}

const addItemToggleListener = (elem) => {
    elem.addEventListener('click', ({ target }) => {
        const id = target.parentElement.dataset.id
        manager.toggleCollapsedItem(id)

        const collapsedIds = getCollapsedIds()
        if (collapsedIds.includes(id)) {
            const updated = collapsedIds.filter((item) => item !== id)
            setCollapsedIds(updated)
        } else {
            collapsedIds.push(id)
            setCollapsedIds(collapsedIds)
        }
        redraw()
    })
}

const renderContent = (tests) => {
    const sortAttr = getSort(manager.initialSort)
    const sortAsc = JSON.parse(getSortDirection())
    const rows = tests.map(dom.getResultTBody)
    const table = document.getElementById('results-table')
    const tableHeader = document.getElementById('results-table-head')

    const newTable = document.createElement('table')
    newTable.id = 'results-table'

    // remove all sorting classes and set the relevant
    findAll('.sortable', tableHeader).forEach((elem) => elem.classList.remove('asc', 'desc'))
    tableHeader.querySelector(`.sortable[data-column-type="${sortAttr}"]`)?.classList.add(sortAsc ? 'desc' : 'asc')
    newTable.appendChild(tableHeader)

    if (!rows.length) {
        const emptyTable = document.getElementById('template_results-table__body--empty').content.cloneNode(true)
        newTable.appendChild(emptyTable)
    } else {
        rows.forEach((row) => {
            if (!!row) {
                findAll('.collapsible td:not(.col-links', row).forEach(addItemToggleListener)
                find('.logexpander', row).addEventListener('click',
                    (evt) => evt.target.parentNode.classList.toggle('expanded'),
                )
                newTable.appendChild(row)
            }
        })
    }

    table.replaceWith(newTable)
}

const renderDerived = () => {
    const currentFilter = getVisible()
    possibleFilters.forEach((result) => {
        const input = document.querySelector(`input[data-test-result="${result}"]`)
        input.checked = currentFilter.includes(result)
    })
}

const bindEvents = () => {
    const filterColumn = (evt) => {
        const { target: element } = evt
        const { testResult } = element.dataset

        doFilter(testResult, element.checked)
        const collapsedIds = getCollapsedIds()
        const updated = manager.renderData.tests.map((test) => {
            return {
                ...test,
                collapsed: collapsedIds.includes(test.id),
            }
        })
        manager.setRender(updated)
        redraw()
    }

    const header = document.getElementById('environment-header')
    header.addEventListener('click', () => {
        const table = document.getElementById('environment')
        table.classList.toggle('hidden')
        header.classList.toggle('collapsed')
    })

    findAll('input[name="filter_checkbox"]').forEach((elem) => {
        elem.addEventListener('click', filterColumn)
    })

    findAll('.sortable').forEach((elem) => {
        elem.addEventListener('click', (evt) => {
            const { target: element } = evt
            const { columnType } = element.dataset
            doSort(columnType)
            redraw()
        })
    })

    document.getElementById('show_all_details').addEventListener('click', () => {
        manager.allCollapsed = false
        setCollapsedIds([])
        redraw()
    })
    document.getElementById('hide_all_details').addEventListener('click', () => {
        manager.allCollapsed = true
        const allIds = manager.renderData.tests.map((test) => test.id)
        setCollapsedIds(allIds)
        redraw()
    })
}

const redraw = () => {
    const { testSubset } = manager

    renderContent(testSubset)
    renderDerived()
}

module.exports = {
    redraw,
    bindEvents,
    renderStatic,
}

},{"./datamanager.js":1,"./dom.js":2,"./filter.js":3,"./sort.js":7,"./storage.js":8}],6:[function(require,module,exports){
class MediaViewer {
    constructor(assets) {
        this.assets = assets
        this.index = 0
    }

    nextActive() {
        this.index = this.index === this.assets.length - 1 ? 0 : this.index + 1
        return [this.activeFile, this.index]
    }

    prevActive() {
        this.index = this.index === 0 ? this.assets.length - 1 : this.index -1
        return [this.activeFile, this.index]
    }

    get currentIndex() {
        return this.index
    }

    get activeFile() {
        return this.assets[this.index]
    }
}


const setup = (resultBody, assets) => {
    if (!assets.length) {
        resultBody.querySelector('.media').classList.add('hidden')
        return
    }

    const mediaViewer = new MediaViewer(assets)
    const container = resultBody.querySelector('.media-container')
    const leftArrow = resultBody.querySelector('.media-container__nav--left')
    const rightArrow = resultBody.querySelector('.media-container__nav--right')
    const mediaName = resultBody.querySelector('.media__name')
    const counter = resultBody.querySelector('.media__counter')
    const imageEl = resultBody.querySelector('img')
    const sourceEl = resultBody.querySelector('source')
    const videoEl = resultBody.querySelector('video')

    const setImg = (media, index) => {
        if (media?.format_type === 'image') {
            imageEl.src = media.path

            imageEl.classList.remove('hidden')
            videoEl.classList.add('hidden')
        } else if (media?.format_type === 'video') {
            sourceEl.src = media.path

            videoEl.classList.remove('hidden')
            imageEl.classList.add('hidden')
        }

        mediaName.innerText = media?.name
        counter.innerText = `${index + 1} / ${assets.length}`
    }
    setImg(mediaViewer.activeFile, mediaViewer.currentIndex)

    const moveLeft = () => {
        const [media, index] = mediaViewer.prevActive()
        setImg(media, index)
    }
    const doRight = () => {
        const [media, index] = mediaViewer.nextActive()
        setImg(media, index)
    }
    const openImg = () => {
        window.open(mediaViewer.activeFile.path, '_blank')
    }
    if (assets.length === 1) {
        container.classList.add('media-container--fullscreen')
    } else {
        leftArrow.addEventListener('click', moveLeft)
        rightArrow.addEventListener('click', doRight)
    }
    imageEl.addEventListener('click', openImg)
}

module.exports = {
    setup,
}

},{}],7:[function(require,module,exports){
const { manager } = require('./datamanager.js')
const storageModule = require('./storage.js')

const genericSort = (list, key, ascending, customOrder) => {
    let sorted
    if (customOrder) {
        sorted = list.sort((a, b) => {
            const aValue = a.result.toLowerCase()
            const bValue = b.result.toLowerCase()

            const aIndex = customOrder.findIndex((item) => item.toLowerCase() === aValue)
            const bIndex = customOrder.findIndex((item) => item.toLowerCase() === bValue)

            // Compare the indices to determine the sort order
            return aIndex - bIndex
        })
    } else {
        sorted = list.sort((a, b) => a[key] === b[key] ? 0 : a[key] > b[key] ? 1 : -1)
    }

    if (ascending) {
        sorted.reverse()
    }
    return sorted
}

const durationSort = (list, ascending) => {
    const parseDuration = (duration) => {
        if (duration.includes(':')) {
            // If it's in the format "HH:mm:ss"
            const [hours, minutes, seconds] = duration.split(':').map(Number)
            return (hours * 3600 + minutes * 60 + seconds) * 1000
        } else {
            // If it's in the format "nnn ms"
            return parseInt(duration)
        }
    }
    const sorted = list.sort((a, b) => parseDuration(a['duration']) - parseDuration(b['duration']))
    if (ascending) {
        sorted.reverse()
    }
    return sorted
}

const doInitSort = () => {
    const type = storageModule.getSort(manager.initialSort)
    const ascending = storageModule.getSortDirection()
    const list = manager.testSubset
    const initialOrder = ['Error', 'Failed', 'Rerun', 'XFailed', 'XPassed', 'Skipped', 'Passed']

    storageModule.setSort(type)
    storageModule.setSortDirection(ascending)

    if (type?.toLowerCase() === 'original') {
        manager.setRender(list)
    } else {
        let sortedList
        switch (type) {
        case 'duration':
            sortedList = durationSort(list, ascending)
            break
        case 'result':
            sortedList = genericSort(list, type, ascending, initialOrder)
            break
        default:
            sortedList = genericSort(list, type, ascending)
            break
        }
        manager.setRender(sortedList)
    }
}

const doSort = (type, skipDirection) => {
    const newSortType = storageModule.getSort(manager.initialSort) !== type
    const currentAsc = storageModule.getSortDirection()
    let ascending
    if (skipDirection) {
        ascending = currentAsc
    } else {
        ascending = newSortType ? false : !currentAsc
    }
    storageModule.setSort(type)
    storageModule.setSortDirection(ascending)

    const list = manager.testSubset
    const sortedList = type === 'duration' ? durationSort(list, ascending) : genericSort(list, type, ascending)
    manager.setRender(sortedList)
}

module.exports = {
    doInitSort,
    doSort,
}

},{"./datamanager.js":1,"./storage.js":8}],8:[function(require,module,exports){
const possibleFilters = [
    'passed',
    'skipped',
    'failed',
    'error',
    'xfailed',
    'xpassed',
    'rerun',
]

const getVisible = () => {
    const url = new URL(window.location.href)
    const settings = new URLSearchParams(url.search).get('visible')
    const lower = (item) => {
        const lowerItem = item.toLowerCase()
        if (possibleFilters.includes(lowerItem)) {
            return lowerItem
        }
        return null
    }
    return settings === null ?
        possibleFilters :
        [...new Set(settings?.split(',').map(lower).filter((item) => item))]
}

const hideCategory = (categoryToHide) => {
    const url = new URL(window.location.href)
    const visibleParams = new URLSearchParams(url.search).get('visible')
    const currentVisible = visibleParams ? visibleParams.split(',') : [...possibleFilters]
    const settings = [...new Set(currentVisible)].filter((f) => f !== categoryToHide).join(',')

    url.searchParams.set('visible', settings)
    window.history.pushState({}, null, unescape(url.href))
}

const showCategory = (categoryToShow) => {
    if (typeof window === 'undefined') {
        return
    }
    const url = new URL(window.location.href)
    const currentVisible = new URLSearchParams(url.search).get('visible')?.split(',').filter(Boolean) ||
        [...possibleFilters]
    const settings = [...new Set([categoryToShow, ...currentVisible])]
    const noFilter = possibleFilters.length === settings.length || !settings.length

    noFilter ? url.searchParams.delete('visible') : url.searchParams.set('visible', settings.join(','))
    window.history.pushState({}, null, unescape(url.href))
}

const getSort = (initialSort) => {
    const url = new URL(window.location.href)
    let sort = new URLSearchParams(url.search).get('sort')
    if (!sort) {
        sort = initialSort || 'result'
    }
    return sort
}

const setSort = (type) => {
    const url = new URL(window.location.href)
    url.searchParams.set('sort', type)
    window.history.pushState({}, null, unescape(url.href))
}

const getCollapsedCategory = (renderCollapsed) => {
    let categories
    if (typeof window !== 'undefined') {
        const url = new URL(window.location.href)
        const collapsedItems = new URLSearchParams(url.search).get('collapsed')
        switch (true) {
        case !renderCollapsed && collapsedItems === null:
            categories = ['passed']
            break
        case collapsedItems?.length === 0 || /^["']{2}$/.test(collapsedItems):
            categories = []
            break
        case /^all$/.test(collapsedItems) || collapsedItems === null && /^all$/.test(renderCollapsed):
            categories = [...possibleFilters]
            break
        default:
            categories = collapsedItems?.split(',').map((item) => item.toLowerCase()) || renderCollapsed
            break
        }
    } else {
        categories = []
    }
    return categories
}

const getSortDirection = () => JSON.parse(sessionStorage.getItem('sortAsc')) || false
const setSortDirection = (ascending) => sessionStorage.setItem('sortAsc', ascending)

const getCollapsedIds = () => JSON.parse(sessionStorage.getItem('collapsedIds')) || []
const setCollapsedIds = (list) => sessionStorage.setItem('collapsedIds', JSON.stringify(list))

module.exports = {
    getVisible,
    hideCategory,
    showCategory,
    getCollapsedIds,
    setCollapsedIds,
    getSort,
    setSort,
    getSortDirection,
    setSortDirection,
    getCollapsedCategory,
    possibleFilters,
}

},{}]},{},[4]);
    </script>
  </footer>
</html>