{"uid":"2b9d9397a7a8d9a1","name":"test_31_file_upload","fullName":"selenium_demoblaze_framework.tests.test_demoblaze_e2e.TestDemoBlazeE2E#test_31_file_upload","historyId":"194d385ce27254f6f0085ec40a67c2b7","time":{"start":1760981316547,"stop":1760981317120,"duration":573},"description":"Test file upload using send_keys with local test server (reliable).","descriptionHtml":"<p>Test file upload using send_keys with local test server (reliable).</p>\n","status":"passed","flaky":false,"newFailed":false,"newBroken":false,"newPassed":true,"retriesCount":0,"retriesStatusChange":false,"beforeStages":[{"name":"_session_faker","time":{"start":1760981101111,"stop":1760981101182,"duration":71},"status":"passed","steps":[],"attachments":[],"parameters":[],"shouldDisplayMessage":false,"stepsCount":0,"attachmentsCount":0,"hasContent":false},{"name":"setup_and_teardown","time":{"start":1760981315583,"stop":1760981316545,"duration":962},"status":"passed","steps":[],"attachments":[],"parameters":[],"shouldDisplayMessage":false,"stepsCount":0,"attachmentsCount":0,"hasContent":false}],"testStage":{"description":"Test file upload using send_keys with local test server (reliable).","status":"passed","steps":[],"attachments":[{"uid":"ffc0b0b7124fca65","name":"log","source":"ffc0b0b7124fca65.txt","type":"text/plain","size":755},{"uid":"e2d827b83085e1d6","name":"stderr","source":"e2d827b83085e1d6.txt","type":"text/plain","size":1112}],"parameters":[],"shouldDisplayMessage":false,"stepsCount":0,"attachmentsCount":2,"hasContent":true},"afterStages":[{"name":"setup_and_teardown::0","time":{"start":1760981317121,"stop":1760981317180,"duration":59},"status":"passed","steps":[],"attachments":[],"parameters":[],"shouldDisplayMessage":false,"stepsCount":0,"attachmentsCount":0,"hasContent":false}],"labels":[{"name":"story","value":"Test File Upload using send_keys (local server)"},{"name":"feature","value":"File Upload"},{"name":"parentSuite","value":"selenium_demoblaze_framework.tests"},{"name":"suite","value":"test_demoblaze_e2e"},{"name":"subSuite","value":"TestDemoBlazeE2E"},{"name":"host","value":"runnervmzdgdc"},{"name":"thread","value":"2828-MainThread"},{"name":"framework","value":"pytest"},{"name":"language","value":"cpython3"},{"name":"package","value":"selenium_demoblaze_framework.tests.test_demoblaze_e2e"},{"name":"resultFormat","value":"allure2"}],"parameters":[],"links":[],"hidden":false,"retry":false,"extra":{"severity":"normal","retries":[],"categories":[],"history":{"statistic":{"failed":0,"broken":3,"skipped":0,"passed":3,"unknown":0,"total":6},"items":[{"uid":"865891f12f9a238b","reportUrl":"https://Roykunaljit.github.io/selenium-demoblaze-automation/15//#testresult/865891f12f9a238b","status":"broken","statusDetails":"selenium.common.exceptions.NoSuchElementException: Message: no such element: Unable to locate element: {\"method\":\"css selector\",\"selector\":\"[id=\"file-upload\"]\"}\n  (Session info: chrome=141.0.7390.107); For documentation on this error, please visit: https://www.selenium.dev/documentation/webdriver/troubleshooting/errors#no-such-element-exception\nStacktrace:\n#0 0x563a4070f67a <unknown>\n#1 0x563a4018e566 <unknown>\n#2 0x563a401e068d <unknown>\n#3 0x563a401e0921 <unknown>\n#4 0x563a4022ee94 <unknown>\n#5 0x563a4020665d <unknown>\n#6 0x563a4022c328 <unknown>\n#7 0x563a40206403 <unknown>\n#8 0x563a401d2b02 <unknown>\n#9 0x563a401d37c1 <unknown>\n#10 0x563a406d3448 <unknown>\n#11 0x563a406d72af <unknown>\n#12 0x563a406ba8d9 <unknown>\n#13 0x563a406d7e55 <unknown>\n#14 0x563a406a013f <unknown>\n#15 0x563a406fc4b8 <unknown>\n#16 0x563a406fc693 <unknown>\n#17 0x563a4070e613 <unknown>\n#18 0x7f241ee9caa4 <unknown>\n#19 0x7f241ef29c6c <unknown>","time":{"start":1760970725321,"stop":1760970739806,"duration":14485}},{"uid":"a3b2d16406c7d65f","reportUrl":"https://Roykunaljit.github.io/selenium-demoblaze-automation/14//#testresult/a3b2d16406c7d65f","status":"broken","statusDetails":"selenium.common.exceptions.NoSuchElementException: Message: no such element: Unable to locate element: {\"method\":\"css selector\",\"selector\":\"[id=\"file-upload\"]\"}\n  (Session info: chrome=141.0.7390.107); For documentation on this error, please visit: https://www.selenium.dev/documentation/webdriver/troubleshooting/errors#no-such-element-exception\nStacktrace:\n#0 0x557bf74b167a <unknown>\n#1 0x557bf6f30566 <unknown>\n#2 0x557bf6f8268d <unknown>\n#3 0x557bf6f82921 <unknown>\n#4 0x557bf6fd0e94 <unknown>\n#5 0x557bf6fa865d <unknown>\n#6 0x557bf6fce328 <unknown>\n#7 0x557bf6fa8403 <unknown>\n#8 0x557bf6f74b02 <unknown>\n#9 0x557bf6f757c1 <unknown>\n#10 0x557bf7475448 <unknown>\n#11 0x557bf74792af <unknown>\n#12 0x557bf745c8d9 <unknown>\n#13 0x557bf7479e55 <unknown>\n#14 0x557bf744213f <unknown>\n#15 0x557bf749e4b8 <unknown>\n#16 0x557bf749e693 <unknown>\n#17 0x557bf74b0613 <unknown>\n#18 0x7fe37089caa4 <unknown>\n#19 0x7fe370929c6c <unknown>","time":{"start":1760968903285,"stop":1760968917646,"duration":14361}},{"uid":"aef6abebf90965f2","reportUrl":"https://Roykunaljit.github.io/selenium-demoblaze-automation/14//#testresult/aef6abebf90965f2","status":"broken","statusDetails":"selenium.common.exceptions.NoSuchElementException: Message: no such element: Unable to locate element: {\"method\":\"css selector\",\"selector\":\"[id=\"file-upload\"]\"}\n  (Session info: chrome=141.0.7390.107); For documentation on this error, please visit: https://www.selenium.dev/documentation/webdriver/troubleshooting/errors#no-such-element-exception\nStacktrace:\n#0 0x55c9774d167a <unknown>\n#1 0x55c976f50566 <unknown>\n#2 0x55c976fa268d <unknown>\n#3 0x55c976fa2921 <unknown>\n#4 0x55c976ff0e94 <unknown>\n#5 0x55c976fc865d <unknown>\n#6 0x55c976fee328 <unknown>\n#7 0x55c976fc8403 <unknown>\n#8 0x55c976f94b02 <unknown>\n#9 0x55c976f957c1 <unknown>\n#10 0x55c977495448 <unknown>\n#11 0x55c9774992af <unknown>\n#12 0x55c97747c8d9 <unknown>\n#13 0x55c977499e55 <unknown>\n#14 0x55c97746213f <unknown>\n#15 0x55c9774be4b8 <unknown>\n#16 0x55c9774be693 <unknown>\n#17 0x55c9774d0613 <unknown>\n#18 0x7f595149caa4 <unknown>\n#19 0x7f5951529c6c <unknown>","time":{"start":1760967893960,"stop":1760967908387,"duration":14427}},{"uid":"92d466b40b96b174","reportUrl":"https://Roykunaljit.github.io/selenium-demoblaze-automation/13//#testresult/92d466b40b96b174","status":"passed","time":{"start":1760782445520,"stop":1760782447954,"duration":2434}},{"uid":"df89e802d93aea92","reportUrl":"https://Roykunaljit.github.io/selenium-demoblaze-automation/12//#testresult/df89e802d93aea92","status":"passed","time":{"start":1760781439004,"stop":1760781441543,"duration":2539}}]},"tags":[]},"source":"2b9d9397a7a8d9a1.json","parameterValues":[]}