{"uid":"bb25de0adaf617cd","name":"test_upload_single_file_send_keys","fullName":"selenium_demoblaze_framework.tests.test_file_upload.TestFileUpload#test_upload_single_file_send_keys","historyId":"35a8cdbd7b78ed863887205b84f104e1","time":{"start":1760970819680,"stop":1760970835493,"duration":15813},"description":"Test single file upload on The Internet.","descriptionHtml":"<p>Test single file upload on The Internet.</p>\n","status":"failed","statusMessage":"AssertionError: File upload failed\nassert False","statusTrace":"self = <tests.test_file_upload.TestFileUpload object at 0x7fe54c162310>\nsetup = None\n\n    def test_upload_single_file_send_keys(self, setup):\n        \"\"\"Test single file upload on The Internet.\"\"\"\n        self.driver.get(\"https://the-internet.herokuapp.com/upload\")\n    \n        absolute_file_path = self.file_upload_utils.create_test_file(\n            \"test_files/sample.txt\",\n            \"Single file test content\"\n        )\n        assert absolute_file_path and os.path.exists(absolute_file_path)\n    \n        try:\n            success = self.file_upload_utils.upload_file_using_send_keys(\n                (By.ID, \"file-upload\"),\n                absolute_file_path\n            )\n>           assert success, \"File upload failed\"\nE           AssertionError: File upload failed\nE           assert False\n\nselenium_demoblaze_framework/tests/test_file_upload.py:151: AssertionError","flaky":false,"newFailed":false,"newBroken":false,"newPassed":false,"retriesCount":0,"retriesStatusChange":false,"beforeStages":[{"name":"_session_faker","time":{"start":1760970507470,"stop":1760970507540,"duration":70},"status":"passed","steps":[],"attachments":[],"parameters":[],"shouldDisplayMessage":false,"stepsCount":0,"attachmentsCount":0,"hasContent":false},{"name":"setup","time":{"start":1760970818933,"stop":1760970819679,"duration":746},"status":"passed","steps":[],"attachments":[],"parameters":[],"shouldDisplayMessage":false,"stepsCount":0,"attachmentsCount":0,"hasContent":false}],"testStage":{"description":"Test single file upload on The Internet.","status":"failed","statusMessage":"AssertionError: File upload failed\nassert False","statusTrace":"self = <tests.test_file_upload.TestFileUpload object at 0x7fe54c162310>\nsetup = None\n\n    def test_upload_single_file_send_keys(self, setup):\n        \"\"\"Test single file upload on The Internet.\"\"\"\n        self.driver.get(\"https://the-internet.herokuapp.com/upload\")\n    \n        absolute_file_path = self.file_upload_utils.create_test_file(\n            \"test_files/sample.txt\",\n            \"Single file test content\"\n        )\n        assert absolute_file_path and os.path.exists(absolute_file_path)\n    \n        try:\n            success = self.file_upload_utils.upload_file_using_send_keys(\n                (By.ID, \"file-upload\"),\n                absolute_file_path\n            )\n>           assert success, \"File upload failed\"\nE           AssertionError: File upload failed\nE           assert False\n\nselenium_demoblaze_framework/tests/test_file_upload.py:151: AssertionError","steps":[],"attachments":[{"uid":"f89740bda33fa01a","name":"log","source":"f89740bda33fa01a.txt","type":"text/plain","size":1297},{"uid":"f3e4ef559c5bb74f","name":"stderr","source":"f3e4ef559c5bb74f.txt","type":"text/plain","size":1368}],"parameters":[],"shouldDisplayMessage":true,"stepsCount":0,"attachmentsCount":2,"hasContent":true},"afterStages":[{"name":"setup::0","time":{"start":1760970835499,"stop":1760970835697,"duration":198},"status":"passed","steps":[],"attachments":[],"parameters":[],"shouldDisplayMessage":false,"stepsCount":0,"attachmentsCount":0,"hasContent":false}],"labels":[{"name":"parentSuite","value":"selenium_demoblaze_framework.tests"},{"name":"suite","value":"test_file_upload"},{"name":"subSuite","value":"TestFileUpload"},{"name":"host","value":"runnervmzdgdc"},{"name":"thread","value":"2816-MainThread"},{"name":"framework","value":"pytest"},{"name":"language","value":"cpython3"},{"name":"package","value":"selenium_demoblaze_framework.tests.test_file_upload"},{"name":"resultFormat","value":"allure2"}],"parameters":[],"links":[],"hidden":false,"retry":false,"extra":{"severity":"normal","retries":[],"categories":[{"name":"Product defects","matchedStatuses":[],"flaky":false}],"history":{"statistic":{"failed":3,"broken":0,"skipped":0,"passed":2,"unknown":0,"total":5},"items":[{"uid":"faf0b50f6080161a","reportUrl":"https://Roykunaljit.github.io/selenium-demoblaze-automation/14//#testresult/faf0b50f6080161a","status":"failed","statusDetails":"AssertionError: File upload failed\nassert False","time":{"start":1760968997219,"stop":1760969012104,"duration":14885}},{"uid":"e40ef93ab1280a0c","reportUrl":"https://Roykunaljit.github.io/selenium-demoblaze-automation/14//#testresult/e40ef93ab1280a0c","status":"failed","statusDetails":"AssertionError: File upload failed\nassert False","time":{"start":1760967933074,"stop":1760967948868,"duration":15794}},{"uid":"e98891bcbaad87d","reportUrl":"https://Roykunaljit.github.io/selenium-demoblaze-automation/13//#testresult/e98891bcbaad87d","status":"passed","time":{"start":1760782461360,"stop":1760782461695,"duration":335}},{"uid":"fa5c53abe4c06e99","reportUrl":"https://Roykunaljit.github.io/selenium-demoblaze-automation/12//#testresult/fa5c53abe4c06e99","status":"passed","time":{"start":1760781457681,"stop":1760781458168,"duration":487}}]},"tags":[]},"source":"bb25de0adaf617cd.json","parameterValues":[]}