{"uid":"ca7655ed983ebbb1","name":"test_check_all_links","fullName":"selenium_demoblaze_framework.tests.test_link_checker.TestLinkChecker#test_check_all_links","historyId":"10509d05b02bf3d393ffc755907c7f37","time":{"start":1760970877851,"stop":1760970892254,"duration":14403},"description":"Test checking all links on a page","descriptionHtml":"<p>Test checking all links on a page</p>\n","status":"failed","statusMessage":"AssertionError: No links found on page\nassert 0 > 0\n +  where 0 = len([])","statusTrace":"self = <tests.test_link_checker.TestLinkChecker object at 0x7fe55d92d0d0>\nsetup = None\n\n    def test_check_all_links(self, setup):\n        \"\"\"Test checking all links on a page\"\"\"\n        self.driver.get(\"https://the-internet.herokuapp.com/\")\n    \n        results = self.link_checker.check_all_links()\n    \n>       assert len(results) > 0, \"No links found on page\"\nE       AssertionError: No links found on page\nE       assert 0 > 0\nE        +  where 0 = len([])\n\nselenium_demoblaze_framework/tests/test_link_checker.py:31: AssertionError","flaky":false,"newFailed":false,"newBroken":false,"newPassed":false,"retriesCount":0,"retriesStatusChange":false,"beforeStages":[{"name":"_session_faker","time":{"start":1760970507470,"stop":1760970507540,"duration":70},"status":"passed","steps":[],"attachments":[],"parameters":[],"shouldDisplayMessage":false,"stepsCount":0,"attachmentsCount":0,"hasContent":false},{"name":"setup","time":{"start":1760970877130,"stop":1760970877850,"duration":720},"status":"passed","steps":[],"attachments":[],"parameters":[],"shouldDisplayMessage":false,"stepsCount":0,"attachmentsCount":0,"hasContent":false}],"testStage":{"description":"Test checking all links on a page","status":"failed","statusMessage":"AssertionError: No links found on page\nassert 0 > 0\n +  where 0 = len([])","statusTrace":"self = <tests.test_link_checker.TestLinkChecker object at 0x7fe55d92d0d0>\nsetup = None\n\n    def test_check_all_links(self, setup):\n        \"\"\"Test checking all links on a page\"\"\"\n        self.driver.get(\"https://the-internet.herokuapp.com/\")\n    \n        results = self.link_checker.check_all_links()\n    \n>       assert len(results) > 0, \"No links found on page\"\nE       AssertionError: No links found on page\nE       assert 0 > 0\nE        +  where 0 = len([])\n\nselenium_demoblaze_framework/tests/test_link_checker.py:31: AssertionError","steps":[],"attachments":[{"uid":"e147dcb9e25783f1","name":"log","source":"e147dcb9e25783f1.txt","type":"text/plain","size":75},{"uid":"af9679e48cab18d0","name":"stderr","source":"af9679e48cab18d0.txt","type":"text/plain","size":91}],"parameters":[],"shouldDisplayMessage":true,"stepsCount":0,"attachmentsCount":2,"hasContent":true},"afterStages":[{"name":"setup::0","time":{"start":1760970892259,"stop":1760970892323,"duration":64},"status":"passed","steps":[],"attachments":[],"parameters":[],"shouldDisplayMessage":false,"stepsCount":0,"attachmentsCount":0,"hasContent":false}],"labels":[{"name":"parentSuite","value":"selenium_demoblaze_framework.tests"},{"name":"suite","value":"test_link_checker"},{"name":"subSuite","value":"TestLinkChecker"},{"name":"host","value":"runnervmzdgdc"},{"name":"thread","value":"2816-MainThread"},{"name":"framework","value":"pytest"},{"name":"language","value":"cpython3"},{"name":"package","value":"selenium_demoblaze_framework.tests.test_link_checker"},{"name":"resultFormat","value":"allure2"}],"parameters":[],"links":[],"hidden":false,"retry":false,"extra":{"severity":"normal","retries":[],"categories":[{"name":"Product defects","matchedStatuses":[],"flaky":false}],"history":{"statistic":{"failed":3,"broken":0,"skipped":0,"passed":2,"unknown":0,"total":5},"items":[{"uid":"87dd9443e077ea17","reportUrl":"https://Roykunaljit.github.io/selenium-demoblaze-automation/14//#testresult/87dd9443e077ea17","status":"failed","statusDetails":"AssertionError: No links found on page\nassert 0 > 0\n +  where 0 = len([])","time":{"start":1760969054245,"stop":1760969069442,"duration":15197}},{"uid":"b3486aaa20dc69fe","reportUrl":"https://Roykunaljit.github.io/selenium-demoblaze-automation/14//#testresult/b3486aaa20dc69fe","status":"failed","statusDetails":"AssertionError: No links found on page\nassert 0 > 0\n +  where 0 = len([])","time":{"start":1760967981495,"stop":1760967996814,"duration":15319}},{"uid":"46025a8957c9a7c4","reportUrl":"https://Roykunaljit.github.io/selenium-demoblaze-automation/13//#testresult/46025a8957c9a7c4","status":"passed","time":{"start":1760782503838,"stop":1760782510516,"duration":6678}},{"uid":"5e65e6c27231b137","reportUrl":"https://Roykunaljit.github.io/selenium-demoblaze-automation/12//#testresult/5e65e6c27231b137","status":"passed","time":{"start":1760781500835,"stop":1760781508459,"duration":7624}}]},"tags":[]},"source":"ca7655ed983ebbb1.json","parameterValues":[]}